Jun 7, 2011 10:53:12 PM org.apache.catalina.core.AprLifecycleListener init
INFO: The APR based Apache Tomcat Native library which allows optimal performance in production environments was not found on the java.library.path: .:/Library/Java/Extensions:/System/Library/Java/Extensions:/usr/lib/java
Jun 7, 2011 10:53:13 PM org.apache.coyote.http11.Http11Protocol init
SEVERE: Error initializing endpoint
java.net.BindException: Address already in use <null>:8080
	at org.apache.tomcat.util.net.JIoEndpoint.init(JIoEndpoint.java:549)
	at org.apache.coyote.http11.Http11Protocol.init(Http11Protocol.java:176)
	at org.apache.catalina.connector.Connector.initialize(Connector.java:1022)
	at org.apache.catalina.core.StandardService.initialize(StandardService.java:703)
	at org.apache.catalina.core.StandardServer.initialize(StandardServer.java:838)
	at org.apache.catalina.startup.Catalina.load(Catalina.java:538)
	at org.apache.catalina.startup.Catalina.load(Catalina.java:562)
	at sun.reflect.NativeMethodAccessorImpl.invoke0(Native Method)
	at sun.reflect.NativeMethodAccessorImpl.invoke(NativeMethodAccessorImpl.java:39)
	at sun.reflect.DelegatingMethodAccessorImpl.invoke(DelegatingMethodAccessorImpl.java:25)
	at java.lang.reflect.Method.invoke(Method.java:597)
	at org.apache.catalina.startup.Bootstrap.load(Bootstrap.java:261)
	at org.apache.catalina.startup.Bootstrap.main(Bootstrap.java:413)
Caused by: java.net.BindException: Address already in use
	at java.net.PlainSocketImpl.socketBind(Native Method)
	at java.net.PlainSocketImpl.bind(PlainSocketImpl.java:383)
	at java.net.ServerSocket.bind(ServerSocket.java:328)
	at java.net.ServerSocket.<init>(ServerSocket.java:194)
	at java.net.ServerSocket.<init>(ServerSocket.java:150)
	at org.apache.tomcat.util.net.DefaultServerSocketFactory.createSocket(DefaultServerSocketFactory.java:50)
	at org.apache.tomcat.util.net.JIoEndpoint.init(JIoEndpoint.java:538)
	... 12 more
Jun 7, 2011 10:53:13 PM org.apache.catalina.core.StandardService initialize
SEVERE: Failed to initialize connector [Connector[HTTP/1.1-8080]]
LifecycleException:  Protocol handler initialization failed: java.net.BindException: Address already in use <null>:8080
	at org.apache.catalina.connector.Connector.initialize(Connector.java:1024)
	at org.apache.catalina.core.StandardService.initialize(StandardService.java:703)
	at org.apache.catalina.core.StandardServer.initialize(StandardServer.java:838)
	at org.apache.catalina.startup.Catalina.load(Catalina.java:538)
	at org.apache.catalina.startup.Catalina.load(Catalina.java:562)
	at sun.reflect.NativeMethodAccessorImpl.invoke0(Native Method)
	at sun.reflect.NativeMethodAccessorImpl.invoke(NativeMethodAccessorImpl.java:39)
	at sun.reflect.DelegatingMethodAccessorImpl.invoke(DelegatingMethodAccessorImpl.java:25)
	at java.lang.reflect.Method.invoke(Method.java:597)
	at org.apache.catalina.startup.Bootstrap.load(Bootstrap.java:261)
	at org.apache.catalina.startup.Bootstrap.main(Bootstrap.java:413)
Jun 7, 2011 10:53:13 PM org.apache.catalina.startup.Catalina load
INFO: Initialization processed in 1769 ms
Jun 7, 2011 10:53:13 PM org.apache.catalina.core.StandardService start
INFO: Starting service Catalina
Jun 7, 2011 10:53:13 PM org.apache.catalina.core.StandardEngine start
INFO: Starting Servlet Engine: Apache Tomcat/6.0.32
Jun 7, 2011 10:53:13 PM org.apache.catalina.startup.HostConfig deployDescriptor
INFO: Deploying configuration descriptor host-manager.xml
Jun 7, 2011 10:53:14 PM org.apache.catalina.startup.HostConfig deployDescriptor
INFO: Deploying configuration descriptor manager.xml
Jun 7, 2011 10:53:14 PM org.apache.catalina.startup.HostConfig deployWAR
INFO: Deploying web application archive solr.war
Jun 7, 2011 10:53:15 PM org.apache.solr.core.SolrResourceLoader locateSolrHome
INFO: Using JNDI solr.home: /apache-tomcat-6.0.32/webapps/solr_site/
Jun 7, 2011 10:53:15 PM org.apache.solr.core.SolrResourceLoader <init>
INFO: Solr home set to '/apache-tomcat-6.0.32/webapps/solr_site/'
Jun 7, 2011 10:53:15 PM org.apache.solr.servlet.SolrDispatchFilter init
INFO: SolrDispatchFilter.init()
Jun 7, 2011 10:53:15 PM org.apache.solr.core.SolrResourceLoader locateSolrHome
INFO: Using JNDI solr.home: /apache-tomcat-6.0.32/webapps/solr_site/
Jun 7, 2011 10:53:15 PM org.apache.solr.core.CoreContainer$Initializer initialize
INFO: looking for solr.xml: /apache-tomcat-6.0.32/webapps/solr_site/solr.xml
Jun 7, 2011 10:53:15 PM org.apache.solr.core.SolrResourceLoader locateSolrHome
INFO: Using JNDI solr.home: /apache-tomcat-6.0.32/webapps/solr_site/
Jun 7, 2011 10:53:15 PM org.apache.solr.core.CoreContainer <init>
INFO: New CoreContainer: solrHome=/apache-tomcat-6.0.32/webapps/solr_site/ instance=1277634913
Jun 7, 2011 10:53:15 PM org.apache.solr.core.SolrResourceLoader <init>
INFO: Solr home set to '/apache-tomcat-6.0.32/webapps/solr_site/'
Jun 7, 2011 10:53:15 PM org.apache.solr.core.SolrResourceLoader <init>
INFO: Solr home set to '/apache-tomcat-6.0.32/webapps/solr_site/./'
Jun 7, 2011 10:53:15 PM org.apache.solr.core.SolrConfig initLibs
INFO: Adding specified lib dirs to ClassLoader
Jun 7, 2011 10:53:15 PM org.apache.solr.core.SolrConfig <init>
INFO: Using Lucene MatchVersion: LUCENE_32
Jun 7, 2011 10:53:16 PM org.apache.solr.core.SolrConfig <init>
INFO: Loaded SolrConfig: solrconfig.xml
Jun 7, 2011 10:53:16 PM org.apache.solr.schema.IndexSchema readSchema
INFO: Reading Solr Schema
Jun 7, 2011 10:53:16 PM org.apache.solr.schema.IndexSchema readSchema
INFO: Schema name=example
Jun 7, 2011 10:53:16 PM org.apache.solr.util.plugin.AbstractPluginLoader load
INFO: created string: org.apache.solr.schema.StrField
Jun 7, 2011 10:53:16 PM org.apache.solr.util.plugin.AbstractPluginLoader load
INFO: created boolean: org.apache.solr.schema.BoolField
Jun 7, 2011 10:53:16 PM org.apache.solr.util.plugin.AbstractPluginLoader load
INFO: created binary: org.apache.solr.schema.BinaryField
Jun 7, 2011 10:53:16 PM org.apache.solr.util.plugin.AbstractPluginLoader load
INFO: created int: org.apache.solr.schema.TrieIntField
Jun 7, 2011 10:53:16 PM org.apache.solr.util.plugin.AbstractPluginLoader load
INFO: created float: org.apache.solr.schema.TrieFloatField
Jun 7, 2011 10:53:16 PM org.apache.solr.util.plugin.AbstractPluginLoader load
INFO: created long: org.apache.solr.schema.TrieLongField
Jun 7, 2011 10:53:16 PM org.apache.solr.util.plugin.AbstractPluginLoader load
INFO: created double: org.apache.solr.schema.TrieDoubleField
Jun 7, 2011 10:53:16 PM org.apache.solr.util.plugin.AbstractPluginLoader load
INFO: created tint: org.apache.solr.schema.TrieIntField
Jun 7, 2011 10:53:16 PM org.apache.solr.util.plugin.AbstractPluginLoader load
INFO: created tfloat: org.apache.solr.schema.TrieFloatField
Jun 7, 2011 10:53:16 PM org.apache.solr.util.plugin.AbstractPluginLoader load
INFO: created tlong: org.apache.solr.schema.TrieLongField
Jun 7, 2011 10:53:16 PM org.apache.solr.util.plugin.AbstractPluginLoader load
INFO: created tdouble: org.apache.solr.schema.TrieDoubleField
Jun 7, 2011 10:53:16 PM org.apache.solr.util.plugin.AbstractPluginLoader load
INFO: created date: org.apache.solr.schema.TrieDateField
Jun 7, 2011 10:53:16 PM org.apache.solr.util.plugin.AbstractPluginLoader load
INFO: created tdate: org.apache.solr.schema.TrieDateField
Jun 7, 2011 10:53:16 PM org.apache.solr.util.plugin.AbstractPluginLoader load
INFO: created pint: org.apache.solr.schema.IntField
Jun 7, 2011 10:53:16 PM org.apache.solr.util.plugin.AbstractPluginLoader load
INFO: created plong: org.apache.solr.schema.LongField
Jun 7, 2011 10:53:16 PM org.apache.solr.util.plugin.AbstractPluginLoader load
INFO: created pfloat: org.apache.solr.schema.FloatField
Jun 7, 2011 10:53:16 PM org.apache.solr.util.plugin.AbstractPluginLoader load
INFO: created pdouble: org.apache.solr.schema.DoubleField
Jun 7, 2011 10:53:16 PM org.apache.solr.util.plugin.AbstractPluginLoader load
INFO: created pdate: org.apache.solr.schema.DateField
Jun 7, 2011 10:53:16 PM org.apache.solr.util.plugin.AbstractPluginLoader load
INFO: created sint: org.apache.solr.schema.SortableIntField
Jun 7, 2011 10:53:16 PM org.apache.solr.util.plugin.AbstractPluginLoader load
INFO: created slong: org.apache.solr.schema.SortableLongField
Jun 7, 2011 10:53:16 PM org.apache.solr.util.plugin.AbstractPluginLoader load
INFO: created sfloat: org.apache.solr.schema.SortableFloatField
Jun 7, 2011 10:53:16 PM org.apache.solr.util.plugin.AbstractPluginLoader load
INFO: created sdouble: org.apache.solr.schema.SortableDoubleField
Jun 7, 2011 10:53:16 PM org.apache.solr.util.plugin.AbstractPluginLoader load
INFO: created random: org.apache.solr.schema.RandomSortField
Jun 7, 2011 10:53:16 PM org.apache.solr.util.plugin.AbstractPluginLoader load
INFO: created : org.apache.solr.analysis.WhitespaceTokenizerFactory
Jun 7, 2011 10:53:16 PM org.apache.solr.util.plugin.AbstractPluginLoader load
INFO: created text_ws: org.apache.solr.schema.TextField
Jun 7, 2011 10:53:16 PM org.apache.solr.util.plugin.AbstractPluginLoader load
INFO: created : org.apache.solr.analysis.WhitespaceTokenizerFactory
Jun 7, 2011 10:53:16 PM org.apache.solr.util.plugin.AbstractPluginLoader load
INFO: created : org.apache.solr.analysis.SynonymFilterFactory
Jun 7, 2011 10:53:16 PM org.apache.solr.util.plugin.AbstractPluginLoader load
INFO: created : org.apache.solr.analysis.StopFilterFactory
Jun 7, 2011 10:53:16 PM org.apache.solr.util.plugin.AbstractPluginLoader load
INFO: created : org.apache.solr.analysis.WordDelimiterFilterFactory
Jun 7, 2011 10:53:16 PM org.apache.solr.util.plugin.AbstractPluginLoader load
INFO: created : org.apache.solr.analysis.LowerCaseFilterFactory
Jun 7, 2011 10:53:16 PM org.apache.solr.util.plugin.AbstractPluginLoader load
INFO: created : org.apache.solr.analysis.KeywordMarkerFilterFactory
Jun 7, 2011 10:53:16 PM org.apache.solr.util.plugin.AbstractPluginLoader load
INFO: created : org.apache.solr.analysis.PorterStemFilterFactory
Jun 7, 2011 10:53:16 PM org.apache.solr.util.plugin.AbstractPluginLoader load
INFO: created : org.apache.solr.analysis.WhitespaceTokenizerFactory
Jun 7, 2011 10:53:16 PM org.apache.solr.util.plugin.AbstractPluginLoader load
INFO: created : org.apache.solr.analysis.StopFilterFactory
Jun 7, 2011 10:53:16 PM org.apache.solr.util.plugin.AbstractPluginLoader load
INFO: created : org.apache.solr.analysis.WordDelimiterFilterFactory
Jun 7, 2011 10:53:16 PM org.apache.solr.util.plugin.AbstractPluginLoader load
INFO: created : org.apache.solr.analysis.LowerCaseFilterFactory
Jun 7, 2011 10:53:16 PM org.apache.solr.util.plugin.AbstractPluginLoader load
INFO: created : org.apache.solr.analysis.KeywordMarkerFilterFactory
Jun 7, 2011 10:53:16 PM org.apache.solr.util.plugin.AbstractPluginLoader load
INFO: created : org.apache.solr.analysis.PorterStemFilterFactory
Jun 7, 2011 10:53:16 PM org.apache.solr.util.plugin.AbstractPluginLoader load
INFO: created text: org.apache.solr.schema.TextField
Jun 7, 2011 10:53:16 PM org.apache.solr.util.plugin.AbstractPluginLoader load
INFO: created : org.apache.solr.analysis.WhitespaceTokenizerFactory
Jun 7, 2011 10:53:16 PM org.apache.solr.util.plugin.AbstractPluginLoader load
INFO: created : org.apache.solr.analysis.SynonymFilterFactory
Jun 7, 2011 10:53:16 PM org.apache.solr.util.plugin.AbstractPluginLoader load
INFO: created : org.apache.solr.analysis.StopFilterFactory
Jun 7, 2011 10:53:16 PM org.apache.solr.util.plugin.AbstractPluginLoader load
INFO: created : org.apache.solr.analysis.WordDelimiterFilterFactory
Jun 7, 2011 10:53:16 PM org.apache.solr.util.plugin.AbstractPluginLoader load
INFO: created : org.apache.solr.analysis.LowerCaseFilterFactory
Jun 7, 2011 10:53:16 PM org.apache.solr.util.plugin.AbstractPluginLoader load
INFO: created : org.apache.solr.analysis.KeywordMarkerFilterFactory
Jun 7, 2011 10:53:16 PM org.apache.solr.util.plugin.AbstractPluginLoader load
INFO: created : org.apache.solr.analysis.EnglishMinimalStemFilterFactory
Jun 7, 2011 10:53:16 PM org.apache.solr.util.plugin.AbstractPluginLoader load
INFO: created : org.apache.solr.analysis.RemoveDuplicatesTokenFilterFactory
Jun 7, 2011 10:53:16 PM org.apache.solr.util.plugin.AbstractPluginLoader load
INFO: created textTight: org.apache.solr.schema.TextField
Jun 7, 2011 10:53:16 PM org.apache.solr.util.plugin.AbstractPluginLoader load
INFO: created : org.apache.solr.analysis.WhitespaceTokenizerFactory
Jun 7, 2011 10:53:16 PM org.apache.solr.util.plugin.AbstractPluginLoader load
INFO: created : org.apache.solr.analysis.SynonymFilterFactory
Jun 7, 2011 10:53:16 PM org.apache.solr.util.plugin.AbstractPluginLoader load
INFO: created : org.apache.solr.analysis.StopFilterFactory
Jun 7, 2011 10:53:16 PM org.apache.solr.util.plugin.AbstractPluginLoader load
INFO: created : org.apache.solr.analysis.WordDelimiterFilterFactory
Jun 7, 2011 10:53:16 PM org.apache.solr.util.plugin.AbstractPluginLoader load
INFO: created : org.apache.solr.analysis.LowerCaseFilterFactory
Jun 7, 2011 10:53:16 PM org.apache.solr.util.plugin.AbstractPluginLoader load
INFO: created : org.apache.solr.analysis.WhitespaceTokenizerFactory
Jun 7, 2011 10:53:16 PM org.apache.solr.util.plugin.AbstractPluginLoader load
INFO: created : org.apache.solr.analysis.StopFilterFactory
Jun 7, 2011 10:53:16 PM org.apache.solr.util.plugin.AbstractPluginLoader load
INFO: created : org.apache.solr.analysis.WordDelimiterFilterFactory
Jun 7, 2011 10:53:16 PM org.apache.solr.util.plugin.AbstractPluginLoader load
INFO: created : org.apache.solr.analysis.LowerCaseFilterFactory
Jun 7, 2011 10:53:16 PM org.apache.solr.util.plugin.AbstractPluginLoader load
INFO: created textgen: org.apache.solr.schema.TextField
Jun 7, 2011 10:53:16 PM org.apache.solr.util.plugin.AbstractPluginLoader load
INFO: created : org.apache.solr.analysis.WhitespaceTokenizerFactory
Jun 7, 2011 10:53:16 PM org.apache.solr.util.plugin.AbstractPluginLoader load
INFO: created : org.apache.solr.analysis.SynonymFilterFactory
Jun 7, 2011 10:53:16 PM org.apache.solr.util.plugin.AbstractPluginLoader load
INFO: created : org.apache.solr.analysis.StopFilterFactory
Jun 7, 2011 10:53:16 PM org.apache.solr.util.plugin.AbstractPluginLoader load
INFO: created : org.apache.solr.analysis.WordDelimiterFilterFactory
Jun 7, 2011 10:53:16 PM org.apache.solr.util.plugin.AbstractPluginLoader load
INFO: created : org.apache.solr.analysis.LowerCaseFilterFactory
Jun 7, 2011 10:53:16 PM org.apache.solr.util.plugin.AbstractPluginLoader load
INFO: created : org.apache.solr.analysis.WhitespaceTokenizerFactory
Jun 7, 2011 10:53:16 PM org.apache.solr.util.plugin.AbstractPluginLoader load
INFO: created : org.apache.solr.analysis.StopFilterFactory
Jun 7, 2011 10:53:16 PM org.apache.solr.util.plugin.AbstractPluginLoader load
INFO: created : org.apache.solr.analysis.WordDelimiterFilterFactory
Jun 7, 2011 10:53:16 PM org.apache.solr.util.plugin.AbstractPluginLoader load
INFO: created : org.apache.solr.analysis.LowerCaseFilterFactory
Jun 7, 2011 10:53:16 PM org.apache.solr.util.plugin.AbstractPluginLoader load
INFO: created : org.apache.solr.analysis.ReversedWildcardFilterFactory
Jun 7, 2011 10:53:16 PM org.apache.solr.util.plugin.AbstractPluginLoader load
INFO: created text_rev: org.apache.solr.schema.TextField
Jun 7, 2011 10:53:16 PM org.apache.solr.util.plugin.AbstractPluginLoader load
INFO: created : org.apache.solr.analysis.KeywordTokenizerFactory
Jun 7, 2011 10:53:16 PM org.apache.solr.util.plugin.AbstractPluginLoader load
INFO: created : org.apache.solr.analysis.LowerCaseFilterFactory
Jun 7, 2011 10:53:16 PM org.apache.solr.util.plugin.AbstractPluginLoader load
INFO: created : org.apache.solr.analysis.TrimFilterFactory
Jun 7, 2011 10:53:16 PM org.apache.solr.util.plugin.AbstractPluginLoader load
INFO: created : org.apache.solr.analysis.PatternReplaceFilterFactory
Jun 7, 2011 10:53:16 PM org.apache.solr.util.plugin.AbstractPluginLoader load
INFO: created alphaOnlySort: org.apache.solr.schema.TextField
Jun 7, 2011 10:53:16 PM org.apache.solr.util.plugin.AbstractPluginLoader load
INFO: created : org.apache.solr.analysis.StandardTokenizerFactory
Jun 7, 2011 10:53:16 PM org.apache.solr.util.plugin.AbstractPluginLoader load
INFO: created : org.apache.solr.analysis.DoubleMetaphoneFilterFactory
Jun 7, 2011 10:53:16 PM org.apache.solr.util.plugin.AbstractPluginLoader load
INFO: created phonetic: org.apache.solr.schema.TextField
Jun 7, 2011 10:53:16 PM org.apache.solr.util.plugin.AbstractPluginLoader load
INFO: created : org.apache.solr.analysis.WhitespaceTokenizerFactory
Jun 7, 2011 10:53:16 PM org.apache.solr.util.plugin.AbstractPluginLoader load
INFO: created : org.apache.solr.analysis.DelimitedPayloadTokenFilterFactory
Jun 7, 2011 10:53:16 PM org.apache.solr.util.plugin.AbstractPluginLoader load
INFO: created payloads: org.apache.solr.schema.TextField
Jun 7, 2011 10:53:16 PM org.apache.solr.util.plugin.AbstractPluginLoader load
INFO: created : org.apache.solr.analysis.KeywordTokenizerFactory
Jun 7, 2011 10:53:16 PM org.apache.solr.util.plugin.AbstractPluginLoader load
INFO: created : org.apache.solr.analysis.LowerCaseFilterFactory
Jun 7, 2011 10:53:16 PM org.apache.solr.util.plugin.AbstractPluginLoader load
INFO: created lowercase: org.apache.solr.schema.TextField
Jun 7, 2011 10:53:16 PM org.apache.solr.util.plugin.AbstractPluginLoader load
INFO: created : org.apache.solr.analysis.PathHierarchyTokenizerFactory
Jun 7, 2011 10:53:16 PM org.apache.solr.util.plugin.AbstractPluginLoader load
INFO: created text_path: org.apache.solr.schema.TextField
Jun 7, 2011 10:53:16 PM org.apache.solr.util.plugin.AbstractPluginLoader load
INFO: created ignored: org.apache.solr.schema.StrField
Jun 7, 2011 10:53:16 PM org.apache.solr.util.plugin.AbstractPluginLoader load
INFO: created point: org.apache.solr.schema.PointType
Jun 7, 2011 10:53:16 PM org.apache.solr.util.plugin.AbstractPluginLoader load
INFO: created location: org.apache.solr.schema.LatLonType
Jun 7, 2011 10:53:16 PM org.apache.solr.util.plugin.AbstractPluginLoader load
INFO: created geohash: org.apache.solr.schema.GeoHashField
Jun 7, 2011 10:53:16 PM org.apache.solr.schema.IndexSchema readSchema
INFO: default search field is text
Jun 7, 2011 10:53:16 PM org.apache.solr.schema.IndexSchema readSchema
INFO: query parser default operator is OR
Jun 7, 2011 10:53:16 PM org.apache.solr.schema.IndexSchema readSchema
INFO: unique key field: id
Jun 7, 2011 10:53:16 PM org.apache.solr.core.SolrCore <init>
INFO: [] Opening new SolrCore at /apache-tomcat-6.0.32/webapps/solr_site/./, dataDir=/apache-tomcat-6.0.32/webapps/solr_site/data/
Jun 7, 2011 10:53:16 PM org.apache.solr.core.JmxMonitoredMap <init>
INFO: JMX monitoring is enabled. Adding Solr mbeans to JMX Server: com.sun.jmx.mbeanserver.JmxMBeanServer@6686fe26
Jun 7, 2011 10:53:17 PM org.apache.solr.core.SolrCore initListeners
INFO: [] Added SolrEventListener for newSearcher: org.apache.solr.core.QuerySenderListener{queries=[]}
Jun 7, 2011 10:53:17 PM org.apache.solr.core.SolrCore initListeners
INFO: [] Added SolrEventListener for firstSearcher: org.apache.solr.core.QuerySenderListener{queries=[{q=static firstSearcher warming in solrconfig.xml}]}
Jun 7, 2011 10:53:17 PM org.apache.solr.response.XSLTResponseWriter init
INFO: xsltCacheLifetimeSeconds=5
Jun 7, 2011 10:53:17 PM org.apache.solr.core.RequestHandlers initHandlersFromConfig
INFO: created search: solr.SearchHandler
Jun 7, 2011 10:53:17 PM org.apache.solr.core.RequestHandlers initHandlersFromConfig
INFO: created /browse: solr.SearchHandler
Jun 7, 2011 10:53:17 PM org.apache.solr.core.RequestHandlers initHandlersFromConfig
INFO: created /update: solr.XmlUpdateRequestHandler
Jun 7, 2011 10:53:17 PM org.apache.solr.core.RequestHandlers initHandlersFromConfig
INFO: created /update/javabin: solr.BinaryUpdateRequestHandler
Jun 7, 2011 10:53:17 PM org.apache.solr.core.RequestHandlers initHandlersFromConfig
INFO: adding lazy requestHandler: solr.CSVRequestHandler
Jun 7, 2011 10:53:17 PM org.apache.solr.core.RequestHandlers initHandlersFromConfig
INFO: created /update/csv: solr.CSVRequestHandler
Jun 7, 2011 10:53:17 PM org.apache.solr.core.RequestHandlers initHandlersFromConfig
INFO: adding lazy requestHandler: solr.JsonUpdateRequestHandler
Jun 7, 2011 10:53:17 PM org.apache.solr.core.RequestHandlers initHandlersFromConfig
INFO: created /update/json: solr.JsonUpdateRequestHandler
Jun 7, 2011 10:53:17 PM org.apache.solr.core.RequestHandlers initHandlersFromConfig
INFO: adding lazy requestHandler: solr.extraction.ExtractingRequestHandler
Jun 7, 2011 10:53:17 PM org.apache.solr.core.RequestHandlers initHandlersFromConfig
INFO: created /update/extract: solr.extraction.ExtractingRequestHandler
Jun 7, 2011 10:53:17 PM org.apache.solr.core.RequestHandlers initHandlersFromConfig
INFO: adding lazy requestHandler: solr.FieldAnalysisRequestHandler
Jun 7, 2011 10:53:17 PM org.apache.solr.core.RequestHandlers initHandlersFromConfig
INFO: created /analysis/field: solr.FieldAnalysisRequestHandler
Jun 7, 2011 10:53:17 PM org.apache.solr.core.RequestHandlers initHandlersFromConfig
INFO: adding lazy requestHandler: solr.DocumentAnalysisRequestHandler
Jun 7, 2011 10:53:17 PM org.apache.solr.core.RequestHandlers initHandlersFromConfig
INFO: created /analysis/document: solr.DocumentAnalysisRequestHandler
Jun 7, 2011 10:53:17 PM org.apache.solr.core.RequestHandlers initHandlersFromConfig
INFO: created /admin/: solr.admin.AdminHandlers
Jun 7, 2011 10:53:17 PM org.apache.solr.core.RequestHandlers initHandlersFromConfig
INFO: created /admin/ping: solr.PingRequestHandler
Jun 7, 2011 10:53:17 PM org.apache.solr.core.RequestHandlers initHandlersFromConfig
INFO: created /debug/dump: solr.DumpRequestHandler
Jun 7, 2011 10:53:17 PM org.apache.solr.core.RequestHandlers initHandlersFromConfig
INFO: adding lazy requestHandler: solr.SearchHandler
Jun 7, 2011 10:53:17 PM org.apache.solr.core.RequestHandlers initHandlersFromConfig
INFO: created /spell: solr.SearchHandler
Jun 7, 2011 10:53:17 PM org.apache.solr.core.RequestHandlers initHandlersFromConfig
INFO: adding lazy requestHandler: solr.SearchHandler
Jun 7, 2011 10:53:17 PM org.apache.solr.core.RequestHandlers initHandlersFromConfig
INFO: created tvrh: solr.SearchHandler
Jun 7, 2011 10:53:17 PM org.apache.solr.core.RequestHandlers initHandlersFromConfig
INFO: adding lazy requestHandler: solr.SearchHandler
Jun 7, 2011 10:53:17 PM org.apache.solr.core.RequestHandlers initHandlersFromConfig
INFO: created /terms: solr.SearchHandler
Jun 7, 2011 10:53:17 PM org.apache.solr.core.RequestHandlers initHandlersFromConfig
INFO: adding lazy requestHandler: solr.SearchHandler
Jun 7, 2011 10:53:17 PM org.apache.solr.core.RequestHandlers initHandlersFromConfig
INFO: created /elevate: solr.SearchHandler
Jun 7, 2011 10:53:17 PM org.apache.solr.search.SolrIndexSearcher <init>
INFO: Opening Searcher@67723c7f main
Jun 7, 2011 10:53:17 PM org.apache.solr.update.DirectUpdateHandler2$CommitTracker <init>
INFO: AutoCommit: disabled
Jun 7, 2011 10:53:17 PM org.apache.solr.handler.component.SpellCheckComponent inform
INFO: Initializing spell checkers
Jun 7, 2011 10:53:18 PM org.apache.solr.handler.component.SpellCheckComponent inform
WARNING: No queryConverter defined, using default converter
Jun 7, 2011 10:53:18 PM org.apache.solr.handler.component.QueryElevationComponent inform
INFO: Loading QueryElevation from: /apache-tomcat-6.0.32/webapps/solr_site/./conf/elevate.xml
Jun 7, 2011 10:53:18 PM org.apache.solr.handler.component.SearchHandler inform
INFO: Adding  component:org.apache.solr.handler.component.QueryComponent@3c0b655a
Jun 7, 2011 10:53:18 PM org.apache.solr.handler.component.SearchHandler inform
INFO: Adding  component:org.apache.solr.handler.component.FacetComponent@102b1682
Jun 7, 2011 10:53:18 PM org.apache.solr.handler.component.SearchHandler inform
INFO: Adding  component:org.apache.solr.handler.component.MoreLikeThisComponent@7cd2b918
Jun 7, 2011 10:53:18 PM org.apache.solr.handler.component.SearchHandler inform
INFO: Adding  component:org.apache.solr.handler.component.HighlightComponent@6e7616ad
Jun 7, 2011 10:53:18 PM org.apache.solr.handler.component.SearchHandler inform
INFO: Adding  component:org.apache.solr.handler.component.StatsComponent@acaf083
Jun 7, 2011 10:53:18 PM org.apache.solr.handler.component.SearchHandler inform
INFO: Adding  debug component:org.apache.solr.handler.component.DebugComponent@11742dfe
Jun 7, 2011 10:53:18 PM org.apache.solr.handler.component.SearchHandler inform
INFO: Adding  component:org.apache.solr.handler.component.QueryComponent@3c0b655a
Jun 7, 2011 10:53:18 PM org.apache.solr.handler.component.SearchHandler inform
INFO: Adding  component:org.apache.solr.handler.component.FacetComponent@102b1682
Jun 7, 2011 10:53:18 PM org.apache.solr.handler.component.SearchHandler inform
INFO: Adding  component:org.apache.solr.handler.component.MoreLikeThisComponent@7cd2b918
Jun 7, 2011 10:53:18 PM org.apache.solr.handler.component.SearchHandler inform
INFO: Adding  component:org.apache.solr.handler.component.HighlightComponent@6e7616ad
Jun 7, 2011 10:53:18 PM org.apache.solr.handler.component.SearchHandler inform
INFO: Adding  component:org.apache.solr.handler.component.StatsComponent@acaf083
Jun 7, 2011 10:53:18 PM org.apache.solr.handler.component.SearchHandler inform
INFO: Adding  component:org.apache.solr.handler.component.SpellCheckComponent@627787a5
Jun 7, 2011 10:53:18 PM org.apache.solr.handler.component.SearchHandler inform
INFO: Adding  debug component:org.apache.solr.handler.component.DebugComponent@11742dfe
Jun 7, 2011 10:53:18 PM org.apache.solr.core.CoreContainer register
INFO: registering core: 
Jun 7, 2011 10:53:18 PM org.apache.solr.servlet.SolrDispatchFilter init
INFO: user.dir=/apache-tomcat-6.0.32/bin
Jun 7, 2011 10:53:18 PM org.apache.solr.servlet.SolrDispatchFilter init
INFO: SolrDispatchFilter.init() done
Jun 7, 2011 10:53:18 PM org.apache.solr.servlet.SolrServlet init
INFO: SolrServlet.init()
Jun 7, 2011 10:53:18 PM org.apache.solr.core.SolrResourceLoader locateSolrHome
INFO: Using JNDI solr.home: /apache-tomcat-6.0.32/webapps/solr_site/
Jun 7, 2011 10:53:18 PM org.apache.solr.servlet.SolrServlet init
INFO: SolrServlet.init() done
Jun 7, 2011 10:53:18 PM org.apache.solr.core.SolrResourceLoader locateSolrHome
INFO: Using JNDI solr.home: /apache-tomcat-6.0.32/webapps/solr_site/
Jun 7, 2011 10:53:18 PM org.apache.solr.servlet.SolrUpdateServlet init
INFO: SolrUpdateServlet.init() done
Jun 7, 2011 10:53:18 PM org.apache.catalina.startup.HostConfig deployDirectory
INFO: Deploying web application directory docs
Jun 7, 2011 10:53:18 PM org.apache.solr.core.QuerySenderListener newSearcher
INFO: QuerySenderListener sending requests to Searcher@67723c7f main
Jun 7, 2011 10:53:18 PM org.apache.catalina.startup.HostConfig deployDirectory
INFO: Deploying web application directory examples
Jun 7, 2011 10:53:18 PM org.apache.solr.core.SolrCore execute
INFO: [] webapp=null path=null params={event=firstSearcher&q=static+firstSearcher+warming+in+solrconfig.xml} hits=0 status=0 QTime=726 
Jun 7, 2011 10:53:18 PM org.apache.solr.core.QuerySenderListener newSearcher
INFO: QuerySenderListener done.
Jun 7, 2011 10:53:18 PM org.apache.solr.handler.component.SpellCheckComponent$SpellCheckerListener newSearcher
INFO: Loading spell index for spellchecker: default
Jun 7, 2011 10:53:18 PM org.apache.solr.core.SolrCore registerSearcher
INFO: [] Registered new searcher Searcher@67723c7f main
Jun 7, 2011 10:53:19 PM org.apache.catalina.startup.HostConfig deployDirectory
INFO: Deploying web application directory ROOT
Jun 7, 2011 10:53:19 PM org.apache.catalina.startup.HostConfig deployDirectory
INFO: Deploying web application directory solr_site
Jun 7, 2011 10:53:19 PM org.apache.coyote.http11.Http11Protocol start
SEVERE: Error starting endpoint
java.net.BindException: Address already in use <null>:8080
	at org.apache.tomcat.util.net.JIoEndpoint.init(JIoEndpoint.java:549)
	at org.apache.tomcat.util.net.JIoEndpoint.start(JIoEndpoint.java:565)
	at org.apache.coyote.http11.Http11Protocol.start(Http11Protocol.java:203)
	at org.apache.catalina.connector.Connector.start(Connector.java:1095)
	at org.apache.catalina.core.StandardService.start(StandardService.java:540)
	at org.apache.catalina.core.StandardServer.start(StandardServer.java:754)
	at org.apache.catalina.startup.Catalina.start(Catalina.java:595)
	at sun.reflect.NativeMethodAccessorImpl.invoke0(Native Method)
	at sun.reflect.NativeMethodAccessorImpl.invoke(NativeMethodAccessorImpl.java:39)
	at sun.reflect.DelegatingMethodAccessorImpl.invoke(DelegatingMethodAccessorImpl.java:25)
	at java.lang.reflect.Method.invoke(Method.java:597)
	at org.apache.catalina.startup.Bootstrap.start(Bootstrap.java:289)
	at org.apache.catalina.startup.Bootstrap.main(Bootstrap.java:414)
Caused by: java.net.BindException: Address already in use
	at java.net.PlainSocketImpl.socketBind(Native Method)
	at java.net.PlainSocketImpl.bind(PlainSocketImpl.java:383)
	at java.net.ServerSocket.bind(ServerSocket.java:328)
	at java.net.ServerSocket.<init>(ServerSocket.java:194)
	at java.net.ServerSocket.<init>(ServerSocket.java:150)
	at org.apache.tomcat.util.net.DefaultServerSocketFactory.createSocket(DefaultServerSocketFactory.java:50)
	at org.apache.tomcat.util.net.JIoEndpoint.init(JIoEndpoint.java:538)
	... 12 more
Jun 7, 2011 10:53:19 PM org.apache.catalina.core.StandardService start
SEVERE: Failed to start connector [Connector[HTTP/1.1-8080]]
LifecycleException:  service.getName(): "Catalina";  Protocol handler start failed: java.net.BindException: Address already in use <null>:8080
	at org.apache.catalina.connector.Connector.start(Connector.java:1102)
	at org.apache.catalina.core.StandardService.start(StandardService.java:540)
	at org.apache.catalina.core.StandardServer.start(StandardServer.java:754)
	at org.apache.catalina.startup.Catalina.start(Catalina.java:595)
	at sun.reflect.NativeMethodAccessorImpl.invoke0(Native Method)
	at sun.reflect.NativeMethodAccessorImpl.invoke(NativeMethodAccessorImpl.java:39)
	at sun.reflect.DelegatingMethodAccessorImpl.invoke(DelegatingMethodAccessorImpl.java:25)
	at java.lang.reflect.Method.invoke(Method.java:597)
	at org.apache.catalina.startup.Bootstrap.start(Bootstrap.java:289)
	at org.apache.catalina.startup.Bootstrap.main(Bootstrap.java:414)
Jun 7, 2011 10:53:20 PM org.apache.jk.common.ChannelSocket init
INFO: Port busy 8009 java.net.BindException: Address already in use
Jun 7, 2011 10:53:20 PM org.apache.jk.common.ChannelSocket init
SEVERE: Can't find free port 8009 8009
Jun 7, 2011 10:53:20 PM org.apache.jk.server.JkMain start
INFO: Jk running ID=0 time=0/447  config=null
Jun 7, 2011 10:53:20 PM org.apache.catalina.startup.Catalina start
INFO: Server startup in 7341 ms
Jun 7, 2011 10:53:20 PM org.apache.catalina.core.StandardServer await
SEVERE: StandardServer.await: create[8005]: 
java.net.BindException: Address already in use
	at java.net.PlainSocketImpl.socketBind(Native Method)
	at java.net.PlainSocketImpl.bind(PlainSocketImpl.java:383)
	at java.net.ServerSocket.bind(ServerSocket.java:328)
	at java.net.ServerSocket.<init>(ServerSocket.java:194)
	at org.apache.catalina.core.StandardServer.await(StandardServer.java:406)
	at org.apache.catalina.startup.Catalina.await(Catalina.java:676)
	at org.apache.catalina.startup.Catalina.start(Catalina.java:628)
	at sun.reflect.NativeMethodAccessorImpl.invoke0(Native Method)
	at sun.reflect.NativeMethodAccessorImpl.invoke(NativeMethodAccessorImpl.java:39)
	at sun.reflect.DelegatingMethodAccessorImpl.invoke(DelegatingMethodAccessorImpl.java:25)
	at java.lang.reflect.Method.invoke(Method.java:597)
	at org.apache.catalina.startup.Bootstrap.start(Bootstrap.java:289)
	at org.apache.catalina.startup.Bootstrap.main(Bootstrap.java:414)
Jun 7, 2011 10:53:20 PM org.apache.coyote.http11.Http11Protocol pause
INFO: Pausing Coyote HTTP/1.1 on http-8080
Jun 7, 2011 10:53:21 PM org.apache.catalina.core.StandardService stop
INFO: Stopping service Catalina
Jun 7, 2011 10:53:22 PM org.apache.solr.core.SolrCore close
INFO: []  CLOSING SolrCore org.apache.solr.core.SolrCore@5c71949b
Jun 7, 2011 10:53:22 PM org.apache.solr.update.DirectUpdateHandler2 close
INFO: closing DirectUpdateHandler2{commits=0,autocommits=0,optimizes=0,rollbacks=0,expungeDeletes=0,docsPending=0,adds=0,deletesById=0,deletesByQuery=0,errors=0,cumulative_adds=0,cumulative_deletesById=0,cumulative_deletesByQuery=0,cumulative_errors=0}
Jun 7, 2011 10:53:22 PM org.apache.solr.update.DirectUpdateHandler2 close
INFO: closed DirectUpdateHandler2{commits=0,autocommits=0,optimizes=0,rollbacks=0,expungeDeletes=0,docsPending=0,adds=0,deletesById=0,deletesByQuery=0,errors=0,cumulative_adds=0,cumulative_deletesById=0,cumulative_deletesByQuery=0,cumulative_errors=0}
Jun 7, 2011 10:53:22 PM org.apache.solr.core.SolrCore closeSearcher
INFO: [] Closing main searcher on request.
Jun 7, 2011 10:53:22 PM org.apache.solr.search.SolrIndexSearcher close
INFO: Closing Searcher@67723c7f main
	fieldValueCache{lookups=0,hits=0,hitratio=0.00,inserts=0,evictions=0,size=0,warmupTime=0,cumulative_lookups=0,cumulative_hits=0,cumulative_hitratio=0.00,cumulative_inserts=0,cumulative_evictions=0}
	filterCache{lookups=0,hits=0,hitratio=0.00,inserts=0,evictions=0,size=0,warmupTime=0,cumulative_lookups=0,cumulative_hits=0,cumulative_hitratio=0.00,cumulative_inserts=0,cumulative_evictions=0}
	queryResultCache{lookups=0,hits=0,hitratio=0.00,inserts=1,evictions=0,size=1,warmupTime=0,cumulative_lookups=0,cumulative_hits=0,cumulative_hitratio=0.00,cumulative_inserts=0,cumulative_evictions=0}
	documentCache{lookups=0,hits=0,hitratio=0.00,inserts=0,evictions=0,size=0,warmupTime=0,cumulative_lookups=0,cumulative_hits=0,cumulative_hitratio=0.00,cumulative_inserts=0,cumulative_evictions=0}
Jun 7, 2011 10:53:24 PM org.apache.coyote.http11.Http11Protocol destroy
INFO: Stopping Coyote HTTP/1.1 on http-8080
Jun 7, 2011 11:01:57 PM org.apache.solr.core.SolrCore execute
INFO: [] webapp=/solr path=/admin/ping/ params={indent=on&wt=xml&version=2.2} hits=0 status=0 QTime=37 
Jun 7, 2011 11:01:57 PM org.apache.solr.core.SolrCore execute
INFO: [] webapp=/solr path=/admin/ping/ params={indent=on&wt=xml&version=2.2} status=0 QTime=38 
Jun 7, 2011 11:02:14 PM org.apache.solr.core.SolrCore execute
INFO: [] webapp=/solr path=/admin/ping/ params={indent=on&wt=xml&version=2.2} hits=0 status=0 QTime=21 
Jun 7, 2011 11:02:14 PM org.apache.solr.core.SolrCore execute
INFO: [] webapp=/solr path=/admin/ping/ params={indent=on&wt=xml&version=2.2} status=0 QTime=21 
Jun 7, 2011 11:02:52 PM org.apache.solr.core.SolrCore execute
INFO: [] webapp=/solr path=/admin/ping/ params={indent=on&wt=xml&version=2.2} hits=0 status=0 QTime=2 
Jun 7, 2011 11:02:52 PM org.apache.solr.core.SolrCore execute
INFO: [] webapp=/solr path=/admin/ping/ params={indent=on&wt=xml&version=2.2} status=0 QTime=2 
Jun 7, 2011 11:04:04 PM org.apache.solr.core.SolrCore execute
INFO: [] webapp=/solr path=/admin/ping/ params={indent=on&wt=xml&version=2.2} hits=0 status=0 QTime=2 
Jun 7, 2011 11:04:04 PM org.apache.solr.core.SolrCore execute
INFO: [] webapp=/solr path=/admin/ping/ params={indent=on&wt=xml&version=2.2} status=0 QTime=3 
Jun 7, 2011 11:04:55 PM org.apache.solr.core.SolrCore execute
INFO: [] webapp=/solr path=/admin/ping/ params={indent=on&wt=xml&version=2.2} hits=0 status=0 QTime=2 
Jun 7, 2011 11:04:55 PM org.apache.solr.core.SolrCore execute
INFO: [] webapp=/solr path=/admin/ping/ params={indent=on&wt=xml&version=2.2} status=0 QTime=2 
Jun 7, 2011 11:05:17 PM org.apache.solr.core.SolrCore execute
INFO: [] webapp=/solr path=/admin/ping/ params={indent=on&wt=xml&version=2.2} hits=0 status=0 QTime=2 
Jun 7, 2011 11:05:17 PM org.apache.solr.core.SolrCore execute
INFO: [] webapp=/solr path=/admin/ping/ params={indent=on&wt=xml&version=2.2} status=0 QTime=2 
Jun 7, 2011 11:05:32 PM org.apache.solr.core.SolrCore execute
INFO: [] webapp=/solr path=/admin/ping/ params={indent=on&wt=xml&version=2.2} hits=0 status=0 QTime=1 
Jun 7, 2011 11:05:32 PM org.apache.solr.core.SolrCore execute
INFO: [] webapp=/solr path=/admin/ping/ params={indent=on&wt=xml&version=2.2} status=0 QTime=2 
Jun 7, 2011 11:05:51 PM org.apache.solr.core.SolrCore execute
INFO: [] webapp=/solr path=/admin/ping/ params={indent=on&wt=xml&version=2.2} hits=0 status=0 QTime=2 
Jun 7, 2011 11:05:51 PM org.apache.solr.core.SolrCore execute
INFO: [] webapp=/solr path=/admin/ping/ params={indent=on&wt=xml&version=2.2} status=0 QTime=2 
Jun 7, 2011 11:07:37 PM org.apache.solr.core.SolrCore execute
INFO: [] webapp=/solr path=/admin/ping/ params={indent=on&wt=xml&version=2.2} hits=0 status=0 QTime=2 
Jun 7, 2011 11:07:37 PM org.apache.solr.core.SolrCore execute
INFO: [] webapp=/solr path=/admin/ping/ params={indent=on&wt=xml&version=2.2} status=0 QTime=2 
Jun 7, 2011 11:08:10 PM org.apache.solr.core.SolrCore execute
INFO: [] webapp=/solr path=/admin/ping/ params={indent=on&wt=xml&version=2.2} hits=0 status=0 QTime=1 
Jun 7, 2011 11:08:10 PM org.apache.solr.core.SolrCore execute
INFO: [] webapp=/solr path=/admin/ping/ params={indent=on&wt=xml&version=2.2} status=0 QTime=2 
Jun 7, 2011 11:10:07 PM org.apache.solr.core.SolrCore execute
INFO: [] webapp=/solr path=/admin/ping/ params={indent=on&wt=xml&version=2.2} hits=0 status=0 QTime=1 
Jun 7, 2011 11:10:07 PM org.apache.solr.core.SolrCore execute
INFO: [] webapp=/solr path=/admin/ping/ params={indent=on&wt=xml&version=2.2} status=0 QTime=2 
Jun 7, 2011 11:10:27 PM org.apache.solr.core.SolrCore execute
INFO: [] webapp=/solr path=/admin/ping/ params={indent=on&wt=xml&version=2.2} hits=0 status=0 QTime=2 
Jun 7, 2011 11:10:27 PM org.apache.solr.core.SolrCore execute
INFO: [] webapp=/solr path=/admin/ping/ params={indent=on&wt=xml&version=2.2} status=0 QTime=2 
Jun 7, 2011 11:10:28 PM org.apache.solr.core.SolrDeletionPolicy onInit
INFO: SolrDeletionPolicy.onInit: commits:num=1
	commit{dir=/apache-tomcat-6.0.32/webapps/solr_site/data/index,segFN=segments_3,version=1307321445264,generation=3,filenames=[_0.nrm, _0.tis, _0.fnm, _1.tis, _1.frq, _1.fnm, _1.fdx, _1.prx, _0.tii, _1.fdt, _0.frq, _1.tii, _0.fdx, _0.prx, _1.nrm, segments_3, _0.fdt]
Jun 7, 2011 11:10:28 PM org.apache.solr.core.SolrDeletionPolicy updateCommits
INFO: newest commit = 1307321445264
Jun 7, 2011 11:10:28 PM org.apache.solr.update.processor.LogUpdateProcessor finish
INFO: {add=[334455]} 0 140
Jun 7, 2011 11:10:28 PM org.apache.solr.core.SolrCore execute
INFO: [] webapp=/solr path=/update/ params={indent=on&wt=xml&version=2.2} status=0 QTime=140 
Jun 7, 2011 11:10:46 PM org.apache.solr.core.SolrCore execute
INFO: [] webapp=/solr path=/select/ params={indent=on&start=0&q=*:*&rows=10&version=2.2} hits=3 status=0 QTime=0 
Jun 7, 2011 11:12:42 PM org.apache.solr.core.SolrCore execute
INFO: [] webapp=/solr path=/admin/ping/ params={indent=on&wt=xml&version=2.2} hits=0 status=0 QTime=1 
Jun 7, 2011 11:12:42 PM org.apache.solr.core.SolrCore execute
INFO: [] webapp=/solr path=/admin/ping/ params={indent=on&wt=xml&version=2.2} status=0 QTime=2 
Jun 7, 2011 11:12:42 PM org.apache.solr.update.processor.LogUpdateProcessor finish
INFO: {add=[334455]} 0 1
Jun 7, 2011 11:12:42 PM org.apache.solr.core.SolrCore execute
INFO: [] webapp=/solr path=/update/ params={indent=on&wt=xml&version=2.2} status=0 QTime=1 
Jun 7, 2011 11:12:55 PM org.apache.solr.core.SolrCore execute
INFO: [] webapp=/solr path=/select/ params={indent=on&start=0&q=*:*&rows=10&version=2.2} hits=3 status=0 QTime=0 
Jun 7, 2011 11:16:22 PM org.apache.solr.update.processor.LogUpdateProcessor finish
INFO: {add=[334455]} 0 2
Jun 7, 2011 11:16:22 PM org.apache.solr.core.SolrCore execute
INFO: [] webapp=/solr path=/update/ params={indent=on&wt=xml&version=2.2} status=0 QTime=2 
Jun 7, 2011 11:18:00 PM org.apache.solr.update.processor.LogUpdateProcessor finish
INFO: {} 0 0
Jun 7, 2011 11:18:00 PM org.apache.solr.common.SolrException log
SEVERE: org.apache.solr.common.SolrException: missing content stream
	at org.apache.solr.handler.ContentStreamHandlerBase.handleRequestBody(ContentStreamHandlerBase.java:62)
	at org.apache.solr.handler.RequestHandlerBase.handleRequest(RequestHandlerBase.java:129)
	at org.apache.solr.core.SolrCore.execute(SolrCore.java:1360)
	at org.apache.solr.servlet.SolrDispatchFilter.execute(SolrDispatchFilter.java:356)
	at org.apache.solr.servlet.SolrDispatchFilter.doFilter(SolrDispatchFilter.java:252)
	at org.apache.catalina.core.ApplicationFilterChain.internalDoFilter(ApplicationFilterChain.java:235)
	at org.apache.catalina.core.ApplicationFilterChain.doFilter(ApplicationFilterChain.java:206)
	at org.apache.catalina.core.StandardWrapperValve.invoke(StandardWrapperValve.java:233)
	at org.apache.catalina.core.StandardContextValve.invoke(StandardContextValve.java:191)
	at org.apache.catalina.core.StandardHostValve.invoke(StandardHostValve.java:127)
	at org.apache.catalina.valves.ErrorReportValve.invoke(ErrorReportValve.java:102)
	at org.apache.catalina.core.StandardEngineValve.invoke(StandardEngineValve.java:109)
	at org.apache.catalina.connector.CoyoteAdapter.service(CoyoteAdapter.java:298)
	at org.apache.coyote.http11.Http11Processor.process(Http11Processor.java:859)
	at org.apache.coyote.http11.Http11Protocol$Http11ConnectionHandler.process(Http11Protocol.java:588)
	at org.apache.tomcat.util.net.JIoEndpoint$Worker.run(JIoEndpoint.java:489)
	at java.lang.Thread.run(Thread.java:680)

Jun 7, 2011 11:18:00 PM org.apache.solr.core.SolrCore execute
INFO: [] webapp=/solr path=/update params={} status=400 QTime=0 
Jun 7, 2011 11:18:23 PM org.apache.solr.core.SolrCore execute
INFO: [] webapp=/solr path=/admin/ping params={} hits=0 status=0 QTime=2 
Jun 7, 2011 11:18:23 PM org.apache.solr.core.SolrCore execute
INFO: [] webapp=/solr path=/admin/ping params={} status=0 QTime=3 
Jun 7, 2011 11:18:31 PM org.apache.solr.core.SolrCore execute
INFO: [] webapp=/solr path=/admin/file/ params={file=solrconfig.xml&contentType=text/xml;charset%3Dutf-8} status=0 QTime=0 
Jun 7, 2011 11:20:25 PM org.apache.solr.update.processor.LogUpdateProcessor finish
INFO: {add=[334455]} 0 1
Jun 7, 2011 11:20:25 PM org.apache.solr.core.SolrCore execute
INFO: [] webapp=/solr path=/update/ params={indent=on&wt=xml&version=2.2} status=0 QTime=1 
Jun 7, 2011 11:20:44 PM org.apache.solr.core.SolrCore execute
INFO: [] webapp=/solr path=/select/ params={indent=on&start=0&q=**&rows=10&version=2.2} hits=3 status=0 QTime=1 
Jun 7, 2011 11:21:07 PM org.apache.solr.core.SolrCore execute
INFO: [] webapp=/solr path=/select/ params={indent=on&start=0&q=*video*&rows=10&version=2.2} hits=2 status=0 QTime=47 
Jun 7, 2011 11:21:24 PM org.apache.solr.core.SolrCore execute
INFO: [] webapp=/solr path=/select/ params={indent=on&start=0&q=*lucene*&rows=10&version=2.2} hits=0 status=0 QTime=4 
Jun 7, 2011 11:21:36 PM org.apache.solr.core.SolrCore execute
INFO: [] webapp=/solr path=/select/ params={indent=on&start=0&q=*cat*&rows=10&version=2.2} hits=0 status=0 QTime=3 
Jun 7, 2011 11:21:53 PM org.apache.solr.core.SolrCore execute
INFO: [] webapp=/solr path=/select/ params={indent=on&start=0&q=*Software*&rows=10&version=2.2} hits=0 status=0 QTime=3 
Jun 7, 2011 11:24:23 PM org.apache.solr.update.processor.LogUpdateProcessor finish
INFO: {add=[334455]} 0 1
Jun 7, 2011 11:24:23 PM org.apache.solr.core.SolrCore execute
INFO: [] webapp=/solr path=/update/ params={indent=on&wt=xml&version=2.2} status=0 QTime=1 
Jun 7, 2011 11:24:40 PM org.apache.solr.core.SolrCore execute
INFO: [] webapp=/solr path=/select/ params={indent=on&start=0&q=*:*&rows=10&version=2.2} hits=3 status=0 QTime=0 
Jun 7, 2011 11:26:27 PM org.apache.solr.update.processor.LogUpdateProcessor finish
INFO: {add=[334455]} 0 1
Jun 7, 2011 11:26:27 PM org.apache.solr.core.SolrCore execute
INFO: [] webapp=/solr path=/update/ params={indent=on&wt=xml&version=2.2} status=0 QTime=1 
Jun 7, 2011 11:28:53 PM org.apache.solr.core.SolrCore execute
INFO: [] webapp=/solr path=/select/ params={indent=on&start=0&q=*:*&rows=10&version=2.2} hits=3 status=0 QTime=0 
Jun 7, 2011 11:30:04 PM org.apache.solr.core.SolrCore execute
INFO: [] webapp=/solr path=/select/ params={indent=on&start=0&q=*33445*&rows=10&version=2.2} hits=0 status=0 QTime=27 
Jun 7, 2011 11:31:01 PM org.apache.solr.update.processor.LogUpdateProcessor finish
INFO: {add=[86666]} 0 1
Jun 7, 2011 11:31:01 PM org.apache.solr.core.SolrCore execute
INFO: [] webapp=/solr path=/update/ params={indent=on&wt=xml&version=2.2} status=0 QTime=1 
Jun 7, 2011 11:31:27 PM org.apache.solr.core.SolrCore execute
INFO: [] webapp=/solr path=/select/ params={indent=on&start=0&q=*v*&rows=10&version=2.2} hits=3 status=0 QTime=136 
Jun 7, 2011 11:31:33 PM org.apache.solr.core.SolrCore execute
INFO: [] webapp=/solr path=/select/ params={indent=on&start=0&q=*g*&rows=10&version=2.2} hits=2 status=0 QTime=17 
Jun 7, 2011 11:34:41 PM org.apache.solr.update.processor.LogUpdateProcessor finish
INFO: {} 0 66
Jun 7, 2011 11:34:41 PM org.apache.solr.common.SolrException log
SEVERE: org.apache.solr.common.SolrException: ERROR: [334455] multiple values encountered for non multiValued field id: [334455, 1123]
	at org.apache.solr.update.DocumentBuilder.toDocument(DocumentBuilder.java:242)
	at org.apache.solr.update.processor.RunUpdateProcessor.processAdd(RunUpdateProcessorFactory.java:60)
	at org.apache.solr.handler.XMLLoader.processUpdate(XMLLoader.java:147)
	at org.apache.solr.handler.XMLLoader.load(XMLLoader.java:77)
	at org.apache.solr.handler.ContentStreamHandlerBase.handleRequestBody(ContentStreamHandlerBase.java:67)
	at org.apache.solr.handler.RequestHandlerBase.handleRequest(RequestHandlerBase.java:129)
	at org.apache.solr.core.SolrCore.execute(SolrCore.java:1360)
	at org.apache.solr.servlet.SolrDispatchFilter.execute(SolrDispatchFilter.java:356)
	at org.apache.solr.servlet.SolrDispatchFilter.doFilter(SolrDispatchFilter.java:252)
	at org.apache.catalina.core.ApplicationFilterChain.internalDoFilter(ApplicationFilterChain.java:235)
	at org.apache.catalina.core.ApplicationFilterChain.doFilter(ApplicationFilterChain.java:206)
	at org.apache.catalina.core.StandardWrapperValve.invoke(StandardWrapperValve.java:233)
	at org.apache.catalina.core.StandardContextValve.invoke(StandardContextValve.java:191)
	at org.apache.catalina.core.StandardHostValve.invoke(StandardHostValve.java:127)
	at org.apache.catalina.valves.ErrorReportValve.invoke(ErrorReportValve.java:102)
	at org.apache.catalina.core.StandardEngineValve.invoke(StandardEngineValve.java:109)
	at org.apache.catalina.connector.CoyoteAdapter.service(CoyoteAdapter.java:298)
	at org.apache.coyote.http11.Http11Processor.process(Http11Processor.java:859)
	at org.apache.coyote.http11.Http11Protocol$Http11ConnectionHandler.process(Http11Protocol.java:588)
	at org.apache.tomcat.util.net.JIoEndpoint$Worker.run(JIoEndpoint.java:489)
	at java.lang.Thread.run(Thread.java:680)

Jun 7, 2011 11:34:41 PM org.apache.solr.core.SolrCore execute
INFO: [] webapp=/solr path=/update/ params={indent=on&wt=xml&version=2.2} status=400 QTime=66 
Jun 7, 2011 11:35:09 PM org.apache.solr.update.processor.LogUpdateProcessor finish
INFO: {add=[334455]} 0 21
Jun 7, 2011 11:35:09 PM org.apache.solr.core.SolrCore execute
INFO: [] webapp=/solr path=/update/ params={indent=on&wt=xml&version=2.2} status=0 QTime=21 
Jun 7, 2011 11:35:23 PM org.apache.solr.core.SolrCore execute
INFO: [] webapp=/solr path=/select/ params={indent=on&start=0&q=*PHP*&rows=10&version=2.2} hits=0 status=0 QTime=25 
Jun 7, 2011 11:35:33 PM org.apache.solr.core.SolrCore execute
INFO: [] webapp=/solr path=/select/ params={indent=on&start=0&q=*Fast*&rows=10&version=2.2} hits=0 status=0 QTime=2 
Jun 7, 2011 11:38:01 PM org.apache.solr.core.SolrCore execute
INFO: [] webapp=/solr path=/select/ params={indent=on&start=0&q=**&rows=10&version=2.2} hits=3 status=0 QTime=1 
Jun 7, 2011 11:39:33 PM org.apache.solr.update.processor.LogUpdateProcessor finish
INFO: {add=[334455]} 0 1
Jun 7, 2011 11:39:33 PM org.apache.solr.core.SolrCore execute
INFO: [] webapp=/solr path=/update/ params={indent=on&wt=xml&version=2.2} status=0 QTime=1 
Jun 7, 2011 11:39:33 PM org.apache.solr.core.SolrCore execute
INFO: [] webapp=/solr path=/select/ params={fl=cat,features,id,timestamp&indent=on&start=0&q=lucene&wt=xml&rows=50&version=2.2} hits=0 status=0 QTime=10 
Jun 7, 2011 11:42:05 PM org.apache.solr.update.processor.LogUpdateProcessor finish
INFO: {add=[334455]} 0 1
Jun 7, 2011 11:42:05 PM org.apache.solr.core.SolrCore execute
INFO: [] webapp=/solr path=/update/ params={indent=on&wt=xml&version=2.2} status=0 QTime=1 
Jun 7, 2011 11:42:29 PM org.apache.solr.update.processor.LogUpdateProcessor finish
INFO: {add=[334455]} 0 1
Jun 7, 2011 11:42:29 PM org.apache.solr.core.SolrCore execute
INFO: [] webapp=/solr path=/update/ params={indent=on&wt=xml&version=2.2} status=0 QTime=1 
Jun 7, 2011 11:42:29 PM org.apache.solr.core.SolrCore execute
INFO: [] webapp=/solr path=/select/ params={fl=cat,features,id,timestamp&indent=on&start=0&q=lucene&wt=xml&rows=50&version=2.2} hits=0 status=0 QTime=0 
Jun 7, 2011 11:43:18 PM org.apache.solr.update.processor.LogUpdateProcessor finish
INFO: {add=[334455]} 0 1
Jun 7, 2011 11:43:18 PM org.apache.solr.core.SolrCore execute
INFO: [] webapp=/solr path=/update/ params={indent=on&wt=xml&version=2.2} status=0 QTime=1 
Jun 7, 2011 11:43:18 PM org.apache.solr.core.SolrCore execute
INFO: [] webapp=/solr path=/select/ params={fl=cat,features,id,timestamp&indent=on&start=0&q=lucene&wt=xml&rows=50&version=2.2} hits=0 status=0 QTime=1 
Jun 7, 2011 11:44:39 PM org.apache.solr.update.processor.LogUpdateProcessor finish
INFO: {add=[334455]} 0 1
Jun 7, 2011 11:44:39 PM org.apache.solr.core.SolrCore execute
INFO: [] webapp=/solr path=/update/ params={indent=on&wt=xml&version=2.2} status=0 QTime=1 
Jun 7, 2011 11:44:39 PM org.apache.solr.core.SolrCore execute
INFO: [] webapp=/solr path=/select/ params={fl=cat,features,id,timestamp&indent=on&start=0&q=video&wt=xml&rows=50&version=2.2} hits=2 status=0 QTime=18 
Jun 7, 2011 11:45:02 PM org.apache.solr.update.processor.LogUpdateProcessor finish
INFO: {add=[334455]} 0 0
Jun 7, 2011 11:45:02 PM org.apache.solr.core.SolrCore execute
INFO: [] webapp=/solr path=/update/ params={indent=on&wt=xml&version=2.2} status=0 QTime=0 
Jun 7, 2011 11:45:02 PM org.apache.solr.core.SolrCore execute
INFO: [] webapp=/solr path=/select/ params={fl=cat,features,id,timestamp&indent=on&start=0&q=Search&wt=xml&rows=50&version=2.2} hits=0 status=0 QTime=1 
Jun 7, 2011 11:46:14 PM org.apache.solr.update.processor.LogUpdateProcessor finish
INFO: {add=[334455]} 0 1
Jun 7, 2011 11:46:14 PM org.apache.solr.core.SolrCore execute
INFO: [] webapp=/solr path=/update/ params={indent=on&wt=xml&version=2.2} status=0 QTime=1 
Jun 7, 2011 11:46:14 PM org.apache.solr.update.DirectUpdateHandler2 commit
INFO: start commit(optimize=false,waitFlush=true,waitSearcher=true,expungeDeletes=false)
Jun 7, 2011 11:46:15 PM org.apache.solr.core.SolrDeletionPolicy onCommit
INFO: SolrDeletionPolicy.onCommit: commits:num=2
	commit{dir=/apache-tomcat-6.0.32/webapps/solr_site/data/index,segFN=segments_3,version=1307321445264,generation=3,filenames=[_0.nrm, _0.tis, _0.fnm, _1.tis, _1.frq, _1.fnm, _1.fdx, _1.prx, _0.tii, _1.fdt, _0.frq, _1.tii, _0.fdx, _0.prx, _1.nrm, segments_3, _0.fdt]
	commit{dir=/apache-tomcat-6.0.32/webapps/solr_site/data/index,segFN=segments_4,version=1307321445266,generation=4,filenames=[_0.tis, _1.frq, _2.tii, _1.fnm, _1.tii, _0.prx, _2_1.del, _0.nrm, _1.tis, _0.fnm, _2.prx, _2.fdt, _2.frq, _2.fdx, _2.fnm, _1.prx, _1.fdx, _2.tis, _0.tii, _1.fdt, _0.frq, _0.fdx, _0.fdt, _1.nrm, _2.nrm, segments_4]
Jun 7, 2011 11:46:15 PM org.apache.solr.core.SolrDeletionPolicy updateCommits
INFO: newest commit = 1307321445266
Jun 7, 2011 11:46:15 PM org.apache.solr.search.SolrIndexSearcher <init>
INFO: Opening Searcher@66a96863 main
Jun 7, 2011 11:46:15 PM org.apache.solr.update.DirectUpdateHandler2 commit
INFO: end_commit_flush
Jun 7, 2011 11:46:15 PM org.apache.solr.search.SolrIndexSearcher warm
INFO: autowarming Searcher@66a96863 main from Searcher@4a93837b main
	fieldValueCache{lookups=2,hits=0,hitratio=0.00,inserts=1,evictions=0,size=1,warmupTime=0,cumulative_lookups=2,cumulative_hits=0,cumulative_hitratio=0.00,cumulative_inserts=1,cumulative_evictions=0,item_cat={field=cat,memSize=4488,tindexSize=52,time=38,phase1=38,nTerms=6,bigTerms=2,termInstances=4,uses=1}}
Jun 7, 2011 11:46:15 PM org.apache.solr.search.SolrIndexSearcher warm
INFO: autowarming result for Searcher@66a96863 main
	fieldValueCache{lookups=0,hits=0,hitratio=0.00,inserts=0,evictions=0,size=0,warmupTime=0,cumulative_lookups=2,cumulative_hits=0,cumulative_hitratio=0.00,cumulative_inserts=1,cumulative_evictions=0}
Jun 7, 2011 11:46:15 PM org.apache.solr.search.SolrIndexSearcher warm
INFO: autowarming Searcher@66a96863 main from Searcher@4a93837b main
	filterCache{lookups=32,hits=2,hitratio=0.06,inserts=31,evictions=0,size=31,warmupTime=0,cumulative_lookups=32,cumulative_hits=2,cumulative_hitratio=0.06,cumulative_inserts=31,cumulative_evictions=0}
Jun 7, 2011 11:46:15 PM org.apache.solr.search.SolrIndexSearcher warm
INFO: autowarming result for Searcher@66a96863 main
	filterCache{lookups=0,hits=0,hitratio=0.00,inserts=0,evictions=0,size=0,warmupTime=0,cumulative_lookups=32,cumulative_hits=2,cumulative_hitratio=0.06,cumulative_inserts=31,cumulative_evictions=0}
Jun 7, 2011 11:46:15 PM org.apache.solr.search.SolrIndexSearcher warm
INFO: autowarming Searcher@66a96863 main from Searcher@4a93837b main
	queryResultCache{lookups=37,hits=20,hitratio=0.54,inserts=17,evictions=0,size=17,warmupTime=0,cumulative_lookups=40,cumulative_hits=20,cumulative_hitratio=0.50,cumulative_inserts=20,cumulative_evictions=0}
Jun 7, 2011 11:46:15 PM org.apache.solr.search.SolrIndexSearcher warm
INFO: autowarming result for Searcher@66a96863 main
	queryResultCache{lookups=0,hits=0,hitratio=0.00,inserts=0,evictions=0,size=0,warmupTime=0,cumulative_lookups=40,cumulative_hits=20,cumulative_hitratio=0.50,cumulative_inserts=20,cumulative_evictions=0}
Jun 7, 2011 11:46:15 PM org.apache.solr.search.SolrIndexSearcher warm
INFO: autowarming Searcher@66a96863 main from Searcher@4a93837b main
	documentCache{lookups=66,hits=63,hitratio=0.95,inserts=3,evictions=0,size=3,warmupTime=0,cumulative_lookups=70,cumulative_hits=65,cumulative_hitratio=0.92,cumulative_inserts=5,cumulative_evictions=0}
Jun 7, 2011 11:46:15 PM org.apache.solr.search.SolrIndexSearcher warm
INFO: autowarming result for Searcher@66a96863 main
	documentCache{lookups=0,hits=0,hitratio=0.00,inserts=0,evictions=0,size=0,warmupTime=0,cumulative_lookups=70,cumulative_hits=65,cumulative_hitratio=0.92,cumulative_inserts=5,cumulative_evictions=0}
Jun 7, 2011 11:46:15 PM org.apache.solr.core.QuerySenderListener newSearcher
INFO: QuerySenderListener sending requests to Searcher@66a96863 main
Jun 7, 2011 11:46:15 PM org.apache.solr.core.QuerySenderListener newSearcher
INFO: QuerySenderListener done.
Jun 7, 2011 11:46:15 PM org.apache.solr.core.SolrCore registerSearcher
INFO: [] Registered new searcher Searcher@66a96863 main
Jun 7, 2011 11:46:15 PM org.apache.solr.search.SolrIndexSearcher close
INFO: Closing Searcher@4a93837b main
	fieldValueCache{lookups=2,hits=0,hitratio=0.00,inserts=1,evictions=0,size=1,warmupTime=0,cumulative_lookups=2,cumulative_hits=0,cumulative_hitratio=0.00,cumulative_inserts=1,cumulative_evictions=0,item_cat={field=cat,memSize=4488,tindexSize=52,time=38,phase1=38,nTerms=6,bigTerms=2,termInstances=4,uses=1}}
	filterCache{lookups=32,hits=2,hitratio=0.06,inserts=31,evictions=0,size=31,warmupTime=0,cumulative_lookups=32,cumulative_hits=2,cumulative_hitratio=0.06,cumulative_inserts=31,cumulative_evictions=0}
	queryResultCache{lookups=37,hits=20,hitratio=0.54,inserts=17,evictions=0,size=17,warmupTime=0,cumulative_lookups=40,cumulative_hits=20,cumulative_hitratio=0.50,cumulative_inserts=20,cumulative_evictions=0}
	documentCache{lookups=66,hits=63,hitratio=0.95,inserts=3,evictions=0,size=3,warmupTime=0,cumulative_lookups=70,cumulative_hits=65,cumulative_hitratio=0.92,cumulative_inserts=5,cumulative_evictions=0}
Jun 7, 2011 11:46:15 PM org.apache.solr.update.processor.LogUpdateProcessor finish
INFO: {commit=} 0 558
Jun 7, 2011 11:46:15 PM org.apache.solr.core.SolrCore execute
INFO: [] webapp=/solr path=/update/ params={indent=on&wt=xml&version=2.2} status=0 QTime=558 
Jun 7, 2011 11:46:15 PM org.apache.solr.core.SolrCore execute
INFO: [] webapp=/solr path=/select/ params={fl=cat,features,id,timestamp&indent=on&start=0&q=video&wt=xml&rows=50&version=2.2} hits=2 status=0 QTime=33 
Jun 7, 2011 11:46:36 PM org.apache.solr.core.SolrDeletionPolicy onInit
INFO: SolrDeletionPolicy.onInit: commits:num=1
	commit{dir=/apache-tomcat-6.0.32/webapps/solr_site/data/index,segFN=segments_4,version=1307321445266,generation=4,filenames=[_0.tis, _1.frq, _2.tii, _1.fnm, _1.tii, _0.prx, _2_1.del, _0.nrm, _1.tis, _0.fnm, _2.prx, _2.fdt, _2.frq, _2.fdx, _2.fnm, _1.prx, _1.fdx, _2.tis, _0.tii, _1.fdt, _0.frq, _0.fdx, _0.fdt, _1.nrm, _2.nrm, segments_4]
Jun 7, 2011 11:46:36 PM org.apache.solr.core.SolrDeletionPolicy updateCommits
INFO: newest commit = 1307321445266
Jun 7, 2011 11:46:36 PM org.apache.solr.update.processor.LogUpdateProcessor finish
INFO: {add=[334455]} 0 9
Jun 7, 2011 11:46:36 PM org.apache.solr.core.SolrCore execute
INFO: [] webapp=/solr path=/update/ params={indent=on&wt=xml&version=2.2} status=0 QTime=9 
Jun 7, 2011 11:46:36 PM org.apache.solr.update.DirectUpdateHandler2 commit
INFO: start commit(optimize=false,waitFlush=true,waitSearcher=true,expungeDeletes=false)
Jun 7, 2011 11:46:36 PM org.apache.solr.core.SolrDeletionPolicy onCommit
INFO: SolrDeletionPolicy.onCommit: commits:num=2
	commit{dir=/apache-tomcat-6.0.32/webapps/solr_site/data/index,segFN=segments_4,version=1307321445266,generation=4,filenames=[_0.tis, _1.frq, _2.tii, _1.fnm, _1.tii, _0.prx, _2_1.del, _0.nrm, _1.tis, _0.fnm, _2.prx, _2.fdt, _2.frq, _2.fdx, _2.fnm, _1.prx, _1.fdx, _2.tis, _0.tii, _1.fdt, _0.frq, _0.fdx, _0.fdt, _1.nrm, _2.nrm, segments_4]
	commit{dir=/apache-tomcat-6.0.32/webapps/solr_site/data/index,segFN=segments_5,version=1307321445269,generation=5,filenames=[_0.tis, _3.frq, _3.tii, _1.frq, _3.fnm, _3.fdt, _2.tii, _1.fnm, _1.tii, _0.prx, _3.nrm, _2_2.del, _0.nrm, _1.tis, _0.fnm, _2.prx, _2.fdt, _2.frq, _3.prx, _2.fdx, _2.fnm, _3.fdx, _1.prx, _1.fdx, _2.tis, _0.tii, _1.fdt, _0.frq, _0.fdx, segments_5, _0.fdt, _1.nrm, _2.nrm, _3.tis]
Jun 7, 2011 11:46:36 PM org.apache.solr.core.SolrDeletionPolicy updateCommits
INFO: newest commit = 1307321445269
Jun 7, 2011 11:46:36 PM org.apache.solr.search.SolrIndexSearcher <init>
INFO: Opening Searcher@4eff0d4b main
Jun 7, 2011 11:46:36 PM org.apache.solr.update.DirectUpdateHandler2 commit
INFO: end_commit_flush
Jun 7, 2011 11:46:36 PM org.apache.solr.search.SolrIndexSearcher warm
INFO: autowarming Searcher@4eff0d4b main from Searcher@66a96863 main
	fieldValueCache{lookups=0,hits=0,hitratio=0.00,inserts=0,evictions=0,size=0,warmupTime=0,cumulative_lookups=2,cumulative_hits=0,cumulative_hitratio=0.00,cumulative_inserts=1,cumulative_evictions=0}
Jun 7, 2011 11:46:36 PM org.apache.solr.search.SolrIndexSearcher warm
INFO: autowarming result for Searcher@4eff0d4b main
	fieldValueCache{lookups=0,hits=0,hitratio=0.00,inserts=0,evictions=0,size=0,warmupTime=0,cumulative_lookups=2,cumulative_hits=0,cumulative_hitratio=0.00,cumulative_inserts=1,cumulative_evictions=0}
Jun 7, 2011 11:46:36 PM org.apache.solr.search.SolrIndexSearcher warm
INFO: autowarming Searcher@4eff0d4b main from Searcher@66a96863 main
	filterCache{lookups=0,hits=0,hitratio=0.00,inserts=0,evictions=0,size=0,warmupTime=0,cumulative_lookups=32,cumulative_hits=2,cumulative_hitratio=0.06,cumulative_inserts=31,cumulative_evictions=0}
Jun 7, 2011 11:46:36 PM org.apache.solr.search.SolrIndexSearcher warm
INFO: autowarming result for Searcher@4eff0d4b main
	filterCache{lookups=0,hits=0,hitratio=0.00,inserts=0,evictions=0,size=0,warmupTime=0,cumulative_lookups=32,cumulative_hits=2,cumulative_hitratio=0.06,cumulative_inserts=31,cumulative_evictions=0}
Jun 7, 2011 11:46:36 PM org.apache.solr.search.SolrIndexSearcher warm
INFO: autowarming Searcher@4eff0d4b main from Searcher@66a96863 main
	queryResultCache{lookups=1,hits=0,hitratio=0.00,inserts=1,evictions=0,size=1,warmupTime=0,cumulative_lookups=41,cumulative_hits=20,cumulative_hitratio=0.48,cumulative_inserts=21,cumulative_evictions=0}
Jun 7, 2011 11:46:36 PM org.apache.solr.search.SolrIndexSearcher warm
INFO: autowarming result for Searcher@4eff0d4b main
	queryResultCache{lookups=0,hits=0,hitratio=0.00,inserts=0,evictions=0,size=0,warmupTime=0,cumulative_lookups=41,cumulative_hits=20,cumulative_hitratio=0.48,cumulative_inserts=21,cumulative_evictions=0}
Jun 7, 2011 11:46:36 PM org.apache.solr.search.SolrIndexSearcher warm
INFO: autowarming Searcher@4eff0d4b main from Searcher@66a96863 main
	documentCache{lookups=4,hits=2,hitratio=0.50,inserts=2,evictions=0,size=2,warmupTime=0,cumulative_lookups=74,cumulative_hits=67,cumulative_hitratio=0.90,cumulative_inserts=7,cumulative_evictions=0}
Jun 7, 2011 11:46:36 PM org.apache.solr.search.SolrIndexSearcher warm
INFO: autowarming result for Searcher@4eff0d4b main
	documentCache{lookups=0,hits=0,hitratio=0.00,inserts=0,evictions=0,size=0,warmupTime=0,cumulative_lookups=74,cumulative_hits=67,cumulative_hitratio=0.90,cumulative_inserts=7,cumulative_evictions=0}
Jun 7, 2011 11:46:36 PM org.apache.solr.core.QuerySenderListener newSearcher
INFO: QuerySenderListener sending requests to Searcher@4eff0d4b main
Jun 7, 2011 11:46:36 PM org.apache.solr.core.QuerySenderListener newSearcher
INFO: QuerySenderListener done.
Jun 7, 2011 11:46:36 PM org.apache.solr.core.SolrCore registerSearcher
INFO: [] Registered new searcher Searcher@4eff0d4b main
Jun 7, 2011 11:46:36 PM org.apache.solr.search.SolrIndexSearcher close
INFO: Closing Searcher@66a96863 main
	fieldValueCache{lookups=0,hits=0,hitratio=0.00,inserts=0,evictions=0,size=0,warmupTime=0,cumulative_lookups=2,cumulative_hits=0,cumulative_hitratio=0.00,cumulative_inserts=1,cumulative_evictions=0}
	filterCache{lookups=0,hits=0,hitratio=0.00,inserts=0,evictions=0,size=0,warmupTime=0,cumulative_lookups=32,cumulative_hits=2,cumulative_hitratio=0.06,cumulative_inserts=31,cumulative_evictions=0}
	queryResultCache{lookups=1,hits=0,hitratio=0.00,inserts=1,evictions=0,size=1,warmupTime=0,cumulative_lookups=41,cumulative_hits=20,cumulative_hitratio=0.48,cumulative_inserts=21,cumulative_evictions=0}
	documentCache{lookups=4,hits=2,hitratio=0.50,inserts=2,evictions=0,size=2,warmupTime=0,cumulative_lookups=74,cumulative_hits=67,cumulative_hitratio=0.90,cumulative_inserts=7,cumulative_evictions=0}
Jun 7, 2011 11:46:36 PM org.apache.solr.update.processor.LogUpdateProcessor finish
INFO: {commit=} 0 88
Jun 7, 2011 11:46:36 PM org.apache.solr.core.SolrCore execute
INFO: [] webapp=/solr path=/update/ params={indent=on&wt=xml&version=2.2} status=0 QTime=88 
Jun 7, 2011 11:46:36 PM org.apache.solr.core.SolrCore execute
INFO: [] webapp=/solr path=/select/ params={fl=cat,features,id,timestamp&indent=on&start=0&q=Lucene&wt=xml&rows=50&version=2.2} hits=1 status=0 QTime=2 
Jun 7, 2011 11:47:14 PM org.apache.solr.core.SolrDeletionPolicy onInit
INFO: SolrDeletionPolicy.onInit: commits:num=1
	commit{dir=/apache-tomcat-6.0.32/webapps/solr_site/data/index,segFN=segments_5,version=1307321445269,generation=5,filenames=[_0.tis, _3.frq, _3.tii, _1.frq, _3.fnm, _3.fdt, _2.tii, _1.fnm, _1.tii, _0.prx, _3.nrm, _2_2.del, _0.nrm, _1.tis, _0.fnm, _2.prx, _2.fdt, _2.frq, _3.prx, _2.fdx, _2.fnm, _3.fdx, _1.prx, _1.fdx, _2.tis, _0.tii, _1.fdt, _0.frq, _0.fdx, segments_5, _0.fdt, _1.nrm, _2.nrm, _3.tis]
Jun 7, 2011 11:47:14 PM org.apache.solr.core.SolrDeletionPolicy updateCommits
INFO: newest commit = 1307321445269
Jun 7, 2011 11:47:14 PM org.apache.solr.update.processor.LogUpdateProcessor finish
INFO: {add=[334455]} 0 81
Jun 7, 2011 11:47:14 PM org.apache.solr.core.SolrCore execute
INFO: [] webapp=/solr path=/update/ params={indent=on&wt=xml&version=2.2} status=0 QTime=81 
Jun 7, 2011 11:47:14 PM org.apache.solr.update.DirectUpdateHandler2 commit
INFO: start commit(optimize=false,waitFlush=true,waitSearcher=true,expungeDeletes=false)
Jun 7, 2011 11:47:14 PM org.apache.solr.core.SolrDeletionPolicy onCommit
INFO: SolrDeletionPolicy.onCommit: commits:num=2
	commit{dir=/apache-tomcat-6.0.32/webapps/solr_site/data/index,segFN=segments_5,version=1307321445269,generation=5,filenames=[_0.tis, _3.frq, _3.tii, _1.frq, _3.fnm, _3.fdt, _2.tii, _1.fnm, _1.tii, _0.prx, _3.nrm, _2_2.del, _0.nrm, _1.tis, _0.fnm, _2.prx, _2.fdt, _2.frq, _3.prx, _2.fdx, _2.fnm, _3.fdx, _1.prx, _1.fdx, _2.tis, _0.tii, _1.fdt, _0.frq, _0.fdx, segments_5, _0.fdt, _1.nrm, _2.nrm, _3.tis]
	commit{dir=/apache-tomcat-6.0.32/webapps/solr_site/data/index,segFN=segments_6,version=1307321445273,generation=6,filenames=[_0.tis, _1.frq, _4.prx, _4.fnm, _2.tii, _1.fnm, _4.fdx, _4.frq, _1.tii, _4.tis, _0.prx, _2_2.del, _4.tii, _0.nrm, _1.tis, _0.fnm, _2.prx, _4.nrm, _2.fdt, _2.frq, _4.fdt, _2.fdx, _2.fnm, _1.prx, _1.fdx, _2.tis, _0.tii, _1.fdt, _0.frq, _0.fdx, segments_6, _0.fdt, _1.nrm, _2.nrm]
Jun 7, 2011 11:47:14 PM org.apache.solr.core.SolrDeletionPolicy updateCommits
INFO: newest commit = 1307321445273
Jun 7, 2011 11:47:14 PM org.apache.solr.search.SolrIndexSearcher <init>
INFO: Opening Searcher@43052ce main
Jun 7, 2011 11:47:14 PM org.apache.solr.update.DirectUpdateHandler2 commit
INFO: end_commit_flush
Jun 7, 2011 11:47:14 PM org.apache.solr.search.SolrIndexSearcher warm
INFO: autowarming Searcher@43052ce main from Searcher@4eff0d4b main
	fieldValueCache{lookups=0,hits=0,hitratio=0.00,inserts=0,evictions=0,size=0,warmupTime=0,cumulative_lookups=2,cumulative_hits=0,cumulative_hitratio=0.00,cumulative_inserts=1,cumulative_evictions=0}
Jun 7, 2011 11:47:14 PM org.apache.solr.search.SolrIndexSearcher warm
INFO: autowarming result for Searcher@43052ce main
	fieldValueCache{lookups=0,hits=0,hitratio=0.00,inserts=0,evictions=0,size=0,warmupTime=0,cumulative_lookups=2,cumulative_hits=0,cumulative_hitratio=0.00,cumulative_inserts=1,cumulative_evictions=0}
Jun 7, 2011 11:47:14 PM org.apache.solr.search.SolrIndexSearcher warm
INFO: autowarming Searcher@43052ce main from Searcher@4eff0d4b main
	filterCache{lookups=0,hits=0,hitratio=0.00,inserts=0,evictions=0,size=0,warmupTime=0,cumulative_lookups=32,cumulative_hits=2,cumulative_hitratio=0.06,cumulative_inserts=31,cumulative_evictions=0}
Jun 7, 2011 11:47:14 PM org.apache.solr.search.SolrIndexSearcher warm
INFO: autowarming result for Searcher@43052ce main
	filterCache{lookups=0,hits=0,hitratio=0.00,inserts=0,evictions=0,size=0,warmupTime=0,cumulative_lookups=32,cumulative_hits=2,cumulative_hitratio=0.06,cumulative_inserts=31,cumulative_evictions=0}
Jun 7, 2011 11:47:14 PM org.apache.solr.search.SolrIndexSearcher warm
INFO: autowarming Searcher@43052ce main from Searcher@4eff0d4b main
	queryResultCache{lookups=1,hits=0,hitratio=0.00,inserts=1,evictions=0,size=1,warmupTime=0,cumulative_lookups=42,cumulative_hits=20,cumulative_hitratio=0.47,cumulative_inserts=22,cumulative_evictions=0}
Jun 7, 2011 11:47:14 PM org.apache.solr.search.SolrIndexSearcher warm
INFO: autowarming result for Searcher@43052ce main
	queryResultCache{lookups=0,hits=0,hitratio=0.00,inserts=0,evictions=0,size=0,warmupTime=0,cumulative_lookups=42,cumulative_hits=20,cumulative_hitratio=0.47,cumulative_inserts=22,cumulative_evictions=0}
Jun 7, 2011 11:47:14 PM org.apache.solr.search.SolrIndexSearcher warm
INFO: autowarming Searcher@43052ce main from Searcher@4eff0d4b main
	documentCache{lookups=2,hits=1,hitratio=0.50,inserts=1,evictions=0,size=1,warmupTime=0,cumulative_lookups=76,cumulative_hits=68,cumulative_hitratio=0.89,cumulative_inserts=8,cumulative_evictions=0}
Jun 7, 2011 11:47:14 PM org.apache.solr.search.SolrIndexSearcher warm
INFO: autowarming result for Searcher@43052ce main
	documentCache{lookups=0,hits=0,hitratio=0.00,inserts=0,evictions=0,size=0,warmupTime=0,cumulative_lookups=76,cumulative_hits=68,cumulative_hitratio=0.89,cumulative_inserts=8,cumulative_evictions=0}
Jun 7, 2011 11:47:14 PM org.apache.solr.core.QuerySenderListener newSearcher
INFO: QuerySenderListener sending requests to Searcher@43052ce main
Jun 7, 2011 11:47:14 PM org.apache.solr.core.QuerySenderListener newSearcher
INFO: QuerySenderListener done.
Jun 7, 2011 11:47:14 PM org.apache.solr.core.SolrCore registerSearcher
INFO: [] Registered new searcher Searcher@43052ce main
Jun 7, 2011 11:47:14 PM org.apache.solr.search.SolrIndexSearcher close
INFO: Closing Searcher@4eff0d4b main
	fieldValueCache{lookups=0,hits=0,hitratio=0.00,inserts=0,evictions=0,size=0,warmupTime=0,cumulative_lookups=2,cumulative_hits=0,cumulative_hitratio=0.00,cumulative_inserts=1,cumulative_evictions=0}
	filterCache{lookups=0,hits=0,hitratio=0.00,inserts=0,evictions=0,size=0,warmupTime=0,cumulative_lookups=32,cumulative_hits=2,cumulative_hitratio=0.06,cumulative_inserts=31,cumulative_evictions=0}
	queryResultCache{lookups=1,hits=0,hitratio=0.00,inserts=1,evictions=0,size=1,warmupTime=0,cumulative_lookups=42,cumulative_hits=20,cumulative_hitratio=0.47,cumulative_inserts=22,cumulative_evictions=0}
	documentCache{lookups=2,hits=1,hitratio=0.50,inserts=1,evictions=0,size=1,warmupTime=0,cumulative_lookups=76,cumulative_hits=68,cumulative_hitratio=0.89,cumulative_inserts=8,cumulative_evictions=0}
Jun 7, 2011 11:47:14 PM org.apache.solr.update.processor.LogUpdateProcessor finish
INFO: {commit=} 0 236
Jun 7, 2011 11:47:14 PM org.apache.solr.core.SolrCore execute
INFO: [] webapp=/solr path=/update/ params={indent=on&wt=xml&version=2.2} status=0 QTime=236 
Jun 7, 2011 11:47:14 PM org.apache.solr.core.SolrCore execute
INFO: [] webapp=/solr path=/select/ params={fl=cat,features,id,timestamp&indent=on&start=0&q=lucene&wt=xml&rows=50&version=2.2} hits=1 status=0 QTime=2 
Jun 7, 2011 11:48:02 PM org.apache.solr.core.SolrDeletionPolicy onInit
INFO: SolrDeletionPolicy.onInit: commits:num=1
	commit{dir=/apache-tomcat-6.0.32/webapps/solr_site/data/index,segFN=segments_6,version=1307321445273,generation=6,filenames=[_0.tis, _1.frq, _4.prx, _4.fnm, _2.tii, _1.fnm, _4.fdx, _4.frq, _1.tii, _4.tis, _0.prx, _2_2.del, _4.tii, _0.nrm, _1.tis, _0.fnm, _2.prx, _4.nrm, _2.fdt, _2.frq, _4.fdt, _2.fdx, _2.fnm, _1.prx, _1.fdx, _2.tis, _0.tii, _1.fdt, _0.frq, _0.fdx, segments_6, _0.fdt, _1.nrm, _2.nrm]
Jun 7, 2011 11:48:02 PM org.apache.solr.core.SolrDeletionPolicy updateCommits
INFO: newest commit = 1307321445273
Jun 7, 2011 11:48:02 PM org.apache.solr.update.processor.LogUpdateProcessor finish
INFO: {add=[334455]} 0 7
Jun 7, 2011 11:48:02 PM org.apache.solr.core.SolrCore execute
INFO: [] webapp=/solr path=/update/ params={indent=on&wt=xml&version=2.2} status=0 QTime=7 
Jun 7, 2011 11:49:03 PM org.apache.solr.update.processor.LogUpdateProcessor finish
INFO: {add=[334455]} 0 1
Jun 7, 2011 11:49:03 PM org.apache.solr.core.SolrCore execute
INFO: [] webapp=/solr path=/update/ params={indent=on&wt=xml&version=2.2} status=0 QTime=1 
Jun 7, 2011 11:49:11 PM org.apache.solr.update.processor.LogUpdateProcessor finish
INFO: {add=[334455]} 0 1
Jun 7, 2011 11:49:11 PM org.apache.solr.core.SolrCore execute
INFO: [] webapp=/solr path=/update/ params={indent=on&wt=xml&version=2.2} status=0 QTime=1 
Jun 7, 2011 11:49:11 PM org.apache.solr.update.DirectUpdateHandler2 commit
INFO: start commit(optimize=false,waitFlush=true,waitSearcher=true,expungeDeletes=false)
Jun 7, 2011 11:49:11 PM org.apache.solr.core.SolrDeletionPolicy onCommit
INFO: SolrDeletionPolicy.onCommit: commits:num=2
	commit{dir=/apache-tomcat-6.0.32/webapps/solr_site/data/index,segFN=segments_6,version=1307321445273,generation=6,filenames=[_0.tis, _1.frq, _4.prx, _4.fnm, _2.tii, _1.fnm, _4.fdx, _4.frq, _1.tii, _4.tis, _0.prx, _2_2.del, _4.tii, _0.nrm, _1.tis, _0.fnm, _2.prx, _4.nrm, _2.fdt, _2.frq, _4.fdt, _2.fdx, _2.fnm, _1.prx, _1.fdx, _2.tis, _0.tii, _1.fdt, _0.frq, _0.fdx, segments_6, _0.fdt, _1.nrm, _2.nrm]
	commit{dir=/apache-tomcat-6.0.32/webapps/solr_site/data/index,segFN=segments_7,version=1307321445277,generation=7,filenames=[_0.tis, _5.prx, _5.fdt, _1.frq, _2.tii, _1.fnm, _5.tis, _5.nrm, _1.tii, _0.prx, _2_2.del, _0.nrm, _5.fnm, _1.tis, _0.fnm, _2.prx, _2.fdt, _2.frq, _5.frq, _5.tii, _2.fdx, _2.fnm, _1.prx, _1.fdx, segments_7, _2.tis, _0.tii, _1.fdt, _0.frq, _5.fdx, _0.fdx, _5_1.del, _0.fdt, _1.nrm, _2.nrm]
Jun 7, 2011 11:49:11 PM org.apache.solr.core.SolrDeletionPolicy updateCommits
INFO: newest commit = 1307321445277
Jun 7, 2011 11:49:11 PM org.apache.solr.search.SolrIndexSearcher <init>
INFO: Opening Searcher@3328e909 main
Jun 7, 2011 11:49:11 PM org.apache.solr.update.DirectUpdateHandler2 commit
INFO: end_commit_flush
Jun 7, 2011 11:49:11 PM org.apache.solr.search.SolrIndexSearcher warm
INFO: autowarming Searcher@3328e909 main from Searcher@43052ce main
	fieldValueCache{lookups=0,hits=0,hitratio=0.00,inserts=0,evictions=0,size=0,warmupTime=0,cumulative_lookups=2,cumulative_hits=0,cumulative_hitratio=0.00,cumulative_inserts=1,cumulative_evictions=0}
Jun 7, 2011 11:49:11 PM org.apache.solr.search.SolrIndexSearcher warm
INFO: autowarming result for Searcher@3328e909 main
	fieldValueCache{lookups=0,hits=0,hitratio=0.00,inserts=0,evictions=0,size=0,warmupTime=0,cumulative_lookups=2,cumulative_hits=0,cumulative_hitratio=0.00,cumulative_inserts=1,cumulative_evictions=0}
Jun 7, 2011 11:49:11 PM org.apache.solr.search.SolrIndexSearcher warm
INFO: autowarming Searcher@3328e909 main from Searcher@43052ce main
	filterCache{lookups=0,hits=0,hitratio=0.00,inserts=0,evictions=0,size=0,warmupTime=0,cumulative_lookups=32,cumulative_hits=2,cumulative_hitratio=0.06,cumulative_inserts=31,cumulative_evictions=0}
Jun 7, 2011 11:49:11 PM org.apache.solr.search.SolrIndexSearcher warm
INFO: autowarming result for Searcher@3328e909 main
	filterCache{lookups=0,hits=0,hitratio=0.00,inserts=0,evictions=0,size=0,warmupTime=0,cumulative_lookups=32,cumulative_hits=2,cumulative_hitratio=0.06,cumulative_inserts=31,cumulative_evictions=0}
Jun 7, 2011 11:49:11 PM org.apache.solr.search.SolrIndexSearcher warm
INFO: autowarming Searcher@3328e909 main from Searcher@43052ce main
	queryResultCache{lookups=1,hits=0,hitratio=0.00,inserts=1,evictions=0,size=1,warmupTime=0,cumulative_lookups=43,cumulative_hits=20,cumulative_hitratio=0.46,cumulative_inserts=23,cumulative_evictions=0}
Jun 7, 2011 11:49:11 PM org.apache.solr.search.SolrIndexSearcher warm
INFO: autowarming result for Searcher@3328e909 main
	queryResultCache{lookups=0,hits=0,hitratio=0.00,inserts=0,evictions=0,size=0,warmupTime=0,cumulative_lookups=43,cumulative_hits=20,cumulative_hitratio=0.46,cumulative_inserts=23,cumulative_evictions=0}
Jun 7, 2011 11:49:11 PM org.apache.solr.search.SolrIndexSearcher warm
INFO: autowarming Searcher@3328e909 main from Searcher@43052ce main
	documentCache{lookups=2,hits=1,hitratio=0.50,inserts=1,evictions=0,size=1,warmupTime=0,cumulative_lookups=78,cumulative_hits=69,cumulative_hitratio=0.88,cumulative_inserts=9,cumulative_evictions=0}
Jun 7, 2011 11:49:11 PM org.apache.solr.search.SolrIndexSearcher warm
INFO: autowarming result for Searcher@3328e909 main
	documentCache{lookups=0,hits=0,hitratio=0.00,inserts=0,evictions=0,size=0,warmupTime=0,cumulative_lookups=78,cumulative_hits=69,cumulative_hitratio=0.88,cumulative_inserts=9,cumulative_evictions=0}
Jun 7, 2011 11:49:11 PM org.apache.solr.core.QuerySenderListener newSearcher
INFO: QuerySenderListener sending requests to Searcher@3328e909 main
Jun 7, 2011 11:49:11 PM org.apache.solr.core.QuerySenderListener newSearcher
INFO: QuerySenderListener done.
Jun 7, 2011 11:49:11 PM org.apache.solr.core.SolrCore registerSearcher
INFO: [] Registered new searcher Searcher@3328e909 main
Jun 7, 2011 11:49:11 PM org.apache.solr.search.SolrIndexSearcher close
INFO: Closing Searcher@43052ce main
	fieldValueCache{lookups=0,hits=0,hitratio=0.00,inserts=0,evictions=0,size=0,warmupTime=0,cumulative_lookups=2,cumulative_hits=0,cumulative_hitratio=0.00,cumulative_inserts=1,cumulative_evictions=0}
	filterCache{lookups=0,hits=0,hitratio=0.00,inserts=0,evictions=0,size=0,warmupTime=0,cumulative_lookups=32,cumulative_hits=2,cumulative_hitratio=0.06,cumulative_inserts=31,cumulative_evictions=0}
	queryResultCache{lookups=1,hits=0,hitratio=0.00,inserts=1,evictions=0,size=1,warmupTime=0,cumulative_lookups=43,cumulative_hits=20,cumulative_hitratio=0.46,cumulative_inserts=23,cumulative_evictions=0}
	documentCache{lookups=2,hits=1,hitratio=0.50,inserts=1,evictions=0,size=1,warmupTime=0,cumulative_lookups=78,cumulative_hits=69,cumulative_hitratio=0.88,cumulative_inserts=9,cumulative_evictions=0}
Jun 7, 2011 11:49:11 PM org.apache.solr.update.processor.LogUpdateProcessor finish
INFO: {commit=} 0 33
Jun 7, 2011 11:49:11 PM org.apache.solr.core.SolrCore execute
INFO: [] webapp=/solr path=/update/ params={indent=on&wt=xml&version=2.2} status=0 QTime=33 
Jun 7, 2011 11:49:11 PM org.apache.solr.core.SolrCore execute
INFO: [] webapp=/solr path=/select/ params={fl=cat,features,id,timestamp&indent=on&start=0&q=lucene&wt=xml&rows=50&version=2.2} hits=1 status=0 QTime=2 
Jun 7, 2011 11:49:29 PM org.apache.solr.core.SolrCore execute
INFO: [] webapp=/solr path=/select/ params={indent=on&start=0&q=*Lucene*&rows=10&version=2.2} hits=0 status=0 QTime=3 
Jun 7, 2011 11:49:49 PM org.apache.solr.core.SolrCore execute
INFO: [] webapp=/solr path=/select/ params={indent=on&start=0&q=*l*&rows=10&version=2.2} hits=5 status=0 QTime=34 
Jun 7, 2011 11:50:09 PM org.apache.solr.core.SolrCore execute
INFO: [] webapp=/solr path=/select/ params={indent=on&start=0&q=*features*&rows=10&version=2.2} hits=0 status=0 QTime=5 
Jun 7, 2011 11:50:58 PM org.apache.solr.core.SolrCore execute
INFO: [] webapp=/solr path=/select/ params={indent=on&start=0&q=**&rows=10&version=2.2} hits=5 status=0 QTime=40 
Jun 7, 2011 11:51:55 PM org.apache.solr.core.SolrDeletionPolicy onInit
INFO: SolrDeletionPolicy.onInit: commits:num=1
	commit{dir=/apache-tomcat-6.0.32/webapps/solr_site/data/index,segFN=segments_7,version=1307321445277,generation=7,filenames=[_0.tis, _5.prx, _5.fdt, _1.frq, _2.tii, _1.fnm, _5.tis, _5.nrm, _1.tii, _0.prx, _2_2.del, _0.nrm, _5.fnm, _1.tis, _0.fnm, _2.prx, _2.fdt, _2.frq, _5.frq, _5.tii, _2.fdx, _2.fnm, _1.prx, _1.fdx, segments_7, _2.tis, _0.tii, _1.fdt, _0.frq, _5.fdx, _0.fdx, _5_1.del, _0.fdt, _1.nrm, _2.nrm]
Jun 7, 2011 11:51:55 PM org.apache.solr.core.SolrDeletionPolicy updateCommits
INFO: newest commit = 1307321445277
Jun 7, 2011 11:51:55 PM org.apache.solr.update.processor.LogUpdateProcessor finish
INFO: {add=[334455]} 0 74
Jun 7, 2011 11:51:55 PM org.apache.solr.core.SolrCore execute
INFO: [] webapp=/solr path=/update/ params={indent=on&wt=xml&version=2.2} status=0 QTime=74 
Jun 7, 2011 11:51:55 PM org.apache.solr.update.DirectUpdateHandler2 commit
INFO: start commit(optimize=false,waitFlush=true,waitSearcher=true,expungeDeletes=false)
Jun 7, 2011 11:51:55 PM org.apache.solr.core.SolrDeletionPolicy onCommit
INFO: SolrDeletionPolicy.onCommit: commits:num=2
	commit{dir=/apache-tomcat-6.0.32/webapps/solr_site/data/index,segFN=segments_7,version=1307321445277,generation=7,filenames=[_0.tis, _5.prx, _5.fdt, _1.frq, _2.tii, _1.fnm, _5.tis, _5.nrm, _1.tii, _0.prx, _2_2.del, _0.nrm, _5.fnm, _1.tis, _0.fnm, _2.prx, _2.fdt, _2.frq, _5.frq, _5.tii, _2.fdx, _2.fnm, _1.prx, _1.fdx, segments_7, _2.tis, _0.tii, _1.fdt, _0.frq, _5.fdx, _0.fdx, _5_1.del, _0.fdt, _1.nrm, _2.nrm]
	commit{dir=/apache-tomcat-6.0.32/webapps/solr_site/data/index,segFN=segments_8,version=1307321445281,generation=8,filenames=[_0.tis, _1.frq, _6.frq, _6.fdx, _2.tii, _1.fnm, _6.tis, _1.tii, _0.prx, _2_2.del, _0.nrm, _1.tis, _0.fnm, _2.prx, _6.tii, _2.fdt, _2.frq, _2.fdx, _2.fnm, _1.prx, _1.fdx, _2.tis, segments_8, _0.tii, _6.prx, _1.fdt, _0.frq, _6.fnm, _0.fdx, _6.fdt, _6.nrm, _0.fdt, _1.nrm, _2.nrm]
Jun 7, 2011 11:51:55 PM org.apache.solr.core.SolrDeletionPolicy updateCommits
INFO: newest commit = 1307321445281
Jun 7, 2011 11:51:55 PM org.apache.solr.search.SolrIndexSearcher <init>
INFO: Opening Searcher@2430f369 main
Jun 7, 2011 11:51:55 PM org.apache.solr.update.DirectUpdateHandler2 commit
INFO: end_commit_flush
Jun 7, 2011 11:51:55 PM org.apache.solr.search.SolrIndexSearcher warm
INFO: autowarming Searcher@2430f369 main from Searcher@3328e909 main
	fieldValueCache{lookups=0,hits=0,hitratio=0.00,inserts=0,evictions=0,size=0,warmupTime=0,cumulative_lookups=2,cumulative_hits=0,cumulative_hitratio=0.00,cumulative_inserts=1,cumulative_evictions=0}
Jun 7, 2011 11:51:55 PM org.apache.solr.search.SolrIndexSearcher warm
INFO: autowarming result for Searcher@2430f369 main
	fieldValueCache{lookups=0,hits=0,hitratio=0.00,inserts=0,evictions=0,size=0,warmupTime=0,cumulative_lookups=2,cumulative_hits=0,cumulative_hitratio=0.00,cumulative_inserts=1,cumulative_evictions=0}
Jun 7, 2011 11:51:55 PM org.apache.solr.search.SolrIndexSearcher warm
INFO: autowarming Searcher@2430f369 main from Searcher@3328e909 main
	filterCache{lookups=0,hits=0,hitratio=0.00,inserts=0,evictions=0,size=0,warmupTime=0,cumulative_lookups=32,cumulative_hits=2,cumulative_hitratio=0.06,cumulative_inserts=31,cumulative_evictions=0}
Jun 7, 2011 11:51:55 PM org.apache.solr.search.SolrIndexSearcher warm
INFO: autowarming result for Searcher@2430f369 main
	filterCache{lookups=0,hits=0,hitratio=0.00,inserts=0,evictions=0,size=0,warmupTime=0,cumulative_lookups=32,cumulative_hits=2,cumulative_hitratio=0.06,cumulative_inserts=31,cumulative_evictions=0}
Jun 7, 2011 11:51:55 PM org.apache.solr.search.SolrIndexSearcher warm
INFO: autowarming Searcher@2430f369 main from Searcher@3328e909 main
	queryResultCache{lookups=5,hits=0,hitratio=0.00,inserts=5,evictions=0,size=5,warmupTime=0,cumulative_lookups=48,cumulative_hits=20,cumulative_hitratio=0.41,cumulative_inserts=28,cumulative_evictions=0}
Jun 7, 2011 11:51:55 PM org.apache.solr.search.SolrIndexSearcher warm
INFO: autowarming result for Searcher@2430f369 main
	queryResultCache{lookups=0,hits=0,hitratio=0.00,inserts=0,evictions=0,size=0,warmupTime=0,cumulative_lookups=48,cumulative_hits=20,cumulative_hitratio=0.41,cumulative_inserts=28,cumulative_evictions=0}
Jun 7, 2011 11:51:55 PM org.apache.solr.search.SolrIndexSearcher warm
INFO: autowarming Searcher@2430f369 main from Searcher@3328e909 main
	documentCache{lookups=22,hits=17,hitratio=0.77,inserts=5,evictions=0,size=5,warmupTime=0,cumulative_lookups=100,cumulative_hits=86,cumulative_hitratio=0.86,cumulative_inserts=14,cumulative_evictions=0}
Jun 7, 2011 11:51:55 PM org.apache.solr.search.SolrIndexSearcher warm
INFO: autowarming result for Searcher@2430f369 main
	documentCache{lookups=0,hits=0,hitratio=0.00,inserts=0,evictions=0,size=0,warmupTime=0,cumulative_lookups=100,cumulative_hits=86,cumulative_hitratio=0.86,cumulative_inserts=14,cumulative_evictions=0}
Jun 7, 2011 11:51:55 PM org.apache.solr.core.QuerySenderListener newSearcher
INFO: QuerySenderListener sending requests to Searcher@2430f369 main
Jun 7, 2011 11:51:55 PM org.apache.solr.core.QuerySenderListener newSearcher
INFO: QuerySenderListener done.
Jun 7, 2011 11:51:55 PM org.apache.solr.core.SolrCore registerSearcher
INFO: [] Registered new searcher Searcher@2430f369 main
Jun 7, 2011 11:51:55 PM org.apache.solr.search.SolrIndexSearcher close
INFO: Closing Searcher@3328e909 main
	fieldValueCache{lookups=0,hits=0,hitratio=0.00,inserts=0,evictions=0,size=0,warmupTime=0,cumulative_lookups=2,cumulative_hits=0,cumulative_hitratio=0.00,cumulative_inserts=1,cumulative_evictions=0}
	filterCache{lookups=0,hits=0,hitratio=0.00,inserts=0,evictions=0,size=0,warmupTime=0,cumulative_lookups=32,cumulative_hits=2,cumulative_hitratio=0.06,cumulative_inserts=31,cumulative_evictions=0}
	queryResultCache{lookups=5,hits=0,hitratio=0.00,inserts=5,evictions=0,size=5,warmupTime=0,cumulative_lookups=48,cumulative_hits=20,cumulative_hitratio=0.41,cumulative_inserts=28,cumulative_evictions=0}
	documentCache{lookups=22,hits=17,hitratio=0.77,inserts=5,evictions=0,size=5,warmupTime=0,cumulative_lookups=100,cumulative_hits=86,cumulative_hitratio=0.86,cumulative_inserts=14,cumulative_evictions=0}
Jun 7, 2011 11:51:55 PM org.apache.solr.update.processor.LogUpdateProcessor finish
INFO: {commit=} 0 191
Jun 7, 2011 11:51:55 PM org.apache.solr.core.SolrCore execute
INFO: [] webapp=/solr path=/update/ params={indent=on&wt=xml&version=2.2} status=0 QTime=191 
Jun 7, 2011 11:51:55 PM org.apache.solr.core.SolrCore execute
INFO: [] webapp=/solr path=/select/ params={fl=cat,features,id,timestamp&indent=on&start=0&q=lucene&wt=xml&rows=50&version=2.2} hits=1 status=0 QTime=2 
Jun 7, 2011 11:52:05 PM org.apache.solr.core.SolrCore execute
INFO: [] webapp=/solr path=/select/ params={indent=on&start=0&q=*php*&rows=10&version=2.2} hits=1 status=0 QTime=5 
