Sep 4, 2011 12:02:47 PM org.apache.catalina.core.AprLifecycleListener init
INFO: The APR based Apache Tomcat Native library which allows optimal performance in production environments was not found on the java.library.path: .:/Library/Java/Extensions:/System/Library/Java/Extensions:/usr/lib/java
Sep 4, 2011 12:02:47 PM org.apache.coyote.http11.Http11Protocol init
SEVERE: Error initializing endpoint
java.net.BindException: Address already in use <null>:8080
	at org.apache.tomcat.util.net.JIoEndpoint.init(JIoEndpoint.java:549)
	at org.apache.coyote.http11.Http11Protocol.init(Http11Protocol.java:176)
	at org.apache.catalina.connector.Connector.initialize(Connector.java:1022)
	at org.apache.catalina.core.StandardService.initialize(StandardService.java:703)
	at org.apache.catalina.core.StandardServer.initialize(StandardServer.java:838)
	at org.apache.catalina.startup.Catalina.load(Catalina.java:538)
	at org.apache.catalina.startup.Catalina.load(Catalina.java:562)
	at sun.reflect.NativeMethodAccessorImpl.invoke0(Native Method)
	at sun.reflect.NativeMethodAccessorImpl.invoke(NativeMethodAccessorImpl.java:39)
	at sun.reflect.DelegatingMethodAccessorImpl.invoke(DelegatingMethodAccessorImpl.java:25)
	at java.lang.reflect.Method.invoke(Method.java:597)
	at org.apache.catalina.startup.Bootstrap.load(Bootstrap.java:261)
	at org.apache.catalina.startup.Bootstrap.main(Bootstrap.java:413)
Caused by: java.net.BindException: Address already in use
	at java.net.PlainSocketImpl.socketBind(Native Method)
	at java.net.PlainSocketImpl.bind(PlainSocketImpl.java:383)
	at java.net.ServerSocket.bind(ServerSocket.java:328)
	at java.net.ServerSocket.<init>(ServerSocket.java:194)
	at java.net.ServerSocket.<init>(ServerSocket.java:150)
	at org.apache.tomcat.util.net.DefaultServerSocketFactory.createSocket(DefaultServerSocketFactory.java:50)
	at org.apache.tomcat.util.net.JIoEndpoint.init(JIoEndpoint.java:538)
	... 12 more
Sep 4, 2011 12:02:47 PM org.apache.catalina.core.StandardService initialize
SEVERE: Failed to initialize connector [Connector[HTTP/1.1-8080]]
LifecycleException:  Protocol handler initialization failed: java.net.BindException: Address already in use <null>:8080
	at org.apache.catalina.connector.Connector.initialize(Connector.java:1024)
	at org.apache.catalina.core.StandardService.initialize(StandardService.java:703)
	at org.apache.catalina.core.StandardServer.initialize(StandardServer.java:838)
	at org.apache.catalina.startup.Catalina.load(Catalina.java:538)
	at org.apache.catalina.startup.Catalina.load(Catalina.java:562)
	at sun.reflect.NativeMethodAccessorImpl.invoke0(Native Method)
	at sun.reflect.NativeMethodAccessorImpl.invoke(NativeMethodAccessorImpl.java:39)
	at sun.reflect.DelegatingMethodAccessorImpl.invoke(DelegatingMethodAccessorImpl.java:25)
	at java.lang.reflect.Method.invoke(Method.java:597)
	at org.apache.catalina.startup.Bootstrap.load(Bootstrap.java:261)
	at org.apache.catalina.startup.Bootstrap.main(Bootstrap.java:413)
Sep 4, 2011 12:02:47 PM org.apache.catalina.startup.Catalina load
INFO: Initialization processed in 1588 ms
Sep 4, 2011 12:02:48 PM org.apache.catalina.core.StandardService start
INFO: Starting service Catalina
Sep 4, 2011 12:02:48 PM org.apache.catalina.core.StandardEngine start
INFO: Starting Servlet Engine: Apache Tomcat/6.0.32
Sep 4, 2011 12:02:48 PM org.apache.catalina.startup.HostConfig deployDescriptor
INFO: Deploying configuration descriptor host-manager.xml
Sep 4, 2011 12:02:48 PM org.apache.catalina.startup.HostConfig deployDescriptor
INFO: Deploying configuration descriptor manager.xml
Sep 4, 2011 12:02:48 PM org.apache.catalina.startup.HostConfig deployWAR
INFO: Deploying web application archive solr.war
Sep 4, 2011 12:02:49 PM org.apache.solr.core.SolrResourceLoader locateSolrHome
INFO: Using JNDI solr.home: /apache-tomcat-6.0.32/webapps/solr_site/
Sep 4, 2011 12:02:49 PM org.apache.solr.core.SolrResourceLoader <init>
INFO: Solr home set to '/apache-tomcat-6.0.32/webapps/solr_site/'
Sep 4, 2011 12:02:50 PM org.apache.solr.servlet.SolrDispatchFilter init
INFO: SolrDispatchFilter.init()
Sep 4, 2011 12:02:50 PM org.apache.solr.core.SolrResourceLoader locateSolrHome
INFO: Using JNDI solr.home: /apache-tomcat-6.0.32/webapps/solr_site/
Sep 4, 2011 12:02:50 PM org.apache.solr.core.CoreContainer$Initializer initialize
INFO: looking for solr.xml: /apache-tomcat-6.0.32/webapps/solr_site/solr.xml
Sep 4, 2011 12:02:50 PM org.apache.solr.core.SolrResourceLoader locateSolrHome
INFO: Using JNDI solr.home: /apache-tomcat-6.0.32/webapps/solr_site/
Sep 4, 2011 12:02:50 PM org.apache.solr.core.CoreContainer <init>
INFO: New CoreContainer: solrHome=/apache-tomcat-6.0.32/webapps/solr_site/ instance=1969544891
Sep 4, 2011 12:02:50 PM org.apache.solr.core.SolrResourceLoader <init>
INFO: Solr home set to '/apache-tomcat-6.0.32/webapps/solr_site/'
Sep 4, 2011 12:02:50 PM org.apache.solr.core.SolrResourceLoader <init>
INFO: Solr home set to '/apache-tomcat-6.0.32/webapps/solr_site/./'
Sep 4, 2011 12:02:50 PM org.apache.solr.core.SolrConfig initLibs
INFO: Adding specified lib dirs to ClassLoader
Sep 4, 2011 12:02:50 PM org.apache.solr.core.SolrConfig <init>
INFO: Using Lucene MatchVersion: LUCENE_32
Sep 4, 2011 12:02:51 PM org.apache.solr.core.SolrConfig <init>
INFO: Loaded SolrConfig: solrconfig.xml
Sep 4, 2011 12:02:51 PM org.apache.solr.schema.IndexSchema readSchema
INFO: Reading Solr Schema
Sep 4, 2011 12:02:51 PM org.apache.solr.schema.IndexSchema readSchema
INFO: Schema name=example
Sep 4, 2011 12:02:51 PM org.apache.solr.util.plugin.AbstractPluginLoader load
INFO: created string: org.apache.solr.schema.StrField
Sep 4, 2011 12:02:51 PM org.apache.solr.util.plugin.AbstractPluginLoader load
INFO: created boolean: org.apache.solr.schema.BoolField
Sep 4, 2011 12:02:51 PM org.apache.solr.util.plugin.AbstractPluginLoader load
INFO: created binary: org.apache.solr.schema.BinaryField
Sep 4, 2011 12:02:51 PM org.apache.solr.util.plugin.AbstractPluginLoader load
INFO: created int: org.apache.solr.schema.TrieIntField
Sep 4, 2011 12:02:51 PM org.apache.solr.util.plugin.AbstractPluginLoader load
INFO: created float: org.apache.solr.schema.TrieFloatField
Sep 4, 2011 12:02:51 PM org.apache.solr.util.plugin.AbstractPluginLoader load
INFO: created long: org.apache.solr.schema.TrieLongField
Sep 4, 2011 12:02:51 PM org.apache.solr.util.plugin.AbstractPluginLoader load
INFO: created double: org.apache.solr.schema.TrieDoubleField
Sep 4, 2011 12:02:51 PM org.apache.solr.util.plugin.AbstractPluginLoader load
INFO: created tint: org.apache.solr.schema.TrieIntField
Sep 4, 2011 12:02:51 PM org.apache.solr.util.plugin.AbstractPluginLoader load
INFO: created tfloat: org.apache.solr.schema.TrieFloatField
Sep 4, 2011 12:02:51 PM org.apache.solr.util.plugin.AbstractPluginLoader load
INFO: created tlong: org.apache.solr.schema.TrieLongField
Sep 4, 2011 12:02:51 PM org.apache.solr.util.plugin.AbstractPluginLoader load
INFO: created tdouble: org.apache.solr.schema.TrieDoubleField
Sep 4, 2011 12:02:51 PM org.apache.solr.util.plugin.AbstractPluginLoader load
INFO: created date: org.apache.solr.schema.TrieDateField
Sep 4, 2011 12:02:51 PM org.apache.solr.util.plugin.AbstractPluginLoader load
INFO: created tdate: org.apache.solr.schema.TrieDateField
Sep 4, 2011 12:02:51 PM org.apache.solr.util.plugin.AbstractPluginLoader load
INFO: created pint: org.apache.solr.schema.IntField
Sep 4, 2011 12:02:51 PM org.apache.solr.util.plugin.AbstractPluginLoader load
INFO: created plong: org.apache.solr.schema.LongField
Sep 4, 2011 12:02:51 PM org.apache.solr.util.plugin.AbstractPluginLoader load
INFO: created pfloat: org.apache.solr.schema.FloatField
Sep 4, 2011 12:02:51 PM org.apache.solr.util.plugin.AbstractPluginLoader load
INFO: created pdouble: org.apache.solr.schema.DoubleField
Sep 4, 2011 12:02:51 PM org.apache.solr.util.plugin.AbstractPluginLoader load
INFO: created pdate: org.apache.solr.schema.DateField
Sep 4, 2011 12:02:51 PM org.apache.solr.util.plugin.AbstractPluginLoader load
INFO: created sint: org.apache.solr.schema.SortableIntField
Sep 4, 2011 12:02:51 PM org.apache.solr.util.plugin.AbstractPluginLoader load
INFO: created slong: org.apache.solr.schema.SortableLongField
Sep 4, 2011 12:02:51 PM org.apache.solr.util.plugin.AbstractPluginLoader load
INFO: created sfloat: org.apache.solr.schema.SortableFloatField
Sep 4, 2011 12:02:51 PM org.apache.solr.util.plugin.AbstractPluginLoader load
INFO: created sdouble: org.apache.solr.schema.SortableDoubleField
Sep 4, 2011 12:02:52 PM org.apache.solr.util.plugin.AbstractPluginLoader load
INFO: created random: org.apache.solr.schema.RandomSortField
Sep 4, 2011 12:02:52 PM org.apache.solr.util.plugin.AbstractPluginLoader load
INFO: created : org.apache.solr.analysis.WhitespaceTokenizerFactory
Sep 4, 2011 12:02:52 PM org.apache.solr.util.plugin.AbstractPluginLoader load
INFO: created text_ws: org.apache.solr.schema.TextField
Sep 4, 2011 12:02:52 PM org.apache.solr.util.plugin.AbstractPluginLoader load
INFO: created : org.apache.solr.analysis.WhitespaceTokenizerFactory
Sep 4, 2011 12:02:52 PM org.apache.solr.util.plugin.AbstractPluginLoader load
INFO: created : org.apache.solr.analysis.SynonymFilterFactory
Sep 4, 2011 12:02:52 PM org.apache.solr.util.plugin.AbstractPluginLoader load
INFO: created : org.apache.solr.analysis.StopFilterFactory
Sep 4, 2011 12:02:52 PM org.apache.solr.util.plugin.AbstractPluginLoader load
INFO: created : org.apache.solr.analysis.WordDelimiterFilterFactory
Sep 4, 2011 12:02:52 PM org.apache.solr.util.plugin.AbstractPluginLoader load
INFO: created : org.apache.solr.analysis.LowerCaseFilterFactory
Sep 4, 2011 12:02:52 PM org.apache.solr.util.plugin.AbstractPluginLoader load
INFO: created : org.apache.solr.analysis.KeywordMarkerFilterFactory
Sep 4, 2011 12:02:52 PM org.apache.solr.util.plugin.AbstractPluginLoader load
INFO: created : org.apache.solr.analysis.PorterStemFilterFactory
Sep 4, 2011 12:02:52 PM org.apache.solr.util.plugin.AbstractPluginLoader load
INFO: created : org.apache.solr.analysis.WhitespaceTokenizerFactory
Sep 4, 2011 12:02:52 PM org.apache.solr.util.plugin.AbstractPluginLoader load
INFO: created : org.apache.solr.analysis.StopFilterFactory
Sep 4, 2011 12:02:52 PM org.apache.solr.util.plugin.AbstractPluginLoader load
INFO: created : org.apache.solr.analysis.WordDelimiterFilterFactory
Sep 4, 2011 12:02:52 PM org.apache.solr.util.plugin.AbstractPluginLoader load
INFO: created : org.apache.solr.analysis.LowerCaseFilterFactory
Sep 4, 2011 12:02:52 PM org.apache.solr.util.plugin.AbstractPluginLoader load
INFO: created : org.apache.solr.analysis.KeywordMarkerFilterFactory
Sep 4, 2011 12:02:52 PM org.apache.solr.util.plugin.AbstractPluginLoader load
INFO: created : org.apache.solr.analysis.PorterStemFilterFactory
Sep 4, 2011 12:02:52 PM org.apache.solr.util.plugin.AbstractPluginLoader load
INFO: created text: org.apache.solr.schema.TextField
Sep 4, 2011 12:02:52 PM org.apache.solr.util.plugin.AbstractPluginLoader load
INFO: created : org.apache.solr.analysis.WhitespaceTokenizerFactory
Sep 4, 2011 12:02:52 PM org.apache.solr.util.plugin.AbstractPluginLoader load
INFO: created : org.apache.solr.analysis.SynonymFilterFactory
Sep 4, 2011 12:02:52 PM org.apache.solr.util.plugin.AbstractPluginLoader load
INFO: created : org.apache.solr.analysis.StopFilterFactory
Sep 4, 2011 12:02:52 PM org.apache.solr.util.plugin.AbstractPluginLoader load
INFO: created : org.apache.solr.analysis.WordDelimiterFilterFactory
Sep 4, 2011 12:02:52 PM org.apache.solr.util.plugin.AbstractPluginLoader load
INFO: created : org.apache.solr.analysis.LowerCaseFilterFactory
Sep 4, 2011 12:02:52 PM org.apache.solr.util.plugin.AbstractPluginLoader load
INFO: created : org.apache.solr.analysis.KeywordMarkerFilterFactory
Sep 4, 2011 12:02:52 PM org.apache.solr.util.plugin.AbstractPluginLoader load
INFO: created : org.apache.solr.analysis.EnglishMinimalStemFilterFactory
Sep 4, 2011 12:02:52 PM org.apache.solr.util.plugin.AbstractPluginLoader load
INFO: created : org.apache.solr.analysis.RemoveDuplicatesTokenFilterFactory
Sep 4, 2011 12:02:52 PM org.apache.solr.util.plugin.AbstractPluginLoader load
INFO: created textTight: org.apache.solr.schema.TextField
Sep 4, 2011 12:02:52 PM org.apache.solr.util.plugin.AbstractPluginLoader load
INFO: created : org.apache.solr.analysis.WhitespaceTokenizerFactory
Sep 4, 2011 12:02:52 PM org.apache.solr.util.plugin.AbstractPluginLoader load
INFO: created : org.apache.solr.analysis.SynonymFilterFactory
Sep 4, 2011 12:02:52 PM org.apache.solr.util.plugin.AbstractPluginLoader load
INFO: created : org.apache.solr.analysis.StopFilterFactory
Sep 4, 2011 12:02:52 PM org.apache.solr.util.plugin.AbstractPluginLoader load
INFO: created : org.apache.solr.analysis.WordDelimiterFilterFactory
Sep 4, 2011 12:02:52 PM org.apache.solr.util.plugin.AbstractPluginLoader load
INFO: created : org.apache.solr.analysis.LowerCaseFilterFactory
Sep 4, 2011 12:02:52 PM org.apache.solr.util.plugin.AbstractPluginLoader load
INFO: created : org.apache.solr.analysis.WhitespaceTokenizerFactory
Sep 4, 2011 12:02:52 PM org.apache.solr.util.plugin.AbstractPluginLoader load
INFO: created : org.apache.solr.analysis.StopFilterFactory
Sep 4, 2011 12:02:52 PM org.apache.solr.util.plugin.AbstractPluginLoader load
INFO: created : org.apache.solr.analysis.WordDelimiterFilterFactory
Sep 4, 2011 12:02:52 PM org.apache.solr.util.plugin.AbstractPluginLoader load
INFO: created : org.apache.solr.analysis.LowerCaseFilterFactory
Sep 4, 2011 12:02:52 PM org.apache.solr.util.plugin.AbstractPluginLoader load
INFO: created textgen: org.apache.solr.schema.TextField
Sep 4, 2011 12:02:52 PM org.apache.solr.util.plugin.AbstractPluginLoader load
INFO: created : org.apache.solr.analysis.WhitespaceTokenizerFactory
Sep 4, 2011 12:02:52 PM org.apache.solr.util.plugin.AbstractPluginLoader load
INFO: created : org.apache.solr.analysis.SynonymFilterFactory
Sep 4, 2011 12:02:52 PM org.apache.solr.util.plugin.AbstractPluginLoader load
INFO: created : org.apache.solr.analysis.StopFilterFactory
Sep 4, 2011 12:02:52 PM org.apache.solr.util.plugin.AbstractPluginLoader load
INFO: created : org.apache.solr.analysis.WordDelimiterFilterFactory
Sep 4, 2011 12:02:52 PM org.apache.solr.util.plugin.AbstractPluginLoader load
INFO: created : org.apache.solr.analysis.LowerCaseFilterFactory
Sep 4, 2011 12:02:52 PM org.apache.solr.util.plugin.AbstractPluginLoader load
INFO: created : org.apache.solr.analysis.WhitespaceTokenizerFactory
Sep 4, 2011 12:02:52 PM org.apache.solr.util.plugin.AbstractPluginLoader load
INFO: created : org.apache.solr.analysis.StopFilterFactory
Sep 4, 2011 12:02:52 PM org.apache.solr.util.plugin.AbstractPluginLoader load
INFO: created : org.apache.solr.analysis.WordDelimiterFilterFactory
Sep 4, 2011 12:02:52 PM org.apache.solr.util.plugin.AbstractPluginLoader load
INFO: created : org.apache.solr.analysis.LowerCaseFilterFactory
Sep 4, 2011 12:02:52 PM org.apache.solr.util.plugin.AbstractPluginLoader load
INFO: created : org.apache.solr.analysis.ReversedWildcardFilterFactory
Sep 4, 2011 12:02:52 PM org.apache.solr.util.plugin.AbstractPluginLoader load
INFO: created text_rev: org.apache.solr.schema.TextField
Sep 4, 2011 12:02:52 PM org.apache.solr.util.plugin.AbstractPluginLoader load
INFO: created : org.apache.solr.analysis.KeywordTokenizerFactory
Sep 4, 2011 12:02:52 PM org.apache.solr.util.plugin.AbstractPluginLoader load
INFO: created : org.apache.solr.analysis.LowerCaseFilterFactory
Sep 4, 2011 12:02:52 PM org.apache.solr.util.plugin.AbstractPluginLoader load
INFO: created : org.apache.solr.analysis.TrimFilterFactory
Sep 4, 2011 12:02:52 PM org.apache.solr.util.plugin.AbstractPluginLoader load
INFO: created : org.apache.solr.analysis.PatternReplaceFilterFactory
Sep 4, 2011 12:02:52 PM org.apache.solr.util.plugin.AbstractPluginLoader load
INFO: created alphaOnlySort: org.apache.solr.schema.TextField
Sep 4, 2011 12:02:52 PM org.apache.solr.util.plugin.AbstractPluginLoader load
INFO: created : org.apache.solr.analysis.StandardTokenizerFactory
Sep 4, 2011 12:02:52 PM org.apache.solr.util.plugin.AbstractPluginLoader load
INFO: created : org.apache.solr.analysis.DoubleMetaphoneFilterFactory
Sep 4, 2011 12:02:52 PM org.apache.solr.util.plugin.AbstractPluginLoader load
INFO: created phonetic: org.apache.solr.schema.TextField
Sep 4, 2011 12:02:52 PM org.apache.solr.util.plugin.AbstractPluginLoader load
INFO: created : org.apache.solr.analysis.WhitespaceTokenizerFactory
Sep 4, 2011 12:02:52 PM org.apache.solr.util.plugin.AbstractPluginLoader load
INFO: created : org.apache.solr.analysis.DelimitedPayloadTokenFilterFactory
Sep 4, 2011 12:02:52 PM org.apache.solr.util.plugin.AbstractPluginLoader load
INFO: created payloads: org.apache.solr.schema.TextField
Sep 4, 2011 12:02:52 PM org.apache.solr.util.plugin.AbstractPluginLoader load
INFO: created : org.apache.solr.analysis.KeywordTokenizerFactory
Sep 4, 2011 12:02:52 PM org.apache.solr.util.plugin.AbstractPluginLoader load
INFO: created : org.apache.solr.analysis.LowerCaseFilterFactory
Sep 4, 2011 12:02:52 PM org.apache.solr.util.plugin.AbstractPluginLoader load
INFO: created lowercase: org.apache.solr.schema.TextField
Sep 4, 2011 12:02:52 PM org.apache.solr.util.plugin.AbstractPluginLoader load
INFO: created : org.apache.solr.analysis.PathHierarchyTokenizerFactory
Sep 4, 2011 12:02:52 PM org.apache.solr.util.plugin.AbstractPluginLoader load
INFO: created text_path: org.apache.solr.schema.TextField
Sep 4, 2011 12:02:52 PM org.apache.solr.util.plugin.AbstractPluginLoader load
INFO: created ignored: org.apache.solr.schema.StrField
Sep 4, 2011 12:02:52 PM org.apache.solr.util.plugin.AbstractPluginLoader load
INFO: created point: org.apache.solr.schema.PointType
Sep 4, 2011 12:02:52 PM org.apache.solr.util.plugin.AbstractPluginLoader load
INFO: created location: org.apache.solr.schema.LatLonType
Sep 4, 2011 12:02:52 PM org.apache.solr.util.plugin.AbstractPluginLoader load
INFO: created geohash: org.apache.solr.schema.GeoHashField
Sep 4, 2011 12:02:52 PM org.apache.solr.schema.IndexSchema readSchema
INFO: default search field is text
Sep 4, 2011 12:02:52 PM org.apache.solr.schema.IndexSchema readSchema
INFO: query parser default operator is OR
Sep 4, 2011 12:02:52 PM org.apache.solr.schema.IndexSchema readSchema
INFO: unique key field: id
Sep 4, 2011 12:02:53 PM org.apache.solr.core.SolrCore <init>
INFO: [] Opening new SolrCore at /apache-tomcat-6.0.32/webapps/solr_site/./, dataDir=/apache-tomcat-6.0.32/webapps/solr_site/data/
Sep 4, 2011 12:02:53 PM org.apache.solr.core.JmxMonitoredMap <init>
INFO: JMX monitoring is enabled. Adding Solr mbeans to JMX Server: com.sun.jmx.mbeanserver.JmxMBeanServer@2897a560
Sep 4, 2011 12:02:53 PM org.apache.solr.core.SolrCore initListeners
INFO: [] Added SolrEventListener for newSearcher: org.apache.solr.core.QuerySenderListener{queries=[]}
Sep 4, 2011 12:02:53 PM org.apache.solr.core.SolrCore initListeners
INFO: [] Added SolrEventListener for firstSearcher: org.apache.solr.core.QuerySenderListener{queries=[{q=static firstSearcher warming in solrconfig.xml}]}
Sep 4, 2011 12:02:53 PM org.apache.solr.response.XSLTResponseWriter init
INFO: xsltCacheLifetimeSeconds=5
Sep 4, 2011 12:02:54 PM org.apache.solr.core.RequestHandlers initHandlersFromConfig
INFO: created search: solr.SearchHandler
Sep 4, 2011 12:02:54 PM org.apache.solr.core.RequestHandlers initHandlersFromConfig
INFO: created /browse: solr.SearchHandler
Sep 4, 2011 12:02:54 PM org.apache.solr.core.RequestHandlers initHandlersFromConfig
INFO: created /update: solr.XmlUpdateRequestHandler
Sep 4, 2011 12:02:54 PM org.apache.solr.core.RequestHandlers initHandlersFromConfig
INFO: created /update/javabin: solr.BinaryUpdateRequestHandler
Sep 4, 2011 12:02:54 PM org.apache.solr.core.RequestHandlers initHandlersFromConfig
INFO: adding lazy requestHandler: solr.CSVRequestHandler
Sep 4, 2011 12:02:54 PM org.apache.solr.core.RequestHandlers initHandlersFromConfig
INFO: created /update/csv: solr.CSVRequestHandler
Sep 4, 2011 12:02:54 PM org.apache.solr.core.RequestHandlers initHandlersFromConfig
INFO: adding lazy requestHandler: solr.JsonUpdateRequestHandler
Sep 4, 2011 12:02:54 PM org.apache.solr.core.RequestHandlers initHandlersFromConfig
INFO: created /update/json: solr.JsonUpdateRequestHandler
Sep 4, 2011 12:02:54 PM org.apache.solr.core.RequestHandlers initHandlersFromConfig
INFO: adding lazy requestHandler: solr.extraction.ExtractingRequestHandler
Sep 4, 2011 12:02:54 PM org.apache.solr.core.RequestHandlers initHandlersFromConfig
INFO: created /update/extract: solr.extraction.ExtractingRequestHandler
Sep 4, 2011 12:02:54 PM org.apache.solr.core.RequestHandlers initHandlersFromConfig
INFO: adding lazy requestHandler: solr.FieldAnalysisRequestHandler
Sep 4, 2011 12:02:54 PM org.apache.solr.core.RequestHandlers initHandlersFromConfig
INFO: created /analysis/field: solr.FieldAnalysisRequestHandler
Sep 4, 2011 12:02:54 PM org.apache.solr.core.RequestHandlers initHandlersFromConfig
INFO: adding lazy requestHandler: solr.DocumentAnalysisRequestHandler
Sep 4, 2011 12:02:54 PM org.apache.solr.core.RequestHandlers initHandlersFromConfig
INFO: created /analysis/document: solr.DocumentAnalysisRequestHandler
Sep 4, 2011 12:02:54 PM org.apache.solr.core.RequestHandlers initHandlersFromConfig
INFO: created /admin/: solr.admin.AdminHandlers
Sep 4, 2011 12:02:54 PM org.apache.solr.core.RequestHandlers initHandlersFromConfig
INFO: created /admin/ping: solr.PingRequestHandler
Sep 4, 2011 12:02:54 PM org.apache.solr.core.RequestHandlers initHandlersFromConfig
INFO: created /debug/dump: solr.DumpRequestHandler
Sep 4, 2011 12:02:54 PM org.apache.solr.core.RequestHandlers initHandlersFromConfig
INFO: adding lazy requestHandler: solr.SearchHandler
Sep 4, 2011 12:02:54 PM org.apache.solr.core.RequestHandlers initHandlersFromConfig
INFO: created /spell: solr.SearchHandler
Sep 4, 2011 12:02:54 PM org.apache.solr.core.RequestHandlers initHandlersFromConfig
INFO: adding lazy requestHandler: solr.SearchHandler
Sep 4, 2011 12:02:54 PM org.apache.solr.core.RequestHandlers initHandlersFromConfig
INFO: created tvrh: solr.SearchHandler
Sep 4, 2011 12:02:54 PM org.apache.solr.core.RequestHandlers initHandlersFromConfig
INFO: adding lazy requestHandler: solr.SearchHandler
Sep 4, 2011 12:02:54 PM org.apache.solr.core.RequestHandlers initHandlersFromConfig
INFO: created /terms: solr.SearchHandler
Sep 4, 2011 12:02:54 PM org.apache.solr.core.RequestHandlers initHandlersFromConfig
INFO: adding lazy requestHandler: solr.SearchHandler
Sep 4, 2011 12:02:54 PM org.apache.solr.core.RequestHandlers initHandlersFromConfig
INFO: created /elevate: solr.SearchHandler
Sep 4, 2011 12:02:55 PM org.apache.solr.search.SolrIndexSearcher <init>
INFO: Opening Searcher@74122d9c main
Sep 4, 2011 12:02:55 PM org.apache.solr.update.DirectUpdateHandler2$CommitTracker <init>
INFO: AutoCommit: disabled
Sep 4, 2011 12:02:55 PM org.apache.solr.handler.component.SpellCheckComponent inform
INFO: Initializing spell checkers
Sep 4, 2011 12:02:55 PM org.apache.solr.spelling.AbstractLuceneSpellChecker init
INFO: Using WhitespaceAnalzyer for dictionary: default
Sep 4, 2011 12:02:55 PM org.apache.solr.handler.component.SpellCheckComponent inform
WARNING: No queryConverter defined, using default converter
Sep 4, 2011 12:02:56 PM org.apache.solr.handler.component.QueryElevationComponent inform
INFO: Loading QueryElevation from: /apache-tomcat-6.0.32/webapps/solr_site/./conf/elevate.xml
Sep 4, 2011 12:02:56 PM org.apache.solr.handler.component.SearchHandler inform
INFO: Adding  component:org.apache.solr.handler.component.QueryComponent@919db9e
Sep 4, 2011 12:02:56 PM org.apache.solr.handler.component.SearchHandler inform
INFO: Adding  component:org.apache.solr.handler.component.FacetComponent@a166bd
Sep 4, 2011 12:02:56 PM org.apache.solr.handler.component.SearchHandler inform
INFO: Adding  component:org.apache.solr.handler.component.MoreLikeThisComponent@6460029d
Sep 4, 2011 12:02:56 PM org.apache.solr.handler.component.SearchHandler inform
INFO: Adding  component:org.apache.solr.handler.component.HighlightComponent@5b4bc4e6
Sep 4, 2011 12:02:56 PM org.apache.solr.handler.component.SearchHandler inform
INFO: Adding  component:org.apache.solr.handler.component.StatsComponent@4b6c06dd
Sep 4, 2011 12:02:56 PM org.apache.solr.handler.component.SearchHandler inform
INFO: Adding  debug component:org.apache.solr.handler.component.DebugComponent@2136bdda
Sep 4, 2011 12:02:56 PM org.apache.solr.handler.component.SearchHandler inform
INFO: Adding  component:org.apache.solr.handler.component.QueryComponent@919db9e
Sep 4, 2011 12:02:56 PM org.apache.solr.handler.component.SearchHandler inform
INFO: Adding  component:org.apache.solr.handler.component.FacetComponent@a166bd
Sep 4, 2011 12:02:56 PM org.apache.solr.handler.component.SearchHandler inform
INFO: Adding  component:org.apache.solr.handler.component.MoreLikeThisComponent@6460029d
Sep 4, 2011 12:02:56 PM org.apache.solr.handler.component.SearchHandler inform
INFO: Adding  component:org.apache.solr.handler.component.HighlightComponent@5b4bc4e6
Sep 4, 2011 12:02:56 PM org.apache.solr.handler.component.SearchHandler inform
INFO: Adding  component:org.apache.solr.handler.component.StatsComponent@4b6c06dd
Sep 4, 2011 12:02:56 PM org.apache.solr.handler.component.SearchHandler inform
INFO: Adding  component:org.apache.solr.handler.component.SpellCheckComponent@10ea443f
Sep 4, 2011 12:02:56 PM org.apache.solr.handler.component.SearchHandler inform
INFO: Adding  debug component:org.apache.solr.handler.component.DebugComponent@2136bdda
Sep 4, 2011 12:02:56 PM org.apache.solr.core.CoreContainer register
INFO: registering core: 
Sep 4, 2011 12:02:56 PM org.apache.solr.servlet.SolrDispatchFilter init
INFO: user.dir=/Users/chentsen/Documents/workspace/project_hermes/apache-tomcat-6.0.32
Sep 4, 2011 12:02:56 PM org.apache.solr.servlet.SolrDispatchFilter init
INFO: SolrDispatchFilter.init() done
Sep 4, 2011 12:02:56 PM org.apache.solr.servlet.SolrServlet init
INFO: SolrServlet.init()
Sep 4, 2011 12:02:56 PM org.apache.solr.core.SolrResourceLoader locateSolrHome
INFO: Using JNDI solr.home: /apache-tomcat-6.0.32/webapps/solr_site/
Sep 4, 2011 12:02:56 PM org.apache.solr.servlet.SolrServlet init
INFO: SolrServlet.init() done
Sep 4, 2011 12:02:56 PM org.apache.solr.core.SolrResourceLoader locateSolrHome
INFO: Using JNDI solr.home: /apache-tomcat-6.0.32/webapps/solr_site/
Sep 4, 2011 12:02:56 PM org.apache.solr.servlet.SolrUpdateServlet init
INFO: SolrUpdateServlet.init() done
Sep 4, 2011 12:02:56 PM org.apache.catalina.startup.HostConfig deployDirectory
INFO: Deploying web application directory docs
Sep 4, 2011 12:02:56 PM org.apache.solr.core.QuerySenderListener newSearcher
INFO: QuerySenderListener sending requests to Searcher@74122d9c main
Sep 4, 2011 12:02:56 PM org.apache.catalina.startup.HostConfig deployDirectory
INFO: Deploying web application directory examples
Sep 4, 2011 12:02:56 PM org.apache.solr.core.SolrCore execute
INFO: [] webapp=null path=null params={event=firstSearcher&q=static+firstSearcher+warming+in+solrconfig.xml} hits=0 status=0 QTime=577 
Sep 4, 2011 12:02:56 PM org.apache.solr.core.QuerySenderListener newSearcher
INFO: QuerySenderListener done.
Sep 4, 2011 12:02:56 PM org.apache.solr.handler.component.SpellCheckComponent$SpellCheckerListener newSearcher
INFO: Loading spell index for spellchecker: default
Sep 4, 2011 12:02:56 PM org.apache.solr.core.SolrCore registerSearcher
INFO: [] Registered new searcher Searcher@74122d9c main
Sep 4, 2011 12:02:56 PM org.apache.catalina.startup.HostConfig deployDirectory
INFO: Deploying web application directory ROOT
Sep 4, 2011 12:02:57 PM org.apache.catalina.startup.HostConfig deployDirectory
INFO: Deploying web application directory solr_site
Sep 4, 2011 12:02:57 PM org.apache.coyote.http11.Http11Protocol start
SEVERE: Error starting endpoint
java.net.BindException: Address already in use <null>:8080
	at org.apache.tomcat.util.net.JIoEndpoint.init(JIoEndpoint.java:549)
	at org.apache.tomcat.util.net.JIoEndpoint.start(JIoEndpoint.java:565)
	at org.apache.coyote.http11.Http11Protocol.start(Http11Protocol.java:203)
	at org.apache.catalina.connector.Connector.start(Connector.java:1095)
	at org.apache.catalina.core.StandardService.start(StandardService.java:540)
	at org.apache.catalina.core.StandardServer.start(StandardServer.java:754)
	at org.apache.catalina.startup.Catalina.start(Catalina.java:595)
	at sun.reflect.NativeMethodAccessorImpl.invoke0(Native Method)
	at sun.reflect.NativeMethodAccessorImpl.invoke(NativeMethodAccessorImpl.java:39)
	at sun.reflect.DelegatingMethodAccessorImpl.invoke(DelegatingMethodAccessorImpl.java:25)
	at java.lang.reflect.Method.invoke(Method.java:597)
	at org.apache.catalina.startup.Bootstrap.start(Bootstrap.java:289)
	at org.apache.catalina.startup.Bootstrap.main(Bootstrap.java:414)
Caused by: java.net.BindException: Address already in use
	at java.net.PlainSocketImpl.socketBind(Native Method)
	at java.net.PlainSocketImpl.bind(PlainSocketImpl.java:383)
	at java.net.ServerSocket.bind(ServerSocket.java:328)
	at java.net.ServerSocket.<init>(ServerSocket.java:194)
	at java.net.ServerSocket.<init>(ServerSocket.java:150)
	at org.apache.tomcat.util.net.DefaultServerSocketFactory.createSocket(DefaultServerSocketFactory.java:50)
	at org.apache.tomcat.util.net.JIoEndpoint.init(JIoEndpoint.java:538)
	... 12 more
Sep 4, 2011 12:02:57 PM org.apache.catalina.core.StandardService start
SEVERE: Failed to start connector [Connector[HTTP/1.1-8080]]
LifecycleException:  service.getName(): "Catalina";  Protocol handler start failed: java.net.BindException: Address already in use <null>:8080
	at org.apache.catalina.connector.Connector.start(Connector.java:1102)
	at org.apache.catalina.core.StandardService.start(StandardService.java:540)
	at org.apache.catalina.core.StandardServer.start(StandardServer.java:754)
	at org.apache.catalina.startup.Catalina.start(Catalina.java:595)
	at sun.reflect.NativeMethodAccessorImpl.invoke0(Native Method)
	at sun.reflect.NativeMethodAccessorImpl.invoke(NativeMethodAccessorImpl.java:39)
	at sun.reflect.DelegatingMethodAccessorImpl.invoke(DelegatingMethodAccessorImpl.java:25)
	at java.lang.reflect.Method.invoke(Method.java:597)
	at org.apache.catalina.startup.Bootstrap.start(Bootstrap.java:289)
	at org.apache.catalina.startup.Bootstrap.main(Bootstrap.java:414)
Sep 4, 2011 12:02:57 PM org.apache.jk.common.ChannelSocket init
INFO: Port busy 8009 java.net.BindException: Address already in use
Sep 4, 2011 12:02:57 PM org.apache.jk.common.ChannelSocket init
SEVERE: Can't find free port 8009 8009
Sep 4, 2011 12:02:57 PM org.apache.jk.server.JkMain start
INFO: Jk running ID=0 time=0/39  config=null
Sep 4, 2011 12:02:57 PM org.apache.catalina.startup.Catalina start
INFO: Server startup in 9377 ms
Sep 4, 2011 12:02:57 PM org.apache.catalina.core.StandardServer await
SEVERE: StandardServer.await: create[8005]: 
java.net.BindException: Address already in use
	at java.net.PlainSocketImpl.socketBind(Native Method)
	at java.net.PlainSocketImpl.bind(PlainSocketImpl.java:383)
	at java.net.ServerSocket.bind(ServerSocket.java:328)
	at java.net.ServerSocket.<init>(ServerSocket.java:194)
	at org.apache.catalina.core.StandardServer.await(StandardServer.java:406)
	at org.apache.catalina.startup.Catalina.await(Catalina.java:676)
	at org.apache.catalina.startup.Catalina.start(Catalina.java:628)
	at sun.reflect.NativeMethodAccessorImpl.invoke0(Native Method)
	at sun.reflect.NativeMethodAccessorImpl.invoke(NativeMethodAccessorImpl.java:39)
	at sun.reflect.DelegatingMethodAccessorImpl.invoke(DelegatingMethodAccessorImpl.java:25)
	at java.lang.reflect.Method.invoke(Method.java:597)
	at org.apache.catalina.startup.Bootstrap.start(Bootstrap.java:289)
	at org.apache.catalina.startup.Bootstrap.main(Bootstrap.java:414)
Sep 4, 2011 12:02:57 PM org.apache.coyote.http11.Http11Protocol pause
INFO: Pausing Coyote HTTP/1.1 on http-8080
Sep 4, 2011 12:02:58 PM org.apache.catalina.core.StandardService stop
INFO: Stopping service Catalina
Sep 4, 2011 12:02:58 PM org.apache.solr.core.SolrCore close
INFO: []  CLOSING SolrCore org.apache.solr.core.SolrCore@5aacc14
Sep 4, 2011 12:02:58 PM org.apache.solr.update.DirectUpdateHandler2 close
INFO: closing DirectUpdateHandler2{commits=0,autocommits=0,optimizes=0,rollbacks=0,expungeDeletes=0,docsPending=0,adds=0,deletesById=0,deletesByQuery=0,errors=0,cumulative_adds=0,cumulative_deletesById=0,cumulative_deletesByQuery=0,cumulative_errors=0}
Sep 4, 2011 12:02:58 PM org.apache.solr.update.DirectUpdateHandler2 close
INFO: closed DirectUpdateHandler2{commits=0,autocommits=0,optimizes=0,rollbacks=0,expungeDeletes=0,docsPending=0,adds=0,deletesById=0,deletesByQuery=0,errors=0,cumulative_adds=0,cumulative_deletesById=0,cumulative_deletesByQuery=0,cumulative_errors=0}
Sep 4, 2011 12:02:58 PM org.apache.solr.core.SolrCore closeSearcher
INFO: [] Closing main searcher on request.
Sep 4, 2011 12:02:58 PM org.apache.solr.search.SolrIndexSearcher close
INFO: Closing Searcher@74122d9c main
	fieldValueCache{lookups=0,hits=0,hitratio=0.00,inserts=0,evictions=0,size=0,warmupTime=0,cumulative_lookups=0,cumulative_hits=0,cumulative_hitratio=0.00,cumulative_inserts=0,cumulative_evictions=0}
	filterCache{lookups=0,hits=0,hitratio=0.00,inserts=0,evictions=0,size=0,warmupTime=0,cumulative_lookups=0,cumulative_hits=0,cumulative_hitratio=0.00,cumulative_inserts=0,cumulative_evictions=0}
	queryResultCache{lookups=0,hits=0,hitratio=0.00,inserts=1,evictions=0,size=1,warmupTime=0,cumulative_lookups=0,cumulative_hits=0,cumulative_hitratio=0.00,cumulative_inserts=0,cumulative_evictions=0}
	documentCache{lookups=0,hits=0,hitratio=0.00,inserts=0,evictions=0,size=0,warmupTime=0,cumulative_lookups=0,cumulative_hits=0,cumulative_hitratio=0.00,cumulative_inserts=0,cumulative_evictions=0}
Sep 4, 2011 12:02:58 PM org.apache.coyote.http11.Http11Protocol destroy
INFO: Stopping Coyote HTTP/1.1 on http-8080
Sep 4, 2011 12:03:17 PM org.apache.solr.core.SolrDeletionPolicy onInit
INFO: SolrDeletionPolicy.onInit: commits:num=1
	commit{dir=/apache-tomcat-6.0.32/webapps/solr_site/data/index,segFN=segments_a5,version=1307824257273,generation=365,filenames=[_ao.tis, _ax.tii, _aq.frq, _as.frq, _aw.fnm, _ap.fnm, _az.fnm, _aq.fnm, _as.fnm, _aw.fdx, _aw.frq, _ao.tii, _az.frq, _ax.prx, _ax.nrm, _ar.tis, _az.tii, _ay.tis, _ax.fdt, _ax.frq, _ax.fdx, _aw.prx, segments_a5, _as.tii, _ar.fdt, _aw.nrm, _ap.tii, _ar.fdx, _aw.fdt, _az.prx, _ay.frq, _ar.nrm, _ap.tis, _ay.fnm, _ar.prx, _aq.tii, _ap.fdt, _ao.fdt, _ay.fdt, _ay.nrm, _ap.fdx, _aq.tis, _ao.fdx, _ap.prx, _ap.frq, _ar.frq, _ar.fnm, _ax.fnm, _az.fdx, _ao.nrm, _az.fdt, _ay.prx, _ap.nrm, _ao.prx, _az.tis, _as.nrm, _ao.fnm, _aw.tii, _as.prx, _ao.frq, _az.nrm, _ar.tii, _aq.prx, _aq.fdt, _as.fdt, _aq.nrm, _ax.tis, _as.fdx, _ay.fdx, _aw.tis, _ay.tii, _as.tis, _aq.fdx]
Sep 4, 2011 12:03:17 PM org.apache.solr.core.SolrDeletionPolicy updateCommits
INFO: newest commit = 1307824257273
Sep 4, 2011 12:03:17 PM org.apache.solr.update.processor.LogUpdateProcessor finish
INFO: {add=[13334523894e5aa666ee28a]} 0 34
Sep 4, 2011 12:03:17 PM org.apache.solr.core.SolrCore execute
INFO: [] webapp=/solr path=/update/ params={indent=on&wt=xml&version=2.2} status=0 QTime=34 
Sep 4, 2011 12:03:17 PM org.apache.solr.update.DirectUpdateHandler2 commit
INFO: start commit(optimize=false,waitFlush=true,waitSearcher=true,expungeDeletes=false)
Sep 4, 2011 12:03:17 PM org.apache.solr.core.SolrDeletionPolicy onCommit
INFO: SolrDeletionPolicy.onCommit: commits:num=2
	commit{dir=/apache-tomcat-6.0.32/webapps/solr_site/data/index,segFN=segments_a5,version=1307824257273,generation=365,filenames=[_ao.tis, _ax.tii, _aq.frq, _as.frq, _aw.fnm, _ap.fnm, _az.fnm, _aq.fnm, _as.fnm, _aw.fdx, _aw.frq, _ao.tii, _az.frq, _ax.prx, _ax.nrm, _ar.tis, _az.tii, _ay.tis, _ax.fdt, _ax.frq, _ax.fdx, _aw.prx, segments_a5, _as.tii, _ar.fdt, _aw.nrm, _ap.tii, _ar.fdx, _aw.fdt, _az.prx, _ay.frq, _ar.nrm, _ap.tis, _ay.fnm, _ar.prx, _aq.tii, _ap.fdt, _ao.fdt, _ay.fdt, _ay.nrm, _ap.fdx, _aq.tis, _ao.fdx, _ap.prx, _ap.frq, _ar.frq, _ar.fnm, _ax.fnm, _az.fdx, _ao.nrm, _az.fdt, _ay.prx, _ap.nrm, _ao.prx, _az.tis, _as.nrm, _ao.fnm, _aw.tii, _as.prx, _ao.frq, _az.nrm, _ar.tii, _aq.prx, _aq.fdt, _as.fdt, _aq.nrm, _ax.tis, _as.fdx, _ay.fdx, _aw.tis, _ay.tii, _as.tis, _aq.fdx]
	commit{dir=/apache-tomcat-6.0.32/webapps/solr_site/data/index,segFN=segments_a6,version=1307824257277,generation=366,filenames=[_ao.tis, _aq.frq, _as.frq, _ax.tii, _ap.fnm, _az.fnm, _aq.fnm, _as.fnm, _ao.tii, _az.frq, _ax.prx, _ax.nrm, _ar.tis, _az.tii, _ay.tis, _ax.fdt, _ax.frq, _ax.fdx, segments_a6, _as.tii, _ar.fdt, _ap.tii, _b0.fnm, _b0.tis, _ar.fdx, _az.prx, _ay.frq, _ar.nrm, _ap.tis, _b0.tii, _ay.fnm, _ar.prx, _aq.tii, _ap.fdt, _ao.fdt, _ay.fdt, _ay.nrm, _ap.fdx, _aq.tis, _ao.fdx, _ap.prx, _ap.frq, _ar.frq, _b0.prx, _b0.frq, _ar.fnm, _ax.fnm, _az.fdx, _ao.nrm, _az.fdt, _ay.prx, _ap.nrm, _ao.prx, _az.tis, _b0.nrm, _as.nrm, _ao.fnm, _as.prx, _ao.frq, _az.nrm, _ar.tii, _aq.prx, _b0.fdt, _aq.fdt, _as.fdt, _aq.nrm, _as.fdx, _ax.tis, _ay.fdx, _b0.fdx, _ay.tii, _as.tis, _aq.fdx]
Sep 4, 2011 12:03:17 PM org.apache.solr.core.SolrDeletionPolicy updateCommits
INFO: newest commit = 1307824257277
Sep 4, 2011 12:03:17 PM org.apache.solr.search.SolrIndexSearcher <init>
INFO: Opening Searcher@4eb64f2e main
Sep 4, 2011 12:03:17 PM org.apache.solr.update.DirectUpdateHandler2 commit
INFO: end_commit_flush
Sep 4, 2011 12:03:17 PM org.apache.solr.search.SolrIndexSearcher warm
INFO: autowarming Searcher@4eb64f2e main from Searcher@79123c5f main
	fieldValueCache{lookups=0,hits=0,hitratio=0.00,inserts=0,evictions=0,size=0,warmupTime=0,cumulative_lookups=0,cumulative_hits=0,cumulative_hitratio=0.00,cumulative_inserts=0,cumulative_evictions=0}
Sep 4, 2011 12:03:17 PM org.apache.solr.search.SolrIndexSearcher warm
INFO: autowarming result for Searcher@4eb64f2e main
	fieldValueCache{lookups=0,hits=0,hitratio=0.00,inserts=0,evictions=0,size=0,warmupTime=0,cumulative_lookups=0,cumulative_hits=0,cumulative_hitratio=0.00,cumulative_inserts=0,cumulative_evictions=0}
Sep 4, 2011 12:03:17 PM org.apache.solr.search.SolrIndexSearcher warm
INFO: autowarming Searcher@4eb64f2e main from Searcher@79123c5f main
	filterCache{lookups=0,hits=0,hitratio=0.00,inserts=0,evictions=0,size=0,warmupTime=0,cumulative_lookups=0,cumulative_hits=0,cumulative_hitratio=0.00,cumulative_inserts=0,cumulative_evictions=0}
Sep 4, 2011 12:03:17 PM org.apache.solr.search.SolrIndexSearcher warm
INFO: autowarming result for Searcher@4eb64f2e main
	filterCache{lookups=0,hits=0,hitratio=0.00,inserts=0,evictions=0,size=0,warmupTime=0,cumulative_lookups=0,cumulative_hits=0,cumulative_hitratio=0.00,cumulative_inserts=0,cumulative_evictions=0}
Sep 4, 2011 12:03:17 PM org.apache.solr.search.SolrIndexSearcher warm
INFO: autowarming Searcher@4eb64f2e main from Searcher@79123c5f main
	queryResultCache{lookups=3,hits=1,hitratio=0.33,inserts=2,evictions=0,size=2,warmupTime=0,cumulative_lookups=18,cumulative_hits=6,cumulative_hitratio=0.33,cumulative_inserts=12,cumulative_evictions=0}
Sep 4, 2011 12:03:17 PM org.apache.solr.search.SolrIndexSearcher warm
INFO: autowarming result for Searcher@4eb64f2e main
	queryResultCache{lookups=0,hits=0,hitratio=0.00,inserts=0,evictions=0,size=0,warmupTime=0,cumulative_lookups=18,cumulative_hits=6,cumulative_hitratio=0.33,cumulative_inserts=12,cumulative_evictions=0}
Sep 4, 2011 12:03:17 PM org.apache.solr.search.SolrIndexSearcher warm
INFO: autowarming Searcher@4eb64f2e main from Searcher@79123c5f main
	documentCache{lookups=28,hits=16,hitratio=0.57,inserts=12,evictions=0,size=12,warmupTime=0,cumulative_lookups=704,cumulative_hits=482,cumulative_hitratio=0.68,cumulative_inserts=222,cumulative_evictions=0}
Sep 4, 2011 12:03:17 PM org.apache.solr.search.SolrIndexSearcher warm
INFO: autowarming result for Searcher@4eb64f2e main
	documentCache{lookups=0,hits=0,hitratio=0.00,inserts=0,evictions=0,size=0,warmupTime=0,cumulative_lookups=704,cumulative_hits=482,cumulative_hitratio=0.68,cumulative_inserts=222,cumulative_evictions=0}
Sep 4, 2011 12:03:17 PM org.apache.solr.core.QuerySenderListener newSearcher
INFO: QuerySenderListener sending requests to Searcher@4eb64f2e main
Sep 4, 2011 12:03:17 PM org.apache.solr.core.QuerySenderListener newSearcher
INFO: QuerySenderListener done.
Sep 4, 2011 12:03:17 PM org.apache.solr.core.SolrCore registerSearcher
INFO: [] Registered new searcher Searcher@4eb64f2e main
Sep 4, 2011 12:03:17 PM org.apache.solr.search.SolrIndexSearcher close
INFO: Closing Searcher@79123c5f main
	fieldValueCache{lookups=0,hits=0,hitratio=0.00,inserts=0,evictions=0,size=0,warmupTime=0,cumulative_lookups=0,cumulative_hits=0,cumulative_hitratio=0.00,cumulative_inserts=0,cumulative_evictions=0}
	filterCache{lookups=0,hits=0,hitratio=0.00,inserts=0,evictions=0,size=0,warmupTime=0,cumulative_lookups=0,cumulative_hits=0,cumulative_hitratio=0.00,cumulative_inserts=0,cumulative_evictions=0}
	queryResultCache{lookups=3,hits=1,hitratio=0.33,inserts=2,evictions=0,size=2,warmupTime=0,cumulative_lookups=18,cumulative_hits=6,cumulative_hitratio=0.33,cumulative_inserts=12,cumulative_evictions=0}
	documentCache{lookups=28,hits=16,hitratio=0.57,inserts=12,evictions=0,size=12,warmupTime=0,cumulative_lookups=704,cumulative_hits=482,cumulative_hitratio=0.68,cumulative_inserts=222,cumulative_evictions=0}
Sep 4, 2011 12:03:17 PM org.apache.solr.update.processor.LogUpdateProcessor finish
INFO: {commit=} 0 226
Sep 4, 2011 12:03:17 PM org.apache.solr.core.SolrCore execute
INFO: [] webapp=/solr path=/update/ params={indent=on&wt=xml&version=2.2} status=0 QTime=226 
Sep 4, 2011 12:03:17 PM org.apache.solr.core.SolrDeletionPolicy onInit
INFO: SolrDeletionPolicy.onInit: commits:num=1
	commit{dir=/apache-tomcat-6.0.32/webapps/solr_site/data/index,segFN=segments_a6,version=1307824257277,generation=366,filenames=[_ao.tis, _aq.frq, _as.frq, _ax.tii, _ap.fnm, _az.fnm, _aq.fnm, _as.fnm, _ao.tii, _az.frq, _ax.prx, _ax.nrm, _ar.tis, _az.tii, _ay.tis, _ax.fdt, _ax.frq, _ax.fdx, segments_a6, _as.tii, _ar.fdt, _ap.tii, _b0.fnm, _b0.tis, _ar.fdx, _az.prx, _ay.frq, _ar.nrm, _ap.tis, _b0.tii, _ay.fnm, _ar.prx, _aq.tii, _ap.fdt, _ao.fdt, _ay.fdt, _ay.nrm, _ap.fdx, _aq.tis, _ao.fdx, _ap.prx, _ap.frq, _ar.frq, _b0.prx, _b0.frq, _ar.fnm, _ax.fnm, _az.fdx, _ao.nrm, _az.fdt, _ay.prx, _ap.nrm, _ao.prx, _az.tis, _b0.nrm, _as.nrm, _ao.fnm, _as.prx, _ao.frq, _az.nrm, _ar.tii, _aq.prx, _b0.fdt, _aq.fdt, _as.fdt, _aq.nrm, _as.fdx, _ax.tis, _ay.fdx, _b0.fdx, _ay.tii, _as.tis, _aq.fdx]
Sep 4, 2011 12:03:17 PM org.apache.solr.core.SolrDeletionPolicy updateCommits
INFO: newest commit = 1307824257277
Sep 4, 2011 12:03:17 PM org.apache.solr.update.processor.LogUpdateProcessor finish
INFO: {add=[10291273644e5aa9f9148ab]} 0 9
Sep 4, 2011 12:03:17 PM org.apache.solr.core.SolrCore execute
INFO: [] webapp=/solr path=/update/ params={indent=on&wt=xml&version=2.2} status=0 QTime=9 
Sep 4, 2011 12:03:17 PM org.apache.solr.update.DirectUpdateHandler2 commit
INFO: start commit(optimize=false,waitFlush=true,waitSearcher=true,expungeDeletes=false)
Sep 4, 2011 12:03:17 PM org.apache.solr.core.SolrDeletionPolicy onCommit
INFO: SolrDeletionPolicy.onCommit: commits:num=2
	commit{dir=/apache-tomcat-6.0.32/webapps/solr_site/data/index,segFN=segments_a6,version=1307824257277,generation=366,filenames=[_ao.tis, _aq.frq, _as.frq, _ax.tii, _ap.fnm, _az.fnm, _aq.fnm, _as.fnm, _ao.tii, _az.frq, _ax.prx, _ax.nrm, _ar.tis, _az.tii, _ay.tis, _ax.fdt, _ax.frq, _ax.fdx, segments_a6, _as.tii, _ar.fdt, _ap.tii, _b0.fnm, _b0.tis, _ar.fdx, _az.prx, _ay.frq, _ar.nrm, _ap.tis, _b0.tii, _ay.fnm, _ar.prx, _aq.tii, _ap.fdt, _ao.fdt, _ay.fdt, _ay.nrm, _ap.fdx, _aq.tis, _ao.fdx, _ap.prx, _ap.frq, _ar.frq, _b0.prx, _b0.frq, _ar.fnm, _ax.fnm, _az.fdx, _ao.nrm, _az.fdt, _ay.prx, _ap.nrm, _ao.prx, _az.tis, _b0.nrm, _as.nrm, _ao.fnm, _as.prx, _ao.frq, _az.nrm, _ar.tii, _aq.prx, _b0.fdt, _aq.fdt, _as.fdt, _aq.nrm, _as.fdx, _ax.tis, _ay.fdx, _b0.fdx, _ay.tii, _as.tis, _aq.fdx]
	commit{dir=/apache-tomcat-6.0.32/webapps/solr_site/data/index,segFN=segments_a7,version=1307824257281,generation=367,filenames=[_ao.tis, _aq.frq, _as.frq, _b1.prx, _ap.fnm, _az.fnm, _aq.fnm, _as.fnm, _ao.tii, _az.frq, _ar.tis, _az.tii, _ay.tis, _b1.nrm, segments_a7, _b1.fdx, _as.tii, _ar.fdt, _ap.tii, _b0.fnm, _b0.tis, _ar.fdx, _az.prx, _ay.frq, _ar.nrm, _ap.tis, _b0.tii, _b1.fdt, _ay.fnm, _ar.prx, _aq.tii, _ap.fdt, _ao.fdt, _ay.fdt, _ap.fdx, _ay.nrm, _aq.tis, _ao.fdx, _ap.prx, _ap.frq, _ar.frq, _b0.prx, _b0.frq, _ar.fnm, _az.fdx, _ao.nrm, _az.fdt, _ap.nrm, _ay.prx, _ao.prx, _az.tis, _b0.nrm, _as.nrm, _b1.tis, _ao.fnm, _b1.tii, _as.prx, _ao.frq, _az.nrm, _ar.tii, _b1.frq, _aq.prx, _b0.fdt, _aq.fdt, _as.fdt, _aq.nrm, _as.fdx, _b1.fnm, _ay.fdx, _b0.fdx, _as.tis, _ay.tii, _aq.fdx]
Sep 4, 2011 12:03:17 PM org.apache.solr.core.SolrDeletionPolicy updateCommits
INFO: newest commit = 1307824257281
Sep 4, 2011 12:03:17 PM org.apache.solr.search.SolrIndexSearcher <init>
INFO: Opening Searcher@7a856d3b main
Sep 4, 2011 12:03:17 PM org.apache.solr.update.DirectUpdateHandler2 commit
INFO: end_commit_flush
Sep 4, 2011 12:03:17 PM org.apache.solr.search.SolrIndexSearcher warm
INFO: autowarming Searcher@7a856d3b main from Searcher@4eb64f2e main
	fieldValueCache{lookups=0,hits=0,hitratio=0.00,inserts=0,evictions=0,size=0,warmupTime=0,cumulative_lookups=0,cumulative_hits=0,cumulative_hitratio=0.00,cumulative_inserts=0,cumulative_evictions=0}
Sep 4, 2011 12:03:17 PM org.apache.solr.search.SolrIndexSearcher warm
INFO: autowarming result for Searcher@7a856d3b main
	fieldValueCache{lookups=0,hits=0,hitratio=0.00,inserts=0,evictions=0,size=0,warmupTime=0,cumulative_lookups=0,cumulative_hits=0,cumulative_hitratio=0.00,cumulative_inserts=0,cumulative_evictions=0}
Sep 4, 2011 12:03:17 PM org.apache.solr.search.SolrIndexSearcher warm
INFO: autowarming Searcher@7a856d3b main from Searcher@4eb64f2e main
	filterCache{lookups=0,hits=0,hitratio=0.00,inserts=0,evictions=0,size=0,warmupTime=0,cumulative_lookups=0,cumulative_hits=0,cumulative_hitratio=0.00,cumulative_inserts=0,cumulative_evictions=0}
Sep 4, 2011 12:03:17 PM org.apache.solr.search.SolrIndexSearcher warm
INFO: autowarming result for Searcher@7a856d3b main
	filterCache{lookups=0,hits=0,hitratio=0.00,inserts=0,evictions=0,size=0,warmupTime=0,cumulative_lookups=0,cumulative_hits=0,cumulative_hitratio=0.00,cumulative_inserts=0,cumulative_evictions=0}
Sep 4, 2011 12:03:17 PM org.apache.solr.search.SolrIndexSearcher warm
INFO: autowarming Searcher@7a856d3b main from Searcher@4eb64f2e main
	queryResultCache{lookups=0,hits=0,hitratio=0.00,inserts=0,evictions=0,size=0,warmupTime=0,cumulative_lookups=18,cumulative_hits=6,cumulative_hitratio=0.33,cumulative_inserts=12,cumulative_evictions=0}
Sep 4, 2011 12:03:17 PM org.apache.solr.search.SolrIndexSearcher warm
INFO: autowarming result for Searcher@7a856d3b main
	queryResultCache{lookups=0,hits=0,hitratio=0.00,inserts=0,evictions=0,size=0,warmupTime=0,cumulative_lookups=18,cumulative_hits=6,cumulative_hitratio=0.33,cumulative_inserts=12,cumulative_evictions=0}
Sep 4, 2011 12:03:17 PM org.apache.solr.search.SolrIndexSearcher warm
INFO: autowarming Searcher@7a856d3b main from Searcher@4eb64f2e main
	documentCache{lookups=0,hits=0,hitratio=0.00,inserts=0,evictions=0,size=0,warmupTime=0,cumulative_lookups=704,cumulative_hits=482,cumulative_hitratio=0.68,cumulative_inserts=222,cumulative_evictions=0}
Sep 4, 2011 12:03:17 PM org.apache.solr.search.SolrIndexSearcher warm
INFO: autowarming result for Searcher@7a856d3b main
	documentCache{lookups=0,hits=0,hitratio=0.00,inserts=0,evictions=0,size=0,warmupTime=0,cumulative_lookups=704,cumulative_hits=482,cumulative_hitratio=0.68,cumulative_inserts=222,cumulative_evictions=0}
Sep 4, 2011 12:03:17 PM org.apache.solr.core.QuerySenderListener newSearcher
INFO: QuerySenderListener sending requests to Searcher@7a856d3b main
Sep 4, 2011 12:03:17 PM org.apache.solr.core.QuerySenderListener newSearcher
INFO: QuerySenderListener done.
Sep 4, 2011 12:03:17 PM org.apache.solr.core.SolrCore registerSearcher
INFO: [] Registered new searcher Searcher@7a856d3b main
Sep 4, 2011 12:03:17 PM org.apache.solr.search.SolrIndexSearcher close
INFO: Closing Searcher@4eb64f2e main
	fieldValueCache{lookups=0,hits=0,hitratio=0.00,inserts=0,evictions=0,size=0,warmupTime=0,cumulative_lookups=0,cumulative_hits=0,cumulative_hitratio=0.00,cumulative_inserts=0,cumulative_evictions=0}
	filterCache{lookups=0,hits=0,hitratio=0.00,inserts=0,evictions=0,size=0,warmupTime=0,cumulative_lookups=0,cumulative_hits=0,cumulative_hitratio=0.00,cumulative_inserts=0,cumulative_evictions=0}
	queryResultCache{lookups=0,hits=0,hitratio=0.00,inserts=0,evictions=0,size=0,warmupTime=0,cumulative_lookups=18,cumulative_hits=6,cumulative_hitratio=0.33,cumulative_inserts=12,cumulative_evictions=0}
	documentCache{lookups=0,hits=0,hitratio=0.00,inserts=0,evictions=0,size=0,warmupTime=0,cumulative_lookups=704,cumulative_hits=482,cumulative_hitratio=0.68,cumulative_inserts=222,cumulative_evictions=0}
Sep 4, 2011 12:03:17 PM org.apache.solr.update.processor.LogUpdateProcessor finish
INFO: {commit=} 0 44
Sep 4, 2011 12:03:17 PM org.apache.solr.core.SolrCore execute
INFO: [] webapp=/solr path=/update/ params={indent=on&wt=xml&version=2.2} status=0 QTime=44 
Sep 4, 2011 12:03:17 PM org.apache.solr.core.SolrDeletionPolicy onInit
INFO: SolrDeletionPolicy.onInit: commits:num=1
	commit{dir=/apache-tomcat-6.0.32/webapps/solr_site/data/index,segFN=segments_a7,version=1307824257281,generation=367,filenames=[_ao.tis, _aq.frq, _as.frq, _b1.prx, _ap.fnm, _az.fnm, _aq.fnm, _as.fnm, _ao.tii, _az.frq, _ar.tis, _az.tii, _ay.tis, _b1.nrm, segments_a7, _b1.fdx, _as.tii, _ar.fdt, _ap.tii, _b0.fnm, _b0.tis, _ar.fdx, _az.prx, _ay.frq, _ar.nrm, _ap.tis, _b0.tii, _b1.fdt, _ay.fnm, _ar.prx, _aq.tii, _ap.fdt, _ao.fdt, _ay.fdt, _ap.fdx, _ay.nrm, _aq.tis, _ao.fdx, _ap.prx, _ap.frq, _ar.frq, _b0.prx, _b0.frq, _ar.fnm, _az.fdx, _ao.nrm, _az.fdt, _ap.nrm, _ay.prx, _ao.prx, _az.tis, _b0.nrm, _as.nrm, _b1.tis, _ao.fnm, _b1.tii, _as.prx, _ao.frq, _az.nrm, _ar.tii, _b1.frq, _aq.prx, _b0.fdt, _aq.fdt, _as.fdt, _aq.nrm, _as.fdx, _b1.fnm, _ay.fdx, _b0.fdx, _as.tis, _ay.tii, _aq.fdx]
Sep 4, 2011 12:03:17 PM org.apache.solr.core.SolrDeletionPolicy updateCommits
INFO: newest commit = 1307824257281
Sep 4, 2011 12:03:17 PM org.apache.solr.update.processor.LogUpdateProcessor finish
INFO: {add=[16320659644e5aab2372133]} 0 11
Sep 4, 2011 12:03:17 PM org.apache.solr.core.SolrCore execute
INFO: [] webapp=/solr path=/update/ params={indent=on&wt=xml&version=2.2} status=0 QTime=11 
Sep 4, 2011 12:03:17 PM org.apache.solr.update.DirectUpdateHandler2 commit
INFO: start commit(optimize=false,waitFlush=true,waitSearcher=true,expungeDeletes=false)
Sep 4, 2011 12:03:17 PM org.apache.solr.core.SolrDeletionPolicy onCommit
INFO: SolrDeletionPolicy.onCommit: commits:num=2
	commit{dir=/apache-tomcat-6.0.32/webapps/solr_site/data/index,segFN=segments_a7,version=1307824257281,generation=367,filenames=[_ao.tis, _aq.frq, _as.frq, _b1.prx, _ap.fnm, _az.fnm, _aq.fnm, _as.fnm, _ao.tii, _az.frq, _ar.tis, _az.tii, _ay.tis, _b1.nrm, segments_a7, _b1.fdx, _as.tii, _ar.fdt, _ap.tii, _b0.fnm, _b0.tis, _ar.fdx, _az.prx, _ay.frq, _ar.nrm, _ap.tis, _b0.tii, _b1.fdt, _ay.fnm, _ar.prx, _aq.tii, _ap.fdt, _ao.fdt, _ay.fdt, _ap.fdx, _ay.nrm, _aq.tis, _ao.fdx, _ap.prx, _ap.frq, _ar.frq, _b0.prx, _b0.frq, _ar.fnm, _az.fdx, _ao.nrm, _az.fdt, _ap.nrm, _ay.prx, _ao.prx, _az.tis, _b0.nrm, _as.nrm, _b1.tis, _ao.fnm, _b1.tii, _as.prx, _ao.frq, _az.nrm, _ar.tii, _b1.frq, _aq.prx, _b0.fdt, _aq.fdt, _as.fdt, _aq.nrm, _as.fdx, _b1.fnm, _ay.fdx, _b0.fdx, _as.tis, _ay.tii, _aq.fdx]
	commit{dir=/apache-tomcat-6.0.32/webapps/solr_site/data/index,segFN=segments_a8,version=1307824257285,generation=368,filenames=[_ao.tis, _aq.frq, _as.frq, _b1.prx, _b2.tii, _ap.fnm, _aq.fnm, _as.fnm, _az.fnm, _b2.tis, _ao.tii, _az.frq, _b2.fdt, _ar.tis, _az.tii, _b1.nrm, _b2.fdx, _b2.prx, segments_a8, _b1.fdx, _as.tii, _ar.fdt, _ap.tii, _b0.fnm, _b0.tis, _ar.fdx, _az.prx, _ar.nrm, _ap.tis, _b0.tii, _b1.fdt, _b2.nrm, _ar.prx, _aq.tii, _ap.fdt, _ao.fdt, _ap.fdx, _aq.tis, _ao.fdx, _ap.prx, _ap.frq, _ar.frq, _b0.prx, _b0.frq, _ar.fnm, _az.fdx, _ao.nrm, _ap.nrm, _az.fdt, _ao.prx, _az.tis, _b0.nrm, _as.nrm, _b1.tis, _ao.fnm, _b1.tii, _b2.frq, _as.prx, _ao.frq, _ar.tii, _az.nrm, _b2.fnm, _b1.frq, _aq.prx, _b0.fdt, _aq.fdt, _as.fdt, _aq.nrm, _as.fdx, _b1.fnm, _b0.fdx, _as.tis, _aq.fdx]
Sep 4, 2011 12:03:17 PM org.apache.solr.core.SolrDeletionPolicy updateCommits
INFO: newest commit = 1307824257285
Sep 4, 2011 12:03:17 PM org.apache.solr.search.SolrIndexSearcher <init>
INFO: Opening Searcher@415b15ab main
Sep 4, 2011 12:03:17 PM org.apache.solr.update.DirectUpdateHandler2 commit
INFO: end_commit_flush
Sep 4, 2011 12:03:17 PM org.apache.solr.search.SolrIndexSearcher warm
INFO: autowarming Searcher@415b15ab main from Searcher@7a856d3b main
	fieldValueCache{lookups=0,hits=0,hitratio=0.00,inserts=0,evictions=0,size=0,warmupTime=0,cumulative_lookups=0,cumulative_hits=0,cumulative_hitratio=0.00,cumulative_inserts=0,cumulative_evictions=0}
Sep 4, 2011 12:03:17 PM org.apache.solr.search.SolrIndexSearcher warm
INFO: autowarming result for Searcher@415b15ab main
	fieldValueCache{lookups=0,hits=0,hitratio=0.00,inserts=0,evictions=0,size=0,warmupTime=0,cumulative_lookups=0,cumulative_hits=0,cumulative_hitratio=0.00,cumulative_inserts=0,cumulative_evictions=0}
Sep 4, 2011 12:03:17 PM org.apache.solr.search.SolrIndexSearcher warm
INFO: autowarming Searcher@415b15ab main from Searcher@7a856d3b main
	filterCache{lookups=0,hits=0,hitratio=0.00,inserts=0,evictions=0,size=0,warmupTime=0,cumulative_lookups=0,cumulative_hits=0,cumulative_hitratio=0.00,cumulative_inserts=0,cumulative_evictions=0}
Sep 4, 2011 12:03:17 PM org.apache.solr.search.SolrIndexSearcher warm
INFO: autowarming result for Searcher@415b15ab main
	filterCache{lookups=0,hits=0,hitratio=0.00,inserts=0,evictions=0,size=0,warmupTime=0,cumulative_lookups=0,cumulative_hits=0,cumulative_hitratio=0.00,cumulative_inserts=0,cumulative_evictions=0}
Sep 4, 2011 12:03:17 PM org.apache.solr.search.SolrIndexSearcher warm
INFO: autowarming Searcher@415b15ab main from Searcher@7a856d3b main
	queryResultCache{lookups=0,hits=0,hitratio=0.00,inserts=0,evictions=0,size=0,warmupTime=0,cumulative_lookups=18,cumulative_hits=6,cumulative_hitratio=0.33,cumulative_inserts=12,cumulative_evictions=0}
Sep 4, 2011 12:03:17 PM org.apache.solr.search.SolrIndexSearcher warm
INFO: autowarming result for Searcher@415b15ab main
	queryResultCache{lookups=0,hits=0,hitratio=0.00,inserts=0,evictions=0,size=0,warmupTime=0,cumulative_lookups=18,cumulative_hits=6,cumulative_hitratio=0.33,cumulative_inserts=12,cumulative_evictions=0}
Sep 4, 2011 12:03:17 PM org.apache.solr.search.SolrIndexSearcher warm
INFO: autowarming Searcher@415b15ab main from Searcher@7a856d3b main
	documentCache{lookups=0,hits=0,hitratio=0.00,inserts=0,evictions=0,size=0,warmupTime=0,cumulative_lookups=704,cumulative_hits=482,cumulative_hitratio=0.68,cumulative_inserts=222,cumulative_evictions=0}
Sep 4, 2011 12:03:17 PM org.apache.solr.search.SolrIndexSearcher warm
INFO: autowarming result for Searcher@415b15ab main
	documentCache{lookups=0,hits=0,hitratio=0.00,inserts=0,evictions=0,size=0,warmupTime=0,cumulative_lookups=704,cumulative_hits=482,cumulative_hitratio=0.68,cumulative_inserts=222,cumulative_evictions=0}
Sep 4, 2011 12:03:17 PM org.apache.solr.core.QuerySenderListener newSearcher
INFO: QuerySenderListener sending requests to Searcher@415b15ab main
Sep 4, 2011 12:03:17 PM org.apache.solr.core.QuerySenderListener newSearcher
INFO: QuerySenderListener done.
Sep 4, 2011 12:03:17 PM org.apache.solr.core.SolrCore registerSearcher
INFO: [] Registered new searcher Searcher@415b15ab main
Sep 4, 2011 12:03:17 PM org.apache.solr.search.SolrIndexSearcher close
INFO: Closing Searcher@7a856d3b main
	fieldValueCache{lookups=0,hits=0,hitratio=0.00,inserts=0,evictions=0,size=0,warmupTime=0,cumulative_lookups=0,cumulative_hits=0,cumulative_hitratio=0.00,cumulative_inserts=0,cumulative_evictions=0}
	filterCache{lookups=0,hits=0,hitratio=0.00,inserts=0,evictions=0,size=0,warmupTime=0,cumulative_lookups=0,cumulative_hits=0,cumulative_hitratio=0.00,cumulative_inserts=0,cumulative_evictions=0}
	queryResultCache{lookups=0,hits=0,hitratio=0.00,inserts=0,evictions=0,size=0,warmupTime=0,cumulative_lookups=18,cumulative_hits=6,cumulative_hitratio=0.33,cumulative_inserts=12,cumulative_evictions=0}
	documentCache{lookups=0,hits=0,hitratio=0.00,inserts=0,evictions=0,size=0,warmupTime=0,cumulative_lookups=704,cumulative_hits=482,cumulative_hitratio=0.68,cumulative_inserts=222,cumulative_evictions=0}
Sep 4, 2011 12:03:17 PM org.apache.solr.update.processor.LogUpdateProcessor finish
INFO: {commit=} 0 63
Sep 4, 2011 12:03:17 PM org.apache.solr.core.SolrCore execute
INFO: [] webapp=/solr path=/update/ params={indent=on&wt=xml&version=2.2} status=0 QTime=63 
Sep 4, 2011 12:03:17 PM org.apache.solr.core.SolrDeletionPolicy onInit
INFO: SolrDeletionPolicy.onInit: commits:num=1
	commit{dir=/apache-tomcat-6.0.32/webapps/solr_site/data/index,segFN=segments_a8,version=1307824257285,generation=368,filenames=[_ao.tis, _aq.frq, _as.frq, _b1.prx, _b2.tii, _ap.fnm, _aq.fnm, _as.fnm, _az.fnm, _b2.tis, _ao.tii, _az.frq, _b2.fdt, _ar.tis, _az.tii, _b1.nrm, _b2.fdx, _b2.prx, segments_a8, _b1.fdx, _as.tii, _ar.fdt, _ap.tii, _b0.fnm, _b0.tis, _ar.fdx, _az.prx, _ar.nrm, _ap.tis, _b0.tii, _b1.fdt, _b2.nrm, _ar.prx, _aq.tii, _ap.fdt, _ao.fdt, _ap.fdx, _aq.tis, _ao.fdx, _ap.prx, _ap.frq, _ar.frq, _b0.prx, _b0.frq, _ar.fnm, _az.fdx, _ao.nrm, _ap.nrm, _az.fdt, _ao.prx, _az.tis, _b0.nrm, _as.nrm, _b1.tis, _ao.fnm, _b1.tii, _b2.frq, _as.prx, _ao.frq, _ar.tii, _az.nrm, _b2.fnm, _b1.frq, _aq.prx, _b0.fdt, _aq.fdt, _as.fdt, _aq.nrm, _as.fdx, _b1.fnm, _b0.fdx, _as.tis, _aq.fdx]
Sep 4, 2011 12:03:17 PM org.apache.solr.core.SolrDeletionPolicy updateCommits
INFO: newest commit = 1307824257285
Sep 4, 2011 12:03:17 PM org.apache.solr.update.processor.LogUpdateProcessor finish
INFO: {add=[18357496004e5ae7d29497f]} 0 9
Sep 4, 2011 12:03:17 PM org.apache.solr.core.SolrCore execute
INFO: [] webapp=/solr path=/update/ params={indent=on&wt=xml&version=2.2} status=0 QTime=9 
Sep 4, 2011 12:03:17 PM org.apache.solr.update.DirectUpdateHandler2 commit
INFO: start commit(optimize=false,waitFlush=true,waitSearcher=true,expungeDeletes=false)
Sep 4, 2011 12:03:17 PM org.apache.solr.core.SolrDeletionPolicy onCommit
INFO: SolrDeletionPolicy.onCommit: commits:num=2
	commit{dir=/apache-tomcat-6.0.32/webapps/solr_site/data/index,segFN=segments_a8,version=1307824257285,generation=368,filenames=[_ao.tis, _aq.frq, _as.frq, _b1.prx, _b2.tii, _ap.fnm, _aq.fnm, _as.fnm, _az.fnm, _b2.tis, _ao.tii, _az.frq, _b2.fdt, _ar.tis, _az.tii, _b1.nrm, _b2.fdx, _b2.prx, segments_a8, _b1.fdx, _as.tii, _ar.fdt, _ap.tii, _b0.fnm, _b0.tis, _ar.fdx, _az.prx, _ar.nrm, _ap.tis, _b0.tii, _b1.fdt, _b2.nrm, _ar.prx, _aq.tii, _ap.fdt, _ao.fdt, _ap.fdx, _aq.tis, _ao.fdx, _ap.prx, _ap.frq, _ar.frq, _b0.prx, _b0.frq, _ar.fnm, _az.fdx, _ao.nrm, _ap.nrm, _az.fdt, _ao.prx, _az.tis, _b0.nrm, _as.nrm, _b1.tis, _ao.fnm, _b1.tii, _b2.frq, _as.prx, _ao.frq, _ar.tii, _az.nrm, _b2.fnm, _b1.frq, _aq.prx, _b0.fdt, _aq.fdt, _as.fdt, _aq.nrm, _as.fdx, _b1.fnm, _b0.fdx, _as.tis, _aq.fdx]
	commit{dir=/apache-tomcat-6.0.32/webapps/solr_site/data/index,segFN=segments_a9,version=1307824257289,generation=369,filenames=[_ao.tis, _aq.frq, _as.frq, _b3.fnm, _b1.prx, _b2.tii, _ap.fnm, _aq.fnm, _as.fnm, _b3.frq, _b2.tis, _ao.tii, _b2.fdt, _ar.tis, _b1.nrm, _b2.fdx, _b2.prx, segments_a9, _b1.fdx, _as.tii, _ar.fdt, _ap.tii, _b0.fnm, _ar.fdx, _b0.tis, _ar.nrm, _ap.tis, _b0.tii, _b1.fdt, _b2.nrm, _ar.prx, _aq.tii, _ap.fdt, _ao.fdt, _ap.fdx, _aq.tis, _ao.fdx, _ap.prx, _b3.prx, _ap.frq, _ar.frq, _b0.prx, _b0.frq, _ar.fnm, _ao.nrm, _ap.nrm, _ao.prx, _b3.tis, _as.nrm, _b0.nrm, _b1.tis, _ao.fnm, _b3.nrm, _b3.fdt, _b1.tii, _b3.tii, _b2.frq, _b3.fdx, _as.prx, _ao.frq, _ar.tii, _b2.fnm, _b1.frq, _aq.prx, _b0.fdt, _aq.fdt, _as.fdt, _aq.nrm, _as.fdx, _b1.fnm, _as.tis, _b0.fdx, _aq.fdx]
Sep 4, 2011 12:03:17 PM org.apache.solr.core.SolrDeletionPolicy updateCommits
INFO: newest commit = 1307824257289
Sep 4, 2011 12:03:17 PM org.apache.solr.search.SolrIndexSearcher <init>
INFO: Opening Searcher@461d318f main
Sep 4, 2011 12:03:17 PM org.apache.solr.update.DirectUpdateHandler2 commit
INFO: end_commit_flush
Sep 4, 2011 12:03:17 PM org.apache.solr.search.SolrIndexSearcher warm
INFO: autowarming Searcher@461d318f main from Searcher@415b15ab main
	fieldValueCache{lookups=0,hits=0,hitratio=0.00,inserts=0,evictions=0,size=0,warmupTime=0,cumulative_lookups=0,cumulative_hits=0,cumulative_hitratio=0.00,cumulative_inserts=0,cumulative_evictions=0}
Sep 4, 2011 12:03:17 PM org.apache.solr.search.SolrIndexSearcher warm
INFO: autowarming result for Searcher@461d318f main
	fieldValueCache{lookups=0,hits=0,hitratio=0.00,inserts=0,evictions=0,size=0,warmupTime=0,cumulative_lookups=0,cumulative_hits=0,cumulative_hitratio=0.00,cumulative_inserts=0,cumulative_evictions=0}
Sep 4, 2011 12:03:17 PM org.apache.solr.search.SolrIndexSearcher warm
INFO: autowarming Searcher@461d318f main from Searcher@415b15ab main
	filterCache{lookups=0,hits=0,hitratio=0.00,inserts=0,evictions=0,size=0,warmupTime=0,cumulative_lookups=0,cumulative_hits=0,cumulative_hitratio=0.00,cumulative_inserts=0,cumulative_evictions=0}
Sep 4, 2011 12:03:17 PM org.apache.solr.search.SolrIndexSearcher warm
INFO: autowarming result for Searcher@461d318f main
	filterCache{lookups=0,hits=0,hitratio=0.00,inserts=0,evictions=0,size=0,warmupTime=0,cumulative_lookups=0,cumulative_hits=0,cumulative_hitratio=0.00,cumulative_inserts=0,cumulative_evictions=0}
Sep 4, 2011 12:03:17 PM org.apache.solr.search.SolrIndexSearcher warm
INFO: autowarming Searcher@461d318f main from Searcher@415b15ab main
	queryResultCache{lookups=0,hits=0,hitratio=0.00,inserts=0,evictions=0,size=0,warmupTime=0,cumulative_lookups=18,cumulative_hits=6,cumulative_hitratio=0.33,cumulative_inserts=12,cumulative_evictions=0}
Sep 4, 2011 12:03:17 PM org.apache.solr.search.SolrIndexSearcher warm
INFO: autowarming result for Searcher@461d318f main
	queryResultCache{lookups=0,hits=0,hitratio=0.00,inserts=0,evictions=0,size=0,warmupTime=0,cumulative_lookups=18,cumulative_hits=6,cumulative_hitratio=0.33,cumulative_inserts=12,cumulative_evictions=0}
Sep 4, 2011 12:03:17 PM org.apache.solr.search.SolrIndexSearcher warm
INFO: autowarming Searcher@461d318f main from Searcher@415b15ab main
	documentCache{lookups=0,hits=0,hitratio=0.00,inserts=0,evictions=0,size=0,warmupTime=0,cumulative_lookups=704,cumulative_hits=482,cumulative_hitratio=0.68,cumulative_inserts=222,cumulative_evictions=0}
Sep 4, 2011 12:03:17 PM org.apache.solr.search.SolrIndexSearcher warm
INFO: autowarming result for Searcher@461d318f main
	documentCache{lookups=0,hits=0,hitratio=0.00,inserts=0,evictions=0,size=0,warmupTime=0,cumulative_lookups=704,cumulative_hits=482,cumulative_hitratio=0.68,cumulative_inserts=222,cumulative_evictions=0}
Sep 4, 2011 12:03:17 PM org.apache.solr.core.QuerySenderListener newSearcher
INFO: QuerySenderListener sending requests to Searcher@461d318f main
Sep 4, 2011 12:03:17 PM org.apache.solr.core.QuerySenderListener newSearcher
INFO: QuerySenderListener done.
Sep 4, 2011 12:03:17 PM org.apache.solr.core.SolrCore registerSearcher
INFO: [] Registered new searcher Searcher@461d318f main
Sep 4, 2011 12:03:17 PM org.apache.solr.search.SolrIndexSearcher close
INFO: Closing Searcher@415b15ab main
	fieldValueCache{lookups=0,hits=0,hitratio=0.00,inserts=0,evictions=0,size=0,warmupTime=0,cumulative_lookups=0,cumulative_hits=0,cumulative_hitratio=0.00,cumulative_inserts=0,cumulative_evictions=0}
	filterCache{lookups=0,hits=0,hitratio=0.00,inserts=0,evictions=0,size=0,warmupTime=0,cumulative_lookups=0,cumulative_hits=0,cumulative_hitratio=0.00,cumulative_inserts=0,cumulative_evictions=0}
	queryResultCache{lookups=0,hits=0,hitratio=0.00,inserts=0,evictions=0,size=0,warmupTime=0,cumulative_lookups=18,cumulative_hits=6,cumulative_hitratio=0.33,cumulative_inserts=12,cumulative_evictions=0}
	documentCache{lookups=0,hits=0,hitratio=0.00,inserts=0,evictions=0,size=0,warmupTime=0,cumulative_lookups=704,cumulative_hits=482,cumulative_hitratio=0.68,cumulative_inserts=222,cumulative_evictions=0}
Sep 4, 2011 12:03:17 PM org.apache.solr.update.processor.LogUpdateProcessor finish
INFO: {commit=} 0 38
Sep 4, 2011 12:03:17 PM org.apache.solr.core.SolrCore execute
INFO: [] webapp=/solr path=/update/ params={indent=on&wt=xml&version=2.2} status=0 QTime=38 
Sep 4, 2011 12:04:38 PM org.apache.solr.core.SolrCore execute
INFO: [] webapp=/solr path=/select/ params={indent=on&start=0&q=chentsen&wt=xml&rows=50&version=2.2} hits=6 status=0 QTime=19 
Sep 4, 2011 1:28:28 PM org.apache.solr.core.SolrDeletionPolicy onInit
INFO: SolrDeletionPolicy.onInit: commits:num=1
	commit{dir=/apache-tomcat-6.0.32/webapps/solr_site/data/index,segFN=segments_a9,version=1307824257289,generation=369,filenames=[_ao.tis, _aq.frq, _as.frq, _b3.fnm, _b1.prx, _b2.tii, _ap.fnm, _aq.fnm, _as.fnm, _b3.frq, _b2.tis, _ao.tii, _b2.fdt, _ar.tis, _b1.nrm, _b2.fdx, _b2.prx, segments_a9, _b1.fdx, _as.tii, _ar.fdt, _ap.tii, _b0.fnm, _ar.fdx, _b0.tis, _ar.nrm, _ap.tis, _b0.tii, _b1.fdt, _b2.nrm, _ar.prx, _aq.tii, _ap.fdt, _ao.fdt, _ap.fdx, _aq.tis, _ao.fdx, _ap.prx, _b3.prx, _ap.frq, _ar.frq, _b0.prx, _b0.frq, _ar.fnm, _ao.nrm, _ap.nrm, _ao.prx, _b3.tis, _as.nrm, _b0.nrm, _b1.tis, _ao.fnm, _b3.nrm, _b3.fdt, _b1.tii, _b3.tii, _b2.frq, _b3.fdx, _as.prx, _ao.frq, _ar.tii, _b2.fnm, _b1.frq, _aq.prx, _b0.fdt, _aq.fdt, _as.fdt, _aq.nrm, _as.fdx, _b1.fnm, _as.tis, _b0.fdx, _aq.fdx]
Sep 4, 2011 1:28:28 PM org.apache.solr.core.SolrDeletionPolicy updateCommits
INFO: newest commit = 1307824257289
Sep 4, 2011 1:28:28 PM org.apache.solr.update.processor.LogUpdateProcessor finish
INFO: {add=[2993653234e63df632b0b2]} 0 77
Sep 4, 2011 1:28:28 PM org.apache.solr.core.SolrCore execute
INFO: [] webapp=/solr path=/update/ params={indent=on&wt=xml&version=2.2} status=0 QTime=77 
Sep 4, 2011 1:28:28 PM org.apache.solr.update.DirectUpdateHandler2 commit
INFO: start commit(optimize=false,waitFlush=true,waitSearcher=true,expungeDeletes=false)
Sep 4, 2011 1:28:28 PM org.apache.solr.core.SolrDeletionPolicy onCommit
INFO: SolrDeletionPolicy.onCommit: commits:num=2
	commit{dir=/apache-tomcat-6.0.32/webapps/solr_site/data/index,segFN=segments_a9,version=1307824257289,generation=369,filenames=[_ao.tis, _aq.frq, _as.frq, _b3.fnm, _b1.prx, _b2.tii, _ap.fnm, _aq.fnm, _as.fnm, _b3.frq, _b2.tis, _ao.tii, _b2.fdt, _ar.tis, _b1.nrm, _b2.fdx, _b2.prx, segments_a9, _b1.fdx, _as.tii, _ar.fdt, _ap.tii, _b0.fnm, _ar.fdx, _b0.tis, _ar.nrm, _ap.tis, _b0.tii, _b1.fdt, _b2.nrm, _ar.prx, _aq.tii, _ap.fdt, _ao.fdt, _ap.fdx, _aq.tis, _ao.fdx, _ap.prx, _b3.prx, _ap.frq, _ar.frq, _b0.prx, _b0.frq, _ar.fnm, _ao.nrm, _ap.nrm, _ao.prx, _b3.tis, _as.nrm, _b0.nrm, _b1.tis, _ao.fnm, _b3.nrm, _b3.fdt, _b1.tii, _b3.tii, _b2.frq, _b3.fdx, _as.prx, _ao.frq, _ar.tii, _b2.fnm, _b1.frq, _aq.prx, _b0.fdt, _aq.fdt, _as.fdt, _aq.nrm, _as.fdx, _b1.fnm, _as.tis, _b0.fdx, _aq.fdx]
	commit{dir=/apache-tomcat-6.0.32/webapps/solr_site/data/index,segFN=segments_aa,version=1307824257293,generation=370,filenames=[_b5.tis, _b5.nrm, _b5.fdt, _b5.fnm, _b5.fdx, _b5.tii, _b5.prx, _b5.frq, segments_aa]
Sep 4, 2011 1:28:28 PM org.apache.solr.core.SolrDeletionPolicy updateCommits
INFO: newest commit = 1307824257293
Sep 4, 2011 1:28:28 PM org.apache.solr.search.SolrIndexSearcher <init>
INFO: Opening Searcher@2872d398 main
Sep 4, 2011 1:28:28 PM org.apache.solr.update.DirectUpdateHandler2 commit
INFO: end_commit_flush
Sep 4, 2011 1:28:28 PM org.apache.solr.search.SolrIndexSearcher warm
INFO: autowarming Searcher@2872d398 main from Searcher@461d318f main
	fieldValueCache{lookups=0,hits=0,hitratio=0.00,inserts=0,evictions=0,size=0,warmupTime=0,cumulative_lookups=0,cumulative_hits=0,cumulative_hitratio=0.00,cumulative_inserts=0,cumulative_evictions=0}
Sep 4, 2011 1:28:28 PM org.apache.solr.search.SolrIndexSearcher warm
INFO: autowarming result for Searcher@2872d398 main
	fieldValueCache{lookups=0,hits=0,hitratio=0.00,inserts=0,evictions=0,size=0,warmupTime=0,cumulative_lookups=0,cumulative_hits=0,cumulative_hitratio=0.00,cumulative_inserts=0,cumulative_evictions=0}
Sep 4, 2011 1:28:28 PM org.apache.solr.search.SolrIndexSearcher warm
INFO: autowarming Searcher@2872d398 main from Searcher@461d318f main
	filterCache{lookups=0,hits=0,hitratio=0.00,inserts=0,evictions=0,size=0,warmupTime=0,cumulative_lookups=0,cumulative_hits=0,cumulative_hitratio=0.00,cumulative_inserts=0,cumulative_evictions=0}
Sep 4, 2011 1:28:28 PM org.apache.solr.search.SolrIndexSearcher warm
INFO: autowarming result for Searcher@2872d398 main
	filterCache{lookups=0,hits=0,hitratio=0.00,inserts=0,evictions=0,size=0,warmupTime=0,cumulative_lookups=0,cumulative_hits=0,cumulative_hitratio=0.00,cumulative_inserts=0,cumulative_evictions=0}
Sep 4, 2011 1:28:28 PM org.apache.solr.search.SolrIndexSearcher warm
INFO: autowarming Searcher@2872d398 main from Searcher@461d318f main
	queryResultCache{lookups=1,hits=0,hitratio=0.00,inserts=1,evictions=0,size=1,warmupTime=0,cumulative_lookups=19,cumulative_hits=6,cumulative_hitratio=0.31,cumulative_inserts=13,cumulative_evictions=0}
Sep 4, 2011 1:28:28 PM org.apache.solr.search.SolrIndexSearcher warm
INFO: autowarming result for Searcher@2872d398 main
	queryResultCache{lookups=0,hits=0,hitratio=0.00,inserts=0,evictions=0,size=0,warmupTime=0,cumulative_lookups=19,cumulative_hits=6,cumulative_hitratio=0.31,cumulative_inserts=13,cumulative_evictions=0}
Sep 4, 2011 1:28:28 PM org.apache.solr.search.SolrIndexSearcher warm
INFO: autowarming Searcher@2872d398 main from Searcher@461d318f main
	documentCache{lookups=12,hits=6,hitratio=0.50,inserts=6,evictions=0,size=6,warmupTime=0,cumulative_lookups=716,cumulative_hits=488,cumulative_hitratio=0.68,cumulative_inserts=228,cumulative_evictions=0}
Sep 4, 2011 1:28:28 PM org.apache.solr.search.SolrIndexSearcher warm
INFO: autowarming result for Searcher@2872d398 main
	documentCache{lookups=0,hits=0,hitratio=0.00,inserts=0,evictions=0,size=0,warmupTime=0,cumulative_lookups=716,cumulative_hits=488,cumulative_hitratio=0.68,cumulative_inserts=228,cumulative_evictions=0}
Sep 4, 2011 1:28:28 PM org.apache.solr.core.QuerySenderListener newSearcher
INFO: QuerySenderListener sending requests to Searcher@2872d398 main
Sep 4, 2011 1:28:28 PM org.apache.solr.core.QuerySenderListener newSearcher
INFO: QuerySenderListener done.
Sep 4, 2011 1:28:28 PM org.apache.solr.core.SolrCore registerSearcher
INFO: [] Registered new searcher Searcher@2872d398 main
Sep 4, 2011 1:28:28 PM org.apache.solr.search.SolrIndexSearcher close
INFO: Closing Searcher@461d318f main
	fieldValueCache{lookups=0,hits=0,hitratio=0.00,inserts=0,evictions=0,size=0,warmupTime=0,cumulative_lookups=0,cumulative_hits=0,cumulative_hitratio=0.00,cumulative_inserts=0,cumulative_evictions=0}
	filterCache{lookups=0,hits=0,hitratio=0.00,inserts=0,evictions=0,size=0,warmupTime=0,cumulative_lookups=0,cumulative_hits=0,cumulative_hitratio=0.00,cumulative_inserts=0,cumulative_evictions=0}
	queryResultCache{lookups=1,hits=0,hitratio=0.00,inserts=1,evictions=0,size=1,warmupTime=0,cumulative_lookups=19,cumulative_hits=6,cumulative_hitratio=0.31,cumulative_inserts=13,cumulative_evictions=0}
	documentCache{lookups=12,hits=6,hitratio=0.50,inserts=6,evictions=0,size=6,warmupTime=0,cumulative_lookups=716,cumulative_hits=488,cumulative_hitratio=0.68,cumulative_inserts=228,cumulative_evictions=0}
Sep 4, 2011 1:28:28 PM org.apache.solr.update.processor.LogUpdateProcessor finish
INFO: {commit=} 0 260
Sep 4, 2011 1:28:28 PM org.apache.solr.core.SolrCore execute
INFO: [] webapp=/solr path=/update/ params={indent=on&wt=xml&version=2.2} status=0 QTime=260 
Sep 4, 2011 1:28:58 PM org.apache.solr.core.SolrDeletionPolicy onInit
INFO: SolrDeletionPolicy.onInit: commits:num=1
	commit{dir=/apache-tomcat-6.0.32/webapps/solr_site/data/index,segFN=segments_aa,version=1307824257293,generation=370,filenames=[_b5.tis, _b5.nrm, _b5.fdt, _b5.fnm, _b5.fdx, _b5.tii, _b5.prx, _b5.frq, segments_aa]
Sep 4, 2011 1:28:58 PM org.apache.solr.core.SolrDeletionPolicy updateCommits
INFO: newest commit = 1307824257293
Sep 4, 2011 1:28:58 PM org.apache.solr.update.processor.LogUpdateProcessor finish
INFO: {add=[19026291404e63df8144cff]} 0 6
Sep 4, 2011 1:28:58 PM org.apache.solr.core.SolrCore execute
INFO: [] webapp=/solr path=/update/ params={indent=on&wt=xml&version=2.2} status=0 QTime=6 
Sep 4, 2011 1:28:58 PM org.apache.solr.update.DirectUpdateHandler2 commit
INFO: start commit(optimize=false,waitFlush=true,waitSearcher=true,expungeDeletes=false)
Sep 4, 2011 1:28:58 PM org.apache.solr.core.SolrDeletionPolicy onCommit
INFO: SolrDeletionPolicy.onCommit: commits:num=2
	commit{dir=/apache-tomcat-6.0.32/webapps/solr_site/data/index,segFN=segments_aa,version=1307824257293,generation=370,filenames=[_b5.tis, _b5.nrm, _b5.fdt, _b5.fnm, _b5.fdx, _b5.tii, _b5.prx, _b5.frq, segments_aa]
	commit{dir=/apache-tomcat-6.0.32/webapps/solr_site/data/index,segFN=segments_ab,version=1307824257295,generation=371,filenames=[_b5.nrm, _b6.tis, segments_ab, _b5.fdt, _b6.frq, _b5.fdx, _b5.fnm, _b5.tii, _b5.prx, _b6.nrm, _b5.frq, _b5.tis, _b6.fdx, _b6.prx, _b6.fdt, _b6.tii, _b6.fnm]
Sep 4, 2011 1:28:58 PM org.apache.solr.core.SolrDeletionPolicy updateCommits
INFO: newest commit = 1307824257295
Sep 4, 2011 1:28:58 PM org.apache.solr.search.SolrIndexSearcher <init>
INFO: Opening Searcher@37d7a424 main
Sep 4, 2011 1:28:58 PM org.apache.solr.update.DirectUpdateHandler2 commit
INFO: end_commit_flush
Sep 4, 2011 1:28:58 PM org.apache.solr.search.SolrIndexSearcher warm
INFO: autowarming Searcher@37d7a424 main from Searcher@2872d398 main
	fieldValueCache{lookups=0,hits=0,hitratio=0.00,inserts=0,evictions=0,size=0,warmupTime=0,cumulative_lookups=0,cumulative_hits=0,cumulative_hitratio=0.00,cumulative_inserts=0,cumulative_evictions=0}
Sep 4, 2011 1:28:58 PM org.apache.solr.search.SolrIndexSearcher warm
INFO: autowarming result for Searcher@37d7a424 main
	fieldValueCache{lookups=0,hits=0,hitratio=0.00,inserts=0,evictions=0,size=0,warmupTime=0,cumulative_lookups=0,cumulative_hits=0,cumulative_hitratio=0.00,cumulative_inserts=0,cumulative_evictions=0}
Sep 4, 2011 1:28:58 PM org.apache.solr.search.SolrIndexSearcher warm
INFO: autowarming Searcher@37d7a424 main from Searcher@2872d398 main
	filterCache{lookups=0,hits=0,hitratio=0.00,inserts=0,evictions=0,size=0,warmupTime=0,cumulative_lookups=0,cumulative_hits=0,cumulative_hitratio=0.00,cumulative_inserts=0,cumulative_evictions=0}
Sep 4, 2011 1:28:58 PM org.apache.solr.search.SolrIndexSearcher warm
INFO: autowarming result for Searcher@37d7a424 main
	filterCache{lookups=0,hits=0,hitratio=0.00,inserts=0,evictions=0,size=0,warmupTime=0,cumulative_lookups=0,cumulative_hits=0,cumulative_hitratio=0.00,cumulative_inserts=0,cumulative_evictions=0}
Sep 4, 2011 1:28:58 PM org.apache.solr.search.SolrIndexSearcher warm
INFO: autowarming Searcher@37d7a424 main from Searcher@2872d398 main
	queryResultCache{lookups=0,hits=0,hitratio=0.00,inserts=0,evictions=0,size=0,warmupTime=0,cumulative_lookups=19,cumulative_hits=6,cumulative_hitratio=0.31,cumulative_inserts=13,cumulative_evictions=0}
Sep 4, 2011 1:28:58 PM org.apache.solr.search.SolrIndexSearcher warm
INFO: autowarming result for Searcher@37d7a424 main
	queryResultCache{lookups=0,hits=0,hitratio=0.00,inserts=0,evictions=0,size=0,warmupTime=0,cumulative_lookups=19,cumulative_hits=6,cumulative_hitratio=0.31,cumulative_inserts=13,cumulative_evictions=0}
Sep 4, 2011 1:28:58 PM org.apache.solr.search.SolrIndexSearcher warm
INFO: autowarming Searcher@37d7a424 main from Searcher@2872d398 main
	documentCache{lookups=0,hits=0,hitratio=0.00,inserts=0,evictions=0,size=0,warmupTime=0,cumulative_lookups=716,cumulative_hits=488,cumulative_hitratio=0.68,cumulative_inserts=228,cumulative_evictions=0}
Sep 4, 2011 1:28:58 PM org.apache.solr.search.SolrIndexSearcher warm
INFO: autowarming result for Searcher@37d7a424 main
	documentCache{lookups=0,hits=0,hitratio=0.00,inserts=0,evictions=0,size=0,warmupTime=0,cumulative_lookups=716,cumulative_hits=488,cumulative_hitratio=0.68,cumulative_inserts=228,cumulative_evictions=0}
Sep 4, 2011 1:28:58 PM org.apache.solr.core.QuerySenderListener newSearcher
INFO: QuerySenderListener sending requests to Searcher@37d7a424 main
Sep 4, 2011 1:28:58 PM org.apache.solr.core.QuerySenderListener newSearcher
INFO: QuerySenderListener done.
Sep 4, 2011 1:28:58 PM org.apache.solr.core.SolrCore registerSearcher
INFO: [] Registered new searcher Searcher@37d7a424 main
Sep 4, 2011 1:28:58 PM org.apache.solr.search.SolrIndexSearcher close
INFO: Closing Searcher@2872d398 main
	fieldValueCache{lookups=0,hits=0,hitratio=0.00,inserts=0,evictions=0,size=0,warmupTime=0,cumulative_lookups=0,cumulative_hits=0,cumulative_hitratio=0.00,cumulative_inserts=0,cumulative_evictions=0}
	filterCache{lookups=0,hits=0,hitratio=0.00,inserts=0,evictions=0,size=0,warmupTime=0,cumulative_lookups=0,cumulative_hits=0,cumulative_hitratio=0.00,cumulative_inserts=0,cumulative_evictions=0}
	queryResultCache{lookups=0,hits=0,hitratio=0.00,inserts=0,evictions=0,size=0,warmupTime=0,cumulative_lookups=19,cumulative_hits=6,cumulative_hitratio=0.31,cumulative_inserts=13,cumulative_evictions=0}
	documentCache{lookups=0,hits=0,hitratio=0.00,inserts=0,evictions=0,size=0,warmupTime=0,cumulative_lookups=716,cumulative_hits=488,cumulative_hitratio=0.68,cumulative_inserts=228,cumulative_evictions=0}
Sep 4, 2011 1:28:58 PM org.apache.solr.update.processor.LogUpdateProcessor finish
INFO: {commit=} 0 15
Sep 4, 2011 1:28:58 PM org.apache.solr.core.SolrCore execute
INFO: [] webapp=/solr path=/update/ params={indent=on&wt=xml&version=2.2} status=0 QTime=15 
Sep 4, 2011 1:29:08 PM org.apache.solr.core.SolrDeletionPolicy onInit
INFO: SolrDeletionPolicy.onInit: commits:num=1
	commit{dir=/apache-tomcat-6.0.32/webapps/solr_site/data/index,segFN=segments_ab,version=1307824257295,generation=371,filenames=[_b5.nrm, _b6.tis, segments_ab, _b5.fdt, _b6.frq, _b5.fdx, _b5.fnm, _b5.tii, _b5.prx, _b6.nrm, _b5.frq, _b5.tis, _b6.fdx, _b6.prx, _b6.fdt, _b6.tii, _b6.fnm]
Sep 4, 2011 1:29:08 PM org.apache.solr.core.SolrDeletionPolicy updateCommits
INFO: newest commit = 1307824257295
Sep 4, 2011 1:29:08 PM org.apache.solr.update.processor.LogUpdateProcessor finish
INFO: {add=[13796035734e63df8ecf43c]} 0 6
Sep 4, 2011 1:29:08 PM org.apache.solr.core.SolrCore execute
INFO: [] webapp=/solr path=/update/ params={indent=on&wt=xml&version=2.2} status=0 QTime=6 
Sep 4, 2011 1:29:08 PM org.apache.solr.update.DirectUpdateHandler2 commit
INFO: start commit(optimize=false,waitFlush=true,waitSearcher=true,expungeDeletes=false)
Sep 4, 2011 1:29:08 PM org.apache.solr.core.SolrDeletionPolicy onCommit
INFO: SolrDeletionPolicy.onCommit: commits:num=2
	commit{dir=/apache-tomcat-6.0.32/webapps/solr_site/data/index,segFN=segments_ab,version=1307824257295,generation=371,filenames=[_b5.nrm, _b6.tis, segments_ab, _b5.fdt, _b6.frq, _b5.fdx, _b5.fnm, _b5.tii, _b5.prx, _b6.nrm, _b5.frq, _b5.tis, _b6.fdx, _b6.prx, _b6.fdt, _b6.tii, _b6.fnm]
	commit{dir=/apache-tomcat-6.0.32/webapps/solr_site/data/index,segFN=segments_ac,version=1307824257297,generation=372,filenames=[_b5.nrm, _b6.frq, _b5.tii, _b7.fdt, _b7.nrm, _b6.tii, _b7.tii, _b6.fnm, _b6.tis, _b5.fdt, segments_ac, _b5.fnm, _b5.fdx, _b7.tis, _b7.fdx, _b5.prx, _b6.nrm, _b5.frq, _b5.tis, _b6.prx, _b6.fdx, _b7.frq, _b6.fdt, _b7.prx, _b7.fnm]
Sep 4, 2011 1:29:08 PM org.apache.solr.core.SolrDeletionPolicy updateCommits
INFO: newest commit = 1307824257297
Sep 4, 2011 1:29:08 PM org.apache.solr.search.SolrIndexSearcher <init>
INFO: Opening Searcher@2e027538 main
Sep 4, 2011 1:29:08 PM org.apache.solr.update.DirectUpdateHandler2 commit
INFO: end_commit_flush
Sep 4, 2011 1:29:08 PM org.apache.solr.search.SolrIndexSearcher warm
INFO: autowarming Searcher@2e027538 main from Searcher@37d7a424 main
	fieldValueCache{lookups=0,hits=0,hitratio=0.00,inserts=0,evictions=0,size=0,warmupTime=0,cumulative_lookups=0,cumulative_hits=0,cumulative_hitratio=0.00,cumulative_inserts=0,cumulative_evictions=0}
Sep 4, 2011 1:29:08 PM org.apache.solr.search.SolrIndexSearcher warm
INFO: autowarming result for Searcher@2e027538 main
	fieldValueCache{lookups=0,hits=0,hitratio=0.00,inserts=0,evictions=0,size=0,warmupTime=0,cumulative_lookups=0,cumulative_hits=0,cumulative_hitratio=0.00,cumulative_inserts=0,cumulative_evictions=0}
Sep 4, 2011 1:29:08 PM org.apache.solr.search.SolrIndexSearcher warm
INFO: autowarming Searcher@2e027538 main from Searcher@37d7a424 main
	filterCache{lookups=0,hits=0,hitratio=0.00,inserts=0,evictions=0,size=0,warmupTime=0,cumulative_lookups=0,cumulative_hits=0,cumulative_hitratio=0.00,cumulative_inserts=0,cumulative_evictions=0}
Sep 4, 2011 1:29:08 PM org.apache.solr.search.SolrIndexSearcher warm
INFO: autowarming result for Searcher@2e027538 main
	filterCache{lookups=0,hits=0,hitratio=0.00,inserts=0,evictions=0,size=0,warmupTime=0,cumulative_lookups=0,cumulative_hits=0,cumulative_hitratio=0.00,cumulative_inserts=0,cumulative_evictions=0}
Sep 4, 2011 1:29:08 PM org.apache.solr.search.SolrIndexSearcher warm
INFO: autowarming Searcher@2e027538 main from Searcher@37d7a424 main
	queryResultCache{lookups=0,hits=0,hitratio=0.00,inserts=0,evictions=0,size=0,warmupTime=0,cumulative_lookups=19,cumulative_hits=6,cumulative_hitratio=0.31,cumulative_inserts=13,cumulative_evictions=0}
Sep 4, 2011 1:29:08 PM org.apache.solr.search.SolrIndexSearcher warm
INFO: autowarming result for Searcher@2e027538 main
	queryResultCache{lookups=0,hits=0,hitratio=0.00,inserts=0,evictions=0,size=0,warmupTime=0,cumulative_lookups=19,cumulative_hits=6,cumulative_hitratio=0.31,cumulative_inserts=13,cumulative_evictions=0}
Sep 4, 2011 1:29:08 PM org.apache.solr.search.SolrIndexSearcher warm
INFO: autowarming Searcher@2e027538 main from Searcher@37d7a424 main
	documentCache{lookups=0,hits=0,hitratio=0.00,inserts=0,evictions=0,size=0,warmupTime=0,cumulative_lookups=716,cumulative_hits=488,cumulative_hitratio=0.68,cumulative_inserts=228,cumulative_evictions=0}
Sep 4, 2011 1:29:08 PM org.apache.solr.search.SolrIndexSearcher warm
INFO: autowarming result for Searcher@2e027538 main
	documentCache{lookups=0,hits=0,hitratio=0.00,inserts=0,evictions=0,size=0,warmupTime=0,cumulative_lookups=716,cumulative_hits=488,cumulative_hitratio=0.68,cumulative_inserts=228,cumulative_evictions=0}
Sep 4, 2011 1:29:08 PM org.apache.solr.core.QuerySenderListener newSearcher
INFO: QuerySenderListener sending requests to Searcher@2e027538 main
Sep 4, 2011 1:29:08 PM org.apache.solr.core.QuerySenderListener newSearcher
INFO: QuerySenderListener done.
Sep 4, 2011 1:29:08 PM org.apache.solr.core.SolrCore registerSearcher
INFO: [] Registered new searcher Searcher@2e027538 main
Sep 4, 2011 1:29:08 PM org.apache.solr.search.SolrIndexSearcher close
INFO: Closing Searcher@37d7a424 main
	fieldValueCache{lookups=0,hits=0,hitratio=0.00,inserts=0,evictions=0,size=0,warmupTime=0,cumulative_lookups=0,cumulative_hits=0,cumulative_hitratio=0.00,cumulative_inserts=0,cumulative_evictions=0}
	filterCache{lookups=0,hits=0,hitratio=0.00,inserts=0,evictions=0,size=0,warmupTime=0,cumulative_lookups=0,cumulative_hits=0,cumulative_hitratio=0.00,cumulative_inserts=0,cumulative_evictions=0}
	queryResultCache{lookups=0,hits=0,hitratio=0.00,inserts=0,evictions=0,size=0,warmupTime=0,cumulative_lookups=19,cumulative_hits=6,cumulative_hitratio=0.31,cumulative_inserts=13,cumulative_evictions=0}
	documentCache{lookups=0,hits=0,hitratio=0.00,inserts=0,evictions=0,size=0,warmupTime=0,cumulative_lookups=716,cumulative_hits=488,cumulative_hitratio=0.68,cumulative_inserts=228,cumulative_evictions=0}
Sep 4, 2011 1:29:08 PM org.apache.solr.update.processor.LogUpdateProcessor finish
INFO: {commit=} 0 14
Sep 4, 2011 1:29:08 PM org.apache.solr.core.SolrCore execute
INFO: [] webapp=/solr path=/update/ params={indent=on&wt=xml&version=2.2} status=0 QTime=14 
Sep 4, 2011 1:29:48 PM org.apache.solr.core.SolrDeletionPolicy onInit
INFO: SolrDeletionPolicy.onInit: commits:num=1
	commit{dir=/apache-tomcat-6.0.32/webapps/solr_site/data/index,segFN=segments_ac,version=1307824257297,generation=372,filenames=[_b5.nrm, _b6.frq, _b5.tii, _b7.fdt, _b7.nrm, _b6.tii, _b7.tii, _b6.fnm, _b6.tis, _b5.fdt, segments_ac, _b5.fnm, _b5.fdx, _b7.tis, _b7.fdx, _b5.prx, _b6.nrm, _b5.frq, _b5.tis, _b6.prx, _b6.fdx, _b7.frq, _b6.fdt, _b7.prx, _b7.fnm]
Sep 4, 2011 1:29:48 PM org.apache.solr.core.SolrDeletionPolicy updateCommits
INFO: newest commit = 1307824257297
Sep 4, 2011 1:29:48 PM org.apache.solr.update.processor.LogUpdateProcessor finish
INFO: {add=[17900195044e63dfba99724]} 0 6
Sep 4, 2011 1:29:48 PM org.apache.solr.core.SolrCore execute
INFO: [] webapp=/solr path=/update/ params={indent=on&wt=xml&version=2.2} status=0 QTime=6 
Sep 4, 2011 1:29:48 PM org.apache.solr.update.DirectUpdateHandler2 commit
INFO: start commit(optimize=false,waitFlush=true,waitSearcher=true,expungeDeletes=false)
Sep 4, 2011 1:29:48 PM org.apache.solr.core.SolrDeletionPolicy onCommit
INFO: SolrDeletionPolicy.onCommit: commits:num=2
	commit{dir=/apache-tomcat-6.0.32/webapps/solr_site/data/index,segFN=segments_ac,version=1307824257297,generation=372,filenames=[_b5.nrm, _b6.frq, _b5.tii, _b7.fdt, _b7.nrm, _b6.tii, _b7.tii, _b6.fnm, _b6.tis, _b5.fdt, segments_ac, _b5.fnm, _b5.fdx, _b7.tis, _b7.fdx, _b5.prx, _b6.nrm, _b5.frq, _b5.tis, _b6.prx, _b6.fdx, _b7.frq, _b6.fdt, _b7.prx, _b7.fnm]
	commit{dir=/apache-tomcat-6.0.32/webapps/solr_site/data/index,segFN=segments_ad,version=1307824257299,generation=373,filenames=[_b5.nrm, _b6.frq, _b8.prx, _b5.tii, _b8.tis, _b7.fdt, _b8.fdx, _b7.nrm, _b8.frq, _b6.tii, _b7.tii, _b6.fnm, _b6.tis, segments_ad, _b5.fdt, _b5.fnm, _b5.fdx, _b7.tis, _b8.fdt, _b8.nrm, _b7.fdx, _b5.prx, _b6.nrm, _b8.fnm, _b5.frq, _b5.tis, _b8.tii, _b6.prx, _b6.fdx, _b7.frq, _b6.fdt, _b7.prx, _b7.fnm]
Sep 4, 2011 1:29:48 PM org.apache.solr.core.SolrDeletionPolicy updateCommits
INFO: newest commit = 1307824257299
Sep 4, 2011 1:29:48 PM org.apache.solr.search.SolrIndexSearcher <init>
INFO: Opening Searcher@9866417 main
Sep 4, 2011 1:29:48 PM org.apache.solr.update.DirectUpdateHandler2 commit
INFO: end_commit_flush
Sep 4, 2011 1:29:48 PM org.apache.solr.search.SolrIndexSearcher warm
INFO: autowarming Searcher@9866417 main from Searcher@2e027538 main
	fieldValueCache{lookups=0,hits=0,hitratio=0.00,inserts=0,evictions=0,size=0,warmupTime=0,cumulative_lookups=0,cumulative_hits=0,cumulative_hitratio=0.00,cumulative_inserts=0,cumulative_evictions=0}
Sep 4, 2011 1:29:48 PM org.apache.solr.search.SolrIndexSearcher warm
INFO: autowarming result for Searcher@9866417 main
	fieldValueCache{lookups=0,hits=0,hitratio=0.00,inserts=0,evictions=0,size=0,warmupTime=0,cumulative_lookups=0,cumulative_hits=0,cumulative_hitratio=0.00,cumulative_inserts=0,cumulative_evictions=0}
Sep 4, 2011 1:29:48 PM org.apache.solr.search.SolrIndexSearcher warm
INFO: autowarming Searcher@9866417 main from Searcher@2e027538 main
	filterCache{lookups=0,hits=0,hitratio=0.00,inserts=0,evictions=0,size=0,warmupTime=0,cumulative_lookups=0,cumulative_hits=0,cumulative_hitratio=0.00,cumulative_inserts=0,cumulative_evictions=0}
Sep 4, 2011 1:29:48 PM org.apache.solr.search.SolrIndexSearcher warm
INFO: autowarming result for Searcher@9866417 main
	filterCache{lookups=0,hits=0,hitratio=0.00,inserts=0,evictions=0,size=0,warmupTime=0,cumulative_lookups=0,cumulative_hits=0,cumulative_hitratio=0.00,cumulative_inserts=0,cumulative_evictions=0}
Sep 4, 2011 1:29:48 PM org.apache.solr.search.SolrIndexSearcher warm
INFO: autowarming Searcher@9866417 main from Searcher@2e027538 main
	queryResultCache{lookups=0,hits=0,hitratio=0.00,inserts=0,evictions=0,size=0,warmupTime=0,cumulative_lookups=19,cumulative_hits=6,cumulative_hitratio=0.31,cumulative_inserts=13,cumulative_evictions=0}
Sep 4, 2011 1:29:48 PM org.apache.solr.search.SolrIndexSearcher warm
INFO: autowarming result for Searcher@9866417 main
	queryResultCache{lookups=0,hits=0,hitratio=0.00,inserts=0,evictions=0,size=0,warmupTime=0,cumulative_lookups=19,cumulative_hits=6,cumulative_hitratio=0.31,cumulative_inserts=13,cumulative_evictions=0}
Sep 4, 2011 1:29:48 PM org.apache.solr.search.SolrIndexSearcher warm
INFO: autowarming Searcher@9866417 main from Searcher@2e027538 main
	documentCache{lookups=0,hits=0,hitratio=0.00,inserts=0,evictions=0,size=0,warmupTime=0,cumulative_lookups=716,cumulative_hits=488,cumulative_hitratio=0.68,cumulative_inserts=228,cumulative_evictions=0}
Sep 4, 2011 1:29:48 PM org.apache.solr.search.SolrIndexSearcher warm
INFO: autowarming result for Searcher@9866417 main
	documentCache{lookups=0,hits=0,hitratio=0.00,inserts=0,evictions=0,size=0,warmupTime=0,cumulative_lookups=716,cumulative_hits=488,cumulative_hitratio=0.68,cumulative_inserts=228,cumulative_evictions=0}
Sep 4, 2011 1:29:48 PM org.apache.solr.core.QuerySenderListener newSearcher
INFO: QuerySenderListener sending requests to Searcher@9866417 main
Sep 4, 2011 1:29:48 PM org.apache.solr.core.QuerySenderListener newSearcher
INFO: QuerySenderListener done.
Sep 4, 2011 1:29:48 PM org.apache.solr.core.SolrCore registerSearcher
INFO: [] Registered new searcher Searcher@9866417 main
Sep 4, 2011 1:29:48 PM org.apache.solr.search.SolrIndexSearcher close
INFO: Closing Searcher@2e027538 main
	fieldValueCache{lookups=0,hits=0,hitratio=0.00,inserts=0,evictions=0,size=0,warmupTime=0,cumulative_lookups=0,cumulative_hits=0,cumulative_hitratio=0.00,cumulative_inserts=0,cumulative_evictions=0}
	filterCache{lookups=0,hits=0,hitratio=0.00,inserts=0,evictions=0,size=0,warmupTime=0,cumulative_lookups=0,cumulative_hits=0,cumulative_hitratio=0.00,cumulative_inserts=0,cumulative_evictions=0}
	queryResultCache{lookups=0,hits=0,hitratio=0.00,inserts=0,evictions=0,size=0,warmupTime=0,cumulative_lookups=19,cumulative_hits=6,cumulative_hitratio=0.31,cumulative_inserts=13,cumulative_evictions=0}
	documentCache{lookups=0,hits=0,hitratio=0.00,inserts=0,evictions=0,size=0,warmupTime=0,cumulative_lookups=716,cumulative_hits=488,cumulative_hitratio=0.68,cumulative_inserts=228,cumulative_evictions=0}
Sep 4, 2011 1:29:48 PM org.apache.solr.update.processor.LogUpdateProcessor finish
INFO: {commit=} 0 15
Sep 4, 2011 1:29:48 PM org.apache.solr.core.SolrCore execute
INFO: [] webapp=/solr path=/update/ params={indent=on&wt=xml&version=2.2} status=0 QTime=15 
